Using pre-set license
Built from '2022.3/staging' branch; Version is '2022.3.17f1 (4fc78088f837) revision 5228416'; Using compiler version '192829333'; Build Type 'Release'
OS: 'Windows 10  (10.0.19045) 64bit ProfessionalWorkstation' Language: 'es' Physical Memory: 16087 MB
BatchMode: 1, IsHumanControllingUs: 0, StartBugReporterOnCrash: 0, Is64bit: 1, IsPro: 1

COMMAND LINE ARGUMENTS:
C:\Program Files\Unity\Hub\Editor\2022.3.17f1\Editor\Unity.exe
-adb2
-batchMode
-noUpm
-name
AssetImportWorker10
-projectPath
C:/Users/Usuario/Documents/GitHub/DAM_UF2_Proyecto/UF2_Proyecto
-logFile
Logs/AssetImportWorker10.log
-srvPort
51342
Successfully changed project path to: C:/Users/Usuario/Documents/GitHub/DAM_UF2_Proyecto/UF2_Proyecto
C:/Users/Usuario/Documents/GitHub/DAM_UF2_Proyecto/UF2_Proyecto
[UnityMemory] Configuration Parameters - Can be set up in boot.config
    "memorysetup-bucket-allocator-granularity=16"
    "memorysetup-bucket-allocator-bucket-count=8"
    "memorysetup-bucket-allocator-block-size=33554432"
    "memorysetup-bucket-allocator-block-count=8"
    "memorysetup-main-allocator-block-size=16777216"
    "memorysetup-thread-allocator-block-size=16777216"
    "memorysetup-gfx-main-allocator-block-size=16777216"
    "memorysetup-gfx-thread-allocator-block-size=16777216"
    "memorysetup-cache-allocator-block-size=4194304"
    "memorysetup-typetree-allocator-block-size=2097152"
    "memorysetup-profiler-bucket-allocator-granularity=16"
    "memorysetup-profiler-bucket-allocator-bucket-count=8"
    "memorysetup-profiler-bucket-allocator-block-size=33554432"
    "memorysetup-profiler-bucket-allocator-block-count=8"
    "memorysetup-profiler-allocator-block-size=16777216"
    "memorysetup-profiler-editor-allocator-block-size=1048576"
    "memorysetup-temp-allocator-size-main=16777216"
    "memorysetup-job-temp-allocator-block-size=2097152"
    "memorysetup-job-temp-allocator-block-size-background=1048576"
    "memorysetup-job-temp-allocator-reduction-small-platforms=262144"
    "memorysetup-allocator-temp-initial-block-size-main=262144"
    "memorysetup-allocator-temp-initial-block-size-worker=262144"
    "memorysetup-temp-allocator-size-background-worker=32768"
    "memorysetup-temp-allocator-size-job-worker=262144"
    "memorysetup-temp-allocator-size-preload-manager=33554432"
    "memorysetup-temp-allocator-size-nav-mesh-worker=65536"
    "memorysetup-temp-allocator-size-audio-worker=65536"
    "memorysetup-temp-allocator-size-cloud-worker=32768"
    "memorysetup-temp-allocator-size-gi-baking-worker=262144"
    "memorysetup-temp-allocator-size-gfx=262144"
Player connection [46588] Host "[IP] 192.168.1.131 [Port] 0 [Flags] 2 [Guid] 341902456 [EditorId] 341902456 [Version] 1048832 [Id] WindowsEditor(7,DESKTOP-3P4O3T5) [Debug] 1 [PackageName] WindowsEditor [ProjectName] Editor" joined multi-casting on [225.0.0.222:54997]...

Player connection [46588] Host "[IP] 192.168.1.131 [Port] 0 [Flags] 2 [Guid] 341902456 [EditorId] 341902456 [Version] 1048832 [Id] WindowsEditor(7,DESKTOP-3P4O3T5) [Debug] 1 [PackageName] WindowsEditor [ProjectName] Editor" joined alternative multi-casting on [225.0.0.222:34997]...

[Physics::Module] Initialized MultithreadedJobDispatcher with 11 workers.
Refreshing native plugins compatible for Editor in 23.55 ms, found 4 plugins.
Preloading 0 native plugins for Editor in 0.00 ms.
Initialize engine version: 2022.3.17f1 (4fc78088f837)
[Subsystems] Discovering subsystems at path C:/Program Files/Unity/Hub/Editor/2022.3.17f1/Editor/Data/Resources/UnitySubsystems
[Subsystems] Discovering subsystems at path C:/Users/Usuario/Documents/GitHub/DAM_UF2_Proyecto/UF2_Proyecto/Assets
GfxDevice: creating device client; threaded=0; jobified=0
Direct3D:
    Version:  Direct3D 11.0 [level 11.1]
    Renderer: Intel(R) Iris(R) Xe Graphics (ID=0xa7a1)
    Vendor:   Intel
    VRAM:     8043 MB
    Driver:   31.0.101.4314
Initialize mono
Mono path[0] = 'C:/Program Files/Unity/Hub/Editor/2022.3.17f1/Editor/Data/Managed'
Mono path[1] = 'C:/Program Files/Unity/Hub/Editor/2022.3.17f1/Editor/Data/MonoBleedingEdge/lib/mono/unityjit-win32'
Mono config path = 'C:/Program Files/Unity/Hub/Editor/2022.3.17f1/Editor/Data/MonoBleedingEdge/etc'
Using monoOptions --debugger-agent=transport=dt_socket,embedding=1,server=y,suspend=n,address=127.0.0.1:56476
Begin MonoManager ReloadAssembly
Registering precompiled unity dll's ...
Register platform support module: C:/Program Files/Unity/Hub/Editor/2022.3.17f1/Editor/Data/PlaybackEngines/WindowsStandaloneSupport/UnityEditor.WindowsStandalone.Extensions.dll
Registered in 0.013593 seconds.
- Loaded All Assemblies, in  0.560 seconds
Native extension for WindowsStandalone target not found
Mono: successfully reloaded assembly
- Finished resetting the current domain, in  0.548 seconds
Domain Reload Profiling: 1107ms
	BeginReloadAssembly (197ms)
		ExecutionOrderSort (0ms)
		DisableScriptedObjects (0ms)
		BackupInstance (0ms)
		ReleaseScriptingObjects (0ms)
		CreateAndSetChildDomain (1ms)
	RebuildCommonClasses (49ms)
	RebuildNativeTypeToScriptingClass (14ms)
	initialDomainReloadingComplete (98ms)
	LoadAllAssembliesAndSetupDomain (200ms)
		LoadAssemblies (193ms)
		RebuildTransferFunctionScriptingTraits (0ms)
		AnalyzeDomain (198ms)
			TypeCache.Refresh (195ms)
				TypeCache.ScanAssembly (173ms)
			ScanForSourceGeneratedMonoScriptInfo (1ms)
			ResolveRequiredComponents (1ms)
	FinalizeReload (549ms)
		ReleaseScriptCaches (0ms)
		RebuildScriptCaches (0ms)
		SetupLoadedEditorAssemblies (430ms)
			LogAssemblyErrors (0ms)
			InitializePlatformSupportModulesInManaged (72ms)
			SetLoadedEditorAssemblies (11ms)
			RefreshPlugins (0ms)
			BeforeProcessingInitializeOnLoad (4ms)
			ProcessInitializeOnLoadAttributes (263ms)
			ProcessInitializeOnLoadMethodAttributes (80ms)
			AfterProcessingInitializeOnLoad (0ms)
			EditorAssembliesLoaded (0ms)
		ExecutionOrderSort2 (0ms)
		AwakeInstancesAfterBackupRestoration (0ms)
========================================================================
Worker process is ready to serve import requests
Begin MonoManager ReloadAssembly
- Loaded All Assemblies, in  1.070 seconds
Refreshing native plugins compatible for Editor in 6.13 ms, found 4 plugins.
Native extension for WindowsStandalone target not found
Package Manager log level set to [2]
[Package Manager] Server::EnsureServerProcessIsRunning -- launch failed, reason: Unity was launched with the -noUpm command-line argument
[Package Manager] UpmClient::Send -- Unable to send message (not connected to UPM process).
[Package Manager] Cannot connect to Unity Package Manager local server
Mono: successfully reloaded assembly
- Finished resetting the current domain, in  0.927 seconds
Domain Reload Profiling: 1991ms
	BeginReloadAssembly (225ms)
		ExecutionOrderSort (0ms)
		DisableScriptedObjects (8ms)
		BackupInstance (0ms)
		ReleaseScriptingObjects (0ms)
		CreateAndSetChildDomain (32ms)
	RebuildCommonClasses (62ms)
	RebuildNativeTypeToScriptingClass (15ms)
	initialDomainReloadingComplete (84ms)
	LoadAllAssembliesAndSetupDomain (678ms)
		LoadAssemblies (547ms)
		RebuildTransferFunctionScriptingTraits (0ms)
		AnalyzeDomain (263ms)
			TypeCache.Refresh (224ms)
				TypeCache.ScanAssembly (198ms)
			ScanForSourceGeneratedMonoScriptInfo (31ms)
			ResolveRequiredComponents (6ms)
	FinalizeReload (928ms)
		ReleaseScriptCaches (0ms)
		RebuildScriptCaches (0ms)
		SetupLoadedEditorAssemblies (727ms)
			LogAssemblyErrors (0ms)
			InitializePlatformSupportModulesInManaged (10ms)
			SetLoadedEditorAssemblies (5ms)
			RefreshPlugins (0ms)
			BeforeProcessingInitializeOnLoad (101ms)
			ProcessInitializeOnLoadAttributes (546ms)
			ProcessInitializeOnLoadMethodAttributes (54ms)
			AfterProcessingInitializeOnLoad (10ms)
			EditorAssembliesLoaded (0ms)
		ExecutionOrderSort2 (0ms)
		AwakeInstancesAfterBackupRestoration (11ms)
Failed to load shader (instanceID 416, GUID bedd19944f451ba4d83e7ed69be98d5c)
Failed to load shader (instanceID 418, GUID 9c442dc870b456e48b615cd8add0e9ef)
Failed to load shader (instanceID 412, GUID 603d454d711fe784cba9ce08dd22b881)
Failed to load shader (instanceID 408, GUID 0a8f4dcd626bcd14bbbfa5a5e116b16e)
Launched and connected shader compiler UnityShaderCompiler.exe after 0.07 seconds
Refreshing native plugins compatible for Editor in 6.51 ms, found 4 plugins.
Preloading 0 native plugins for Editor in 0.00 ms.
Unloading 1020 Unused Serialized files (Serialized files now loaded: 0)
Unloading 31 unused Assets / (109.2 KB). Loaded Objects now: 1487.
Memory consumption went from 91.6 MB to 91.5 MB.
Total: 4.883500 ms (FindLiveObjects: 0.149500 ms CreateObjectMapping: 0.037000 ms MarkObjects: 4.507800 ms  DeleteObjects: 0.187600 ms)

AssetImportParameters requested are different than current active one (requested -> active):
  custom:container-demuxer-ogg: 62fdf1f143b41e24485cea50d1cbac27 -> 
  custom:video-decoder-ogg-theora: a1e56fd34408186e4bbccfd4996cb3dc -> 
  custom:framework-win-MediaFoundation: 216162199b28c13a410421893ffa2e32 -> 
  custom:CustomObjectIndexerAttribute: 6d391050e5a25f67b0a2c618074f2cd9 -> 
  custom:container-demuxer-webm: 4f35f7cbe854078d1ac9338744f61a02 -> 
  custom:container-muxer-webm: aa71ff27fc2769a1b78a27578f13a17b -> 
  custom:video-decoder-webm-vp8: 9c59270c3fd7afecdb556c50c9e8de78 -> 
  custom:SearchIndexIgnoredProperties: e643bd26f0fe6173181afceb89e7c659 -> 
  custom:AudioImporter_EditorPlatform: d09bf68614088b80899f8185d706f6e7 -> 
  custom:video-encoder-webm-vp8: eb34c28f22e8b96e1ab97ce403110664 -> 
  custom:audio-decoder-ogg-vorbis: bf7c407c2cedff20999df2af8eb42d56 -> 
  custom:audio-encoder-webm-vorbis: bf7c407c2cedff20999df2af8eb42d56 -> 
========================================================================
Received Import Request.
  Time since last request: 26214.729435 seconds.
  path: Assets/DownloadedContent/Characters/Wind_elementals_wind_hashashin_FREE_v1.1/PNG/1_atk/1_atk_5.png
  artifactKey: Guid(9be962959e54f2c4ea8597f3766b747c) Importer(815301076,1909f56bfc062723c751e8b465ee728b)
Start importing Assets/DownloadedContent/Characters/Wind_elementals_wind_hashashin_FREE_v1.1/PNG/1_atk/1_atk_5.png using Guid(9be962959e54f2c4ea8597f3766b747c) Importer(815301076,1909f56bfc062723c751e8b465ee728b)  -> (artifact id: '4d360248bb7c2d912c85afbefa1f1aa7') in 0.003938 seconds
Number of updated asset objects reloaded before import = 0
Number of asset objects unloaded after import = 0
========================================================================
Received Import Request.
  Time since last request: 0.001845 seconds.
  path: Assets/DownloadedContent/Characters/Fire_Elementals_fire_knight_FREE_v1.1/png/05_1_atk/1_atk_5.png
  artifactKey: Guid(e54948643810b35a9984909fa08968d8) Importer(815301076,1909f56bfc062723c751e8b465ee728b)
Start importing Assets/DownloadedContent/Characters/Fire_Elementals_fire_knight_FREE_v1.1/png/05_1_atk/1_atk_5.png using Guid(e54948643810b35a9984909fa08968d8) Importer(815301076,1909f56bfc062723c751e8b465ee728b)  -> (artifact id: '6b448e01e872091d657acd79e53c2e36') in 0.196906 seconds
Number of updated asset objects reloaded before import = 0
Number of asset objects unloaded after import = 3
========================================================================
Received Import Request.
  Time since last request: 0.094021 seconds.
  path: Assets/DownloadedContent/Characters/Ground_Elementals_ground_monk_FREE_v1.3/png/1_atk/1_atk_6.png
  artifactKey: Guid(79610670df9dbe24a8d039137f52ad9a) Importer(815301076,1909f56bfc062723c751e8b465ee728b)
Start importing Assets/DownloadedContent/Characters/Ground_Elementals_ground_monk_FREE_v1.3/png/1_atk/1_atk_6.png using Guid(79610670df9dbe24a8d039137f52ad9a) Importer(815301076,1909f56bfc062723c751e8b465ee728b)  -> (artifact id: '012ec7ee63f5c4afe5ad586d5ed9f908') in 0.024310 seconds
Number of updated asset objects reloaded before import = 0
Number of asset objects unloaded after import = 3
========================================================================
Received Import Request.
  Time since last request: 0.066551 seconds.
  path: Assets/DownloadedContent/Characters/Crystal_Elementals_Crystal_Mauler_Free_v1.0/animations/PNG/1_atk/1_atk_7.png
  artifactKey: Guid(7958fbf55330b3940aa235a9cdb6c52b) Importer(815301076,1909f56bfc062723c751e8b465ee728b)
Start importing Assets/DownloadedContent/Characters/Crystal_Elementals_Crystal_Mauler_Free_v1.0/animations/PNG/1_atk/1_atk_7.png using Guid(7958fbf55330b3940aa235a9cdb6c52b) Importer(815301076,1909f56bfc062723c751e8b465ee728b)  -> (artifact id: 'b57bb9c46e62bb7eb8f856948d4b90d7') in 0.026161 seconds
Number of updated asset objects reloaded before import = 0
Number of asset objects unloaded after import = 3
========================================================================
Received Import Request.
  Time since last request: 0.298614 seconds.
  path: Assets/DownloadedContent/Characters/Fire_Elementals_fire_knight_FREE_v1.1/png/05_1_atk/1_atk_9.png
  artifactKey: Guid(af96e723c469e56da90f4bc890fb0620) Importer(815301076,1909f56bfc062723c751e8b465ee728b)
Start importing Assets/DownloadedContent/Characters/Fire_Elementals_fire_knight_FREE_v1.1/png/05_1_atk/1_atk_9.png using Guid(af96e723c469e56da90f4bc890fb0620) Importer(815301076,1909f56bfc062723c751e8b465ee728b)  -> (artifact id: 'f085be7da1aa777c4da14e0dd6397e02') in 0.043187 seconds
Number of updated asset objects reloaded before import = 0
Number of asset objects unloaded after import = 3
========================================================================
Received Import Request.
  Time since last request: 0.251806 seconds.
  path: Assets/DownloadedContent/Characters/Metal_Elementals_metal_bladekeeper_FREE_v1.1/gifs reference/01_idle.gif
  artifactKey: Guid(caceddf9c9d2d4c44bd81844730a8b67) Importer(815301076,1909f56bfc062723c751e8b465ee728b)
Start importing Assets/DownloadedContent/Characters/Metal_Elementals_metal_bladekeeper_FREE_v1.1/gifs reference/01_idle.gif using Guid(caceddf9c9d2d4c44bd81844730a8b67) Importer(815301076,1909f56bfc062723c751e8b465ee728b)  -> (artifact id: '02f1424349d5cb9098af6886e2ef85ce') in 0.001304 seconds
Number of updated asset objects reloaded before import = 0
Number of asset objects unloaded after import = 0
========================================================================
Received Import Request.
  Time since last request: 0.062367 seconds.
  path: Assets/DownloadedContent/Characters/Ground_Elementals_ground_monk_FREE_v1.3/gifs/01_idle.gif
  artifactKey: Guid(05dd061a2d990e24f8e686f07a5497e8) Importer(815301076,1909f56bfc062723c751e8b465ee728b)
Start importing Assets/DownloadedContent/Characters/Ground_Elementals_ground_monk_FREE_v1.3/gifs/01_idle.gif using Guid(05dd061a2d990e24f8e686f07a5497e8) Importer(815301076,1909f56bfc062723c751e8b465ee728b)  -> (artifact id: 'be1bb64f22fdda488c2308348eaff18a') in 0.001437 seconds
Number of updated asset objects reloaded before import = 0
Number of asset objects unloaded after import = 0
========================================================================
Received Import Request.
  Time since last request: 0.126590 seconds.
  path: Assets/DownloadedContent/Characters/Metal_Elementals_metal_bladekeeper_FREE_v1.1/PNG animations/01_idle/01_idle_3.png
  artifactKey: Guid(9bb82e9278969dd499930c96f4140acb) Importer(815301076,1909f56bfc062723c751e8b465ee728b)
Start importing Assets/DownloadedContent/Characters/Metal_Elementals_metal_bladekeeper_FREE_v1.1/PNG animations/01_idle/01_idle_3.png using Guid(9bb82e9278969dd499930c96f4140acb) Importer(815301076,1909f56bfc062723c751e8b465ee728b)  -> (artifact id: '186c66c451329dca8845a2042193070e') in 0.041867 seconds
Number of updated asset objects reloaded before import = 0
Number of asset objects unloaded after import = 3
========================================================================
Received Import Request.
  Time since last request: 0.115440 seconds.
  path: Assets/DownloadedContent/Characters/Metal_Elementals_metal_bladekeeper_FREE_v1.1/PNG animations/01_idle/01_idle_5.png
  artifactKey: Guid(6da121150e741844398dbecdd74a4b13) Importer(815301076,1909f56bfc062723c751e8b465ee728b)
Start importing Assets/DownloadedContent/Characters/Metal_Elementals_metal_bladekeeper_FREE_v1.1/PNG animations/01_idle/01_idle_5.png using Guid(6da121150e741844398dbecdd74a4b13) Importer(815301076,1909f56bfc062723c751e8b465ee728b)  -> (artifact id: '78fe8e2bd7f55d2a770ec5a42037ed20') in 0.001082 seconds
Number of updated asset objects reloaded before import = 0
Number of asset objects unloaded after import = 0
========================================================================
Received Import Request.
  Time since last request: 0.035848 seconds.
  path: Assets/DownloadedContent/Characters/Metal_Elementals_metal_bladekeeper_FREE_v1.1/PNG animations/01_idle/01_idle_7.png
  artifactKey: Guid(42b762c9e258b814e95687c347d77693) Importer(815301076,1909f56bfc062723c751e8b465ee728b)
Start importing Assets/DownloadedContent/Characters/Metal_Elementals_metal_bladekeeper_FREE_v1.1/PNG animations/01_idle/01_idle_7.png using Guid(42b762c9e258b814e95687c347d77693) Importer(815301076,1909f56bfc062723c751e8b465ee728b)  -> (artifact id: '51f6b25f3304974d2df6b0e1ccca50ec') in 0.090917 seconds
Number of updated asset objects reloaded before import = 0
Number of asset objects unloaded after import = 3
========================================================================
Received Import Request.
  Time since last request: 0.762079 seconds.
  path: Assets/DownloadedContent/Characters/Ground_Elementals_ground_monk_FREE_v1.3/png/2_atk/2_atk_1.png
  artifactKey: Guid(849d91af6a2cddd4fbccf5944a2cd183) Importer(815301076,1909f56bfc062723c751e8b465ee728b)
Start importing Assets/DownloadedContent/Characters/Ground_Elementals_ground_monk_FREE_v1.3/png/2_atk/2_atk_1.png using Guid(849d91af6a2cddd4fbccf5944a2cd183) Importer(815301076,1909f56bfc062723c751e8b465ee728b)  -> (artifact id: 'bbc3f9c2e75eac514b777c026554be34') in 0.045015 seconds
Number of updated asset objects reloaded before import = 0
Number of asset objects unloaded after import = 3
========================================================================
Received Import Request.
  Time since last request: 0.003020 seconds.
  path: Assets/DownloadedContent/Characters/Water_Elementals_water_priestess_FREE_v1.1/png/08_2_atk/2_atk_1.png
  artifactKey: Guid(75509321b1d3ab143987a60e9573f0d3) Importer(815301076,1909f56bfc062723c751e8b465ee728b)
Start importing Assets/DownloadedContent/Characters/Water_Elementals_water_priestess_FREE_v1.1/png/08_2_atk/2_atk_1.png using Guid(75509321b1d3ab143987a60e9573f0d3) Importer(815301076,1909f56bfc062723c751e8b465ee728b)  -> (artifact id: '0cf45c2c0f416d2ee7d65a41a9c3b5ea') in 0.022907 seconds
Number of updated asset objects reloaded before import = 0
Number of asset objects unloaded after import = 3
========================================================================
Received Import Request.
  Time since last request: 0.038117 seconds.
  path: Assets/DownloadedContent/Characters/Ground_Elementals_ground_monk_FREE_v1.3/png/2_atk/2_atk_2.png
  artifactKey: Guid(97128b6c553915347badb7b06add2ea8) Importer(815301076,1909f56bfc062723c751e8b465ee728b)
Start importing Assets/DownloadedContent/Characters/Ground_Elementals_ground_monk_FREE_v1.3/png/2_atk/2_atk_2.png using Guid(97128b6c553915347badb7b06add2ea8) Importer(815301076,1909f56bfc062723c751e8b465ee728b)  -> (artifact id: 'a77615f5c7c7218daf792af0e8664c58') in 0.023847 seconds
Number of updated asset objects reloaded before import = 0
Number of asset objects unloaded after import = 3
========================================================================
Received Import Request.
  Time since last request: 0.032669 seconds.
  path: Assets/DownloadedContent/Characters/Water_Elementals_water_priestess_FREE_v1.1/png/08_2_atk/2_atk_2.png
  artifactKey: Guid(7a345f5a5960d684590534bf075c44d7) Importer(815301076,1909f56bfc062723c751e8b465ee728b)
Start importing Assets/DownloadedContent/Characters/Water_Elementals_water_priestess_FREE_v1.1/png/08_2_atk/2_atk_2.png using Guid(7a345f5a5960d684590534bf075c44d7) Importer(815301076,1909f56bfc062723c751e8b465ee728b)  -> (artifact id: '3d051dc6dcf6f3e1e2a6ee0655613b11') in 0.027702 seconds
Number of updated asset objects reloaded before import = 0
Number of asset objects unloaded after import = 3
========================================================================
Received Import Request.
  Time since last request: 0.294292 seconds.
  path: Assets/DownloadedContent/Characters/Crystal_Elementals_Crystal_Mauler_Free_v1.0/animations/PNG/2_atk/2_atk_2.png
  artifactKey: Guid(c6928650f2c291a489f22c6b1632aff8) Importer(815301076,1909f56bfc062723c751e8b465ee728b)
Start importing Assets/DownloadedContent/Characters/Crystal_Elementals_Crystal_Mauler_Free_v1.0/animations/PNG/2_atk/2_atk_2.png using Guid(c6928650f2c291a489f22c6b1632aff8) Importer(815301076,1909f56bfc062723c751e8b465ee728b)  -> (artifact id: '4f9b9ad2b85739a46c4b00854254235d') in 0.125318 seconds
Number of updated asset objects reloaded before import = 0
Number of asset objects unloaded after import = 3
========================================================================
Received Import Request.
  Time since last request: 0.000031 seconds.
  path: Assets/DownloadedContent/Characters/Crystal_Elementals_Crystal_Mauler_Free_v1.0/animations/PNG/2_atk/2_atk_3.png
  artifactKey: Guid(128a48ae0785a52428a78b1cb7f5df4c) Importer(815301076,1909f56bfc062723c751e8b465ee728b)
Start importing Assets/DownloadedContent/Characters/Crystal_Elementals_Crystal_Mauler_Free_v1.0/animations/PNG/2_atk/2_atk_3.png using Guid(128a48ae0785a52428a78b1cb7f5df4c) Importer(815301076,1909f56bfc062723c751e8b465ee728b)  -> (artifact id: '91e1834edc9029d53caf3df7dcc696bd') in 0.044129 seconds
Number of updated asset objects reloaded before import = 0
Number of asset objects unloaded after import = 3
========================================================================
Received Import Request.
  Time since last request: 348.843169 seconds.
  path: Assets/DownloadedContent/Doctor
  artifactKey: Guid(2f14fb562075b5b4f8640bdc45493b1b) Importer(815301076,1909f56bfc062723c751e8b465ee728b)
Start importing Assets/DownloadedContent/Doctor using Guid(2f14fb562075b5b4f8640bdc45493b1b) Importer(815301076,1909f56bfc062723c751e8b465ee728b)  -> (artifact id: '80bdd224f90a526956fa187c49a80334') in 0.000849 seconds
Number of updated asset objects reloaded before import = 0
Number of asset objects unloaded after import = 0
========================================================================
Received Import Request.
  Time since last request: 0.078144 seconds.
  path: Assets/DownloadedContent/Doctor/stage_one.png
  artifactKey: Guid(76b52f4e8f237424ba03bc7b3479c1e2) Importer(815301076,1909f56bfc062723c751e8b465ee728b)
Start importing Assets/DownloadedContent/Doctor/stage_one.png using Guid(76b52f4e8f237424ba03bc7b3479c1e2) Importer(815301076,1909f56bfc062723c751e8b465ee728b)  -> (artifact id: 'a0e26a6e406c9354cef9ee57f5d13ddd') in 0.042096 seconds
Number of updated asset objects reloaded before import = 0
Number of asset objects unloaded after import = 3
========================================================================
Received Import Request.
  Time since last request: 0.000038 seconds.
  path: Assets/DownloadedContent/Doctor/stage_two.png
  artifactKey: Guid(f128c060c9af65f47a6de8445bd9fdcc) Importer(815301076,1909f56bfc062723c751e8b465ee728b)
Start importing Assets/DownloadedContent/Doctor/stage_two.png using Guid(f128c060c9af65f47a6de8445bd9fdcc) Importer(815301076,1909f56bfc062723c751e8b465ee728b)  -> (artifact id: '430e887a392e85a230ce5c9065c55087') in 0.036142 seconds
Number of updated asset objects reloaded before import = 0
Number of asset objects unloaded after import = 3
========================================================================
Received Import Request.
  Time since last request: 12.891181 seconds.
  path: Assets/DownloadedContent/Doctor/stage_one.png
  artifactKey: Guid(76b52f4e8f237424ba03bc7b3479c1e2) Importer(815301076,1909f56bfc062723c751e8b465ee728b)
Start importing Assets/DownloadedContent/Doctor/stage_one.png using Guid(76b52f4e8f237424ba03bc7b3479c1e2) Importer(815301076,1909f56bfc062723c751e8b465ee728b)  -> (artifact id: '016f0347767d184a5402443e49d0af57') in 0.026561 seconds
Number of updated asset objects reloaded before import = 0
Number of asset objects unloaded after import = 3
========================================================================
Received Import Request.
  Time since last request: 4.680751 seconds.
  path: Assets/DownloadedContent/Doctor/stage_one.png
  artifactKey: Guid(76b52f4e8f237424ba03bc7b3479c1e2) Importer(815301076,1909f56bfc062723c751e8b465ee728b)
Start importing Assets/DownloadedContent/Doctor/stage_one.png using Guid(76b52f4e8f237424ba03bc7b3479c1e2) Importer(815301076,1909f56bfc062723c751e8b465ee728b)  -> (artifact id: 'cc8f63c598200e65d4f991a919a345b7') in 0.038173 seconds
Number of updated asset objects reloaded before import = 0
Number of asset objects unloaded after import = 2
========================================================================
Received Import Request.
  Time since last request: 403.167392 seconds.
  path: Assets/DownloadedContent/Doctor/sprite.png
  artifactKey: Guid(62d1faf069d1d58469e4b2a4ae23b80c) Importer(815301076,1909f56bfc062723c751e8b465ee728b)
Start importing Assets/DownloadedContent/Doctor/sprite.png using Guid(62d1faf069d1d58469e4b2a4ae23b80c) Importer(815301076,1909f56bfc062723c751e8b465ee728b)  -> (artifact id: '265520896be9fdfdfe156d9870ca0ae4') in 0.025732 seconds
Number of updated asset objects reloaded before import = 0
Number of asset objects unloaded after import = 3
========================================================================
Received Import Request.
  Time since last request: 8.736144 seconds.
  path: Assets/DownloadedContent/Doctor/sprite.png
  artifactKey: Guid(62d1faf069d1d58469e4b2a4ae23b80c) Importer(815301076,1909f56bfc062723c751e8b465ee728b)
Start importing Assets/DownloadedContent/Doctor/sprite.png using Guid(62d1faf069d1d58469e4b2a4ae23b80c) Importer(815301076,1909f56bfc062723c751e8b465ee728b)  -> (artifact id: '6cb21046b7b9af5763264476538eff24') in 0.033332 seconds
Number of updated asset objects reloaded before import = 0
Number of asset objects unloaded after import = 3
========================================================================
Received Import Request.
  Time since last request: 4334.164764 seconds.
  path: Assets/DownloadedContent/Doctor/sprite (1).png
  artifactKey: Guid(db0450e4649ceea4fabbbfca6f957e81) Importer(815301076,1909f56bfc062723c751e8b465ee728b)
Start importing Assets/DownloadedContent/Doctor/sprite (1).png using Guid(db0450e4649ceea4fabbbfca6f957e81) Importer(815301076,1909f56bfc062723c751e8b465ee728b)  -> (artifact id: '34684c2099f7c02500caaad6e4262bb2') in 0.084704 seconds
Number of updated asset objects reloaded before import = 0
Number of asset objects unloaded after import = 3
========================================================================
Received Import Request.
  Time since last request: 163.514586 seconds.
  path: Assets/Prefabs/blackfade.prefab
  artifactKey: Guid(6bdca66becd605a4381c6ec00b7e90f0) Importer(815301076,1909f56bfc062723c751e8b465ee728b)
Start importing Assets/Prefabs/blackfade.prefab using Guid(6bdca66becd605a4381c6ec00b7e90f0) Importer(815301076,1909f56bfc062723c751e8b465ee728b)  -> (artifact id: '188abba0424622f22071fe9991c22b4e') in 0.081502 seconds
Number of updated asset objects reloaded before import = 0
Number of asset objects unloaded after import = 8
========================================================================
Received Import Request.
  Time since last request: 866.232621 seconds.
  path: Assets/DownloadedContent/NPCs
  artifactKey: Guid(85392496fab35f54f93c7e2a6d2b2a2e) Importer(815301076,1909f56bfc062723c751e8b465ee728b)
Start importing Assets/DownloadedContent/NPCs using Guid(85392496fab35f54f93c7e2a6d2b2a2e) Importer(815301076,1909f56bfc062723c751e8b465ee728b)  -> (artifact id: '54bedbe8e0718f86352248be0a2a2561') in 0.001017 seconds
Number of updated asset objects reloaded before import = 0
Number of asset objects unloaded after import = 0
========================================================================
Received Import Request.
  Time since last request: 8.315758 seconds.
  path: Assets/DownloadedContent/NPCs/Idle1
  artifactKey: Guid(f8f6b4def6a57ea44a1d64a5701f75fc) Importer(815301076,1909f56bfc062723c751e8b465ee728b)
Start importing Assets/DownloadedContent/NPCs/Idle1 using Guid(f8f6b4def6a57ea44a1d64a5701f75fc) Importer(815301076,1909f56bfc062723c751e8b465ee728b)  -> (artifact id: 'd084ba74008973fed6a2235b39dbc982') in 0.000778 seconds
Number of updated asset objects reloaded before import = 0
Number of asset objects unloaded after import = 0
========================================================================
Received Import Request.
  Time since last request: 0.045204 seconds.
  path: Assets/DownloadedContent/NPCs/Idle1/1.png
  artifactKey: Guid(fa94d42eef96b8f4180ea283af169cdc) Importer(815301076,1909f56bfc062723c751e8b465ee728b)
Start importing Assets/DownloadedContent/NPCs/Idle1/1.png using Guid(fa94d42eef96b8f4180ea283af169cdc) Importer(815301076,1909f56bfc062723c751e8b465ee728b)  -> (artifact id: 'b124b6a51808d3c8e97f277f805401a0') in 0.047455 seconds
Number of updated asset objects reloaded before import = 0
Number of asset objects unloaded after import = 3
========================================================================
Received Import Request.
  Time since last request: 0.000040 seconds.
  path: Assets/DownloadedContent/NPCs/Idle1/4.png
  artifactKey: Guid(dc11e734d95893f44a981f2d2eb916df) Importer(815301076,1909f56bfc062723c751e8b465ee728b)
Start importing Assets/DownloadedContent/NPCs/Idle1/4.png using Guid(dc11e734d95893f44a981f2d2eb916df) Importer(815301076,1909f56bfc062723c751e8b465ee728b)  -> (artifact id: 'a9f07e7166f2c2665f4c7a1d52baa2ef') in 0.029517 seconds
Number of updated asset objects reloaded before import = 0
Number of asset objects unloaded after import = 3
========================================================================
Received Import Request.
  Time since last request: 0.000029 seconds.
  path: Assets/DownloadedContent/NPCs/Idle1/3.png
  artifactKey: Guid(d10b6651e3425594fbd2f2fe31ffcbea) Importer(815301076,1909f56bfc062723c751e8b465ee728b)
Start importing Assets/DownloadedContent/NPCs/Idle1/3.png using Guid(d10b6651e3425594fbd2f2fe31ffcbea) Importer(815301076,1909f56bfc062723c751e8b465ee728b)  -> (artifact id: '5a8f4778193a11c4a39b75bbb352ed4d') in 0.033191 seconds
Number of updated asset objects reloaded before import = 0
Number of asset objects unloaded after import = 3
========================================================================
Received Import Request.
  Time since last request: 56.653081 seconds.
  path: Assets/DownloadedContent/NPCs/Idle2
  artifactKey: Guid(06e455ae31485f846ab5ce64cbefd8dd) Importer(815301076,1909f56bfc062723c751e8b465ee728b)
Start importing Assets/DownloadedContent/NPCs/Idle2 using Guid(06e455ae31485f846ab5ce64cbefd8dd) Importer(815301076,1909f56bfc062723c751e8b465ee728b)  -> (artifact id: '00f3e60912662140da4a3f7b73b314cd') in 0.001609 seconds
Number of updated asset objects reloaded before import = 0
Number of asset objects unloaded after import = 0
========================================================================
Received Import Request.
  Time since last request: 0.051603 seconds.
  path: Assets/DownloadedContent/NPCs/Idle2/1.png
  artifactKey: Guid(4c0ae111f4ab8064c99719ce765f2df8) Importer(815301076,1909f56bfc062723c751e8b465ee728b)
Start importing Assets/DownloadedContent/NPCs/Idle2/1.png using Guid(4c0ae111f4ab8064c99719ce765f2df8) Importer(815301076,1909f56bfc062723c751e8b465ee728b)  -> (artifact id: '741aaec091ac4ad5c9ecd7ad2ff4d2d1') in 0.042973 seconds
Number of updated asset objects reloaded before import = 0
Number of asset objects unloaded after import = 3
========================================================================
Received Import Request.
  Time since last request: 0.000051 seconds.
  path: Assets/DownloadedContent/NPCs/Idle2/4.png
  artifactKey: Guid(b2093a19a1586334eac0702e8f24f4a8) Importer(815301076,1909f56bfc062723c751e8b465ee728b)
Start importing Assets/DownloadedContent/NPCs/Idle2/4.png using Guid(b2093a19a1586334eac0702e8f24f4a8) Importer(815301076,1909f56bfc062723c751e8b465ee728b)  -> (artifact id: '6437831fd83a5c7e5c188327a9e6438a') in 0.032745 seconds
Number of updated asset objects reloaded before import = 0
Number of asset objects unloaded after import = 3
========================================================================
Received Import Request.
  Time since last request: 3.016451 seconds.
  path: Assets/DownloadedContent/NPCs/Idle3
  artifactKey: Guid(ce36dd78f8269ca4ea8505afbc89e7d6) Importer(815301076,1909f56bfc062723c751e8b465ee728b)
Start importing Assets/DownloadedContent/NPCs/Idle3 using Guid(ce36dd78f8269ca4ea8505afbc89e7d6) Importer(815301076,1909f56bfc062723c751e8b465ee728b)  -> (artifact id: '360335271932863bc79d052c745d47c8') in 0.010976 seconds
Number of updated asset objects reloaded before import = 0
Number of asset objects unloaded after import = 0
========================================================================
Received Import Request.
  Time since last request: 0.040718 seconds.
  path: Assets/DownloadedContent/NPCs/Idle3/1.png
  artifactKey: Guid(258ed671a16d43c408df954856fe775e) Importer(815301076,1909f56bfc062723c751e8b465ee728b)
Start importing Assets/DownloadedContent/NPCs/Idle3/1.png using Guid(258ed671a16d43c408df954856fe775e) Importer(815301076,1909f56bfc062723c751e8b465ee728b)  -> (artifact id: '99b907a55f59e75c2e03a6d49fa06797') in 0.033377 seconds
Number of updated asset objects reloaded before import = 0
Number of asset objects unloaded after import = 3
========================================================================
Received Import Request.
  Time since last request: 0.000032 seconds.
  path: Assets/DownloadedContent/NPCs/Idle3/4.png
  artifactKey: Guid(e652bd6ae919ba14896de0841b8e626b) Importer(815301076,1909f56bfc062723c751e8b465ee728b)
Start importing Assets/DownloadedContent/NPCs/Idle3/4.png using Guid(e652bd6ae919ba14896de0841b8e626b) Importer(815301076,1909f56bfc062723c751e8b465ee728b)  -> (artifact id: '568e42edf89e9cce28729498bc877ab4') in 0.034927 seconds
Number of updated asset objects reloaded before import = 0
Number of asset objects unloaded after import = 3
========================================================================
Received Import Request.
  Time since last request: 54.069891 seconds.
  path: Assets/DownloadedContent/NPCs/Idle1/1.png
  artifactKey: Guid(fa94d42eef96b8f4180ea283af169cdc) Importer(815301076,1909f56bfc062723c751e8b465ee728b)
Start importing Assets/DownloadedContent/NPCs/Idle1/1.png using Guid(fa94d42eef96b8f4180ea283af169cdc) Importer(815301076,1909f56bfc062723c751e8b465ee728b)  -> (artifact id: 'd9cdf39ae695bf471dd8ad28119cc8a6') in 0.040503 seconds
Number of updated asset objects reloaded before import = 0
Number of asset objects unloaded after import = 3
========================================================================
Received Import Request.
  Time since last request: 0.000058 seconds.
  path: Assets/DownloadedContent/NPCs/Idle1/4.png
  artifactKey: Guid(dc11e734d95893f44a981f2d2eb916df) Importer(815301076,1909f56bfc062723c751e8b465ee728b)
Start importing Assets/DownloadedContent/NPCs/Idle1/4.png using Guid(dc11e734d95893f44a981f2d2eb916df) Importer(815301076,1909f56bfc062723c751e8b465ee728b)  -> (artifact id: '2894c9fe7afa7e7463b5fd0e28ff9d73') in 0.069803 seconds
Number of updated asset objects reloaded before import = 0
Number of asset objects unloaded after import = 3
========================================================================
Received Import Request.
  Time since last request: 18.179951 seconds.
  path: Assets/DownloadedContent/NPCs/Idle1/Bartender.anim
  artifactKey: Guid(d52934232ebe29c41a9afe83cd18f28a) Importer(815301076,1909f56bfc062723c751e8b465ee728b)
Start importing Assets/DownloadedContent/NPCs/Idle1/Bartender.anim using Guid(d52934232ebe29c41a9afe83cd18f28a) Importer(815301076,1909f56bfc062723c751e8b465ee728b)  -> (artifact id: 'bdbe594bde281c70e0aeff4df2d13137') in 0.005353 seconds
Number of updated asset objects reloaded before import = 0
Number of asset objects unloaded after import = 1
========================================================================
Received Import Request.
  Time since last request: 39.675789 seconds.
  path: Assets/DownloadedContent/NPCs/Idle1/1 (1).controller
  artifactKey: Guid(a442c3044573bdf4aaf82d199168552b) Importer(815301076,1909f56bfc062723c751e8b465ee728b)
Start importing Assets/DownloadedContent/NPCs/Idle1/1 (1).controller using Guid(a442c3044573bdf4aaf82d199168552b) Importer(815301076,1909f56bfc062723c751e8b465ee728b)  -> (artifact id: 'cef95bf4c106dc4e053ccf236f0dfb87') in 0.006918 seconds
Number of updated asset objects reloaded before import = 0
Number of asset objects unloaded after import = 1
========================================================================
Received Import Request.
  Time since last request: 8.716403 seconds.
  path: Assets/DownloadedContent/NPCs/Idle1/BartenderAnimationController.controller
  artifactKey: Guid(a442c3044573bdf4aaf82d199168552b) Importer(815301076,1909f56bfc062723c751e8b465ee728b)
Start importing Assets/DownloadedContent/NPCs/Idle1/BartenderAnimationController.controller using Guid(a442c3044573bdf4aaf82d199168552b) Importer(815301076,1909f56bfc062723c751e8b465ee728b)  -> (artifact id: '7c06512189060cbbc04594b9bc557b03') in 0.006108 seconds
Number of updated asset objects reloaded before import = 0
Number of asset objects unloaded after import = 4
========================================================================
Received Import Request.
  Time since last request: 6.600568 seconds.
  path: Assets/DownloadedContent/NPCs/Idle1/Bartender.anim
  artifactKey: Guid(d52934232ebe29c41a9afe83cd18f28a) Importer(815301076,1909f56bfc062723c751e8b465ee728b)
Start importing Assets/DownloadedContent/NPCs/Idle1/Bartender.anim using Guid(d52934232ebe29c41a9afe83cd18f28a) Importer(815301076,1909f56bfc062723c751e8b465ee728b)  -> (artifact id: '1e1bf18c34deea05ddd0c54f1e41f7f0') in 0.003609 seconds
Number of updated asset objects reloaded before import = 0
Number of asset objects unloaded after import = 1
========================================================================
Received Prepare
Begin MonoManager ReloadAssembly
- Loaded All Assemblies, in  3.467 seconds
Refreshing native plugins compatible for Editor in 47.46 ms, found 4 plugins.
Native extension for WindowsStandalone target not found
[Package Manager] Server::EnsureServerProcessIsRunning -- launch failed, reason: Unity was launched with the -noUpm command-line argument
[Package Manager] UpmClient::Send -- Unable to send message (not connected to UPM process).
[Package Manager] Cannot connect to Unity Package Manager local server
Mono: successfully reloaded assembly
- Finished resetting the current domain, in  4.122 seconds
Domain Reload Profiling: 7577ms
	BeginReloadAssembly (623ms)
		ExecutionOrderSort (0ms)
		DisableScriptedObjects (31ms)
		BackupInstance (0ms)
		ReleaseScriptingObjects (0ms)
		CreateAndSetChildDomain (99ms)
	RebuildCommonClasses (246ms)
	RebuildNativeTypeToScriptingClass (40ms)
	initialDomainReloadingComplete (164ms)
	LoadAllAssembliesAndSetupDomain (2381ms)
		LoadAssemblies (2736ms)
		RebuildTransferFunctionScriptingTraits (0ms)
		AnalyzeDomain (77ms)
			TypeCache.Refresh (48ms)
				TypeCache.ScanAssembly (0ms)
			ScanForSourceGeneratedMonoScriptInfo (1ms)
			ResolveRequiredComponents (22ms)
	FinalizeReload (4123ms)
		ReleaseScriptCaches (0ms)
		RebuildScriptCaches (0ms)
		SetupLoadedEditorAssemblies (721ms)
			LogAssemblyErrors (0ms)
			InitializePlatformSupportModulesInManaged (12ms)
			SetLoadedEditorAssemblies (7ms)
			RefreshPlugins (0ms)
			BeforeProcessingInitializeOnLoad (124ms)
			ProcessInitializeOnLoadAttributes (510ms)
			ProcessInitializeOnLoadMethodAttributes (57ms)
			AfterProcessingInitializeOnLoad (11ms)
			EditorAssembliesLoaded (1ms)
		ExecutionOrderSort2 (0ms)
		AwakeInstancesAfterBackupRestoration (21ms)
Failed to load shader (instanceID 416, GUID bedd19944f451ba4d83e7ed69be98d5c)
Failed to load shader (instanceID 418, GUID 9c442dc870b456e48b615cd8add0e9ef)
Failed to load shader (instanceID 412, GUID 603d454d711fe784cba9ce08dd22b881)
Failed to load shader (instanceID 408, GUID 0a8f4dcd626bcd14bbbfa5a5e116b16e)
Refreshing native plugins compatible for Editor in 11.49 ms, found 4 plugins.
Preloading 0 native plugins for Editor in 0.00 ms.
Unloading 1013 Unused Serialized files (Serialized files now loaded: 0)
Unloading 22 unused Assets / (81.4 KB). Loaded Objects now: 1513.
Memory consumption went from 96.3 MB to 96.2 MB.
Total: 6.473700 ms (FindLiveObjects: 0.166800 ms CreateObjectMapping: 0.038400 ms MarkObjects: 6.072900 ms  DeleteObjects: 0.193300 ms)

Prepare: number of updated asset objects reloaded= 0
AssetImportParameters requested are different than current active one (requested -> active):
  custom:container-demuxer-ogg: 62fdf1f143b41e24485cea50d1cbac27 -> 
  custom:video-decoder-ogg-theora: a1e56fd34408186e4bbccfd4996cb3dc -> 
  custom:framework-win-MediaFoundation: 216162199b28c13a410421893ffa2e32 -> 
  custom:CustomObjectIndexerAttribute: 6d391050e5a25f67b0a2c618074f2cd9 -> 
  custom:container-demuxer-webm: 4f35f7cbe854078d1ac9338744f61a02 -> 
  custom:container-muxer-webm: aa71ff27fc2769a1b78a27578f13a17b -> 
  custom:video-decoder-webm-vp8: 9c59270c3fd7afecdb556c50c9e8de78 -> 
  custom:SearchIndexIgnoredProperties: e643bd26f0fe6173181afceb89e7c659 -> 
  custom:AudioImporter_EditorPlatform: d09bf68614088b80899f8185d706f6e7 -> 
  custom:video-encoder-webm-vp8: eb34c28f22e8b96e1ab97ce403110664 -> 
  custom:audio-decoder-ogg-vorbis: bf7c407c2cedff20999df2af8eb42d56 -> 
  custom:audio-encoder-webm-vorbis: bf7c407c2cedff20999df2af8eb42d56 -> 
========================================================================
Received Prepare
Begin MonoManager ReloadAssembly
- Loaded All Assemblies, in  1.906 seconds
Refreshing native plugins compatible for Editor in 22.99 ms, found 4 plugins.
Native extension for WindowsStandalone target not found
[Package Manager] Server::EnsureServerProcessIsRunning -- launch failed, reason: Unity was launched with the -noUpm command-line argument
[Package Manager] UpmClient::Send -- Unable to send message (not connected to UPM process).
[Package Manager] Cannot connect to Unity Package Manager local server
Mono: successfully reloaded assembly
- Finished resetting the current domain, in  3.487 seconds
Domain Reload Profiling: 5372ms
	BeginReloadAssembly (315ms)
		ExecutionOrderSort (0ms)
		DisableScriptedObjects (22ms)
		BackupInstance (0ms)
		ReleaseScriptingObjects (0ms)
		CreateAndSetChildDomain (58ms)
	RebuildCommonClasses (87ms)
	RebuildNativeTypeToScriptingClass (36ms)
	initialDomainReloadingComplete (162ms)
	LoadAllAssembliesAndSetupDomain (1285ms)
		LoadAssemblies (1403ms)
		RebuildTransferFunctionScriptingTraits (0ms)
		AnalyzeDomain (69ms)
			TypeCache.Refresh (41ms)
				TypeCache.ScanAssembly (0ms)
			ScanForSourceGeneratedMonoScriptInfo (1ms)
			ResolveRequiredComponents (21ms)
	FinalizeReload (3488ms)
		ReleaseScriptCaches (0ms)
		RebuildScriptCaches (0ms)
		SetupLoadedEditorAssemblies (2050ms)
			LogAssemblyErrors (0ms)
			InitializePlatformSupportModulesInManaged (29ms)
			SetLoadedEditorAssemblies (13ms)
			RefreshPlugins (0ms)
			BeforeProcessingInitializeOnLoad (276ms)
			ProcessInitializeOnLoadAttributes (1461ms)
			ProcessInitializeOnLoadMethodAttributes (238ms)
			AfterProcessingInitializeOnLoad (31ms)
			EditorAssembliesLoaded (1ms)
		ExecutionOrderSort2 (0ms)
		AwakeInstancesAfterBackupRestoration (87ms)
Failed to load shader (instanceID 416, GUID bedd19944f451ba4d83e7ed69be98d5c)
Failed to load shader (instanceID 418, GUID 9c442dc870b456e48b615cd8add0e9ef)
Failed to load shader (instanceID 412, GUID 603d454d711fe784cba9ce08dd22b881)
Failed to load shader (instanceID 408, GUID 0a8f4dcd626bcd14bbbfa5a5e116b16e)
Refreshing native plugins compatible for Editor in 29.02 ms, found 4 plugins.
Preloading 0 native plugins for Editor in 0.00 ms.
Unloading 1014 Unused Serialized files (Serialized files now loaded: 0)
Unloading 22 unused Assets / (81.3 KB). Loaded Objects now: 1517.
Memory consumption went from 98.5 MB to 98.4 MB.
Total: 15.301200 ms (FindLiveObjects: 0.264900 ms CreateObjectMapping: 0.124700 ms MarkObjects: 13.299400 ms  DeleteObjects: 1.604700 ms)

Prepare: number of updated asset objects reloaded= 0
AssetImportParameters requested are different than current active one (requested -> active):
  custom:container-demuxer-ogg: 62fdf1f143b41e24485cea50d1cbac27 -> 
  custom:video-decoder-ogg-theora: a1e56fd34408186e4bbccfd4996cb3dc -> 
  custom:framework-win-MediaFoundation: 216162199b28c13a410421893ffa2e32 -> 
  custom:CustomObjectIndexerAttribute: 6d391050e5a25f67b0a2c618074f2cd9 -> 
  custom:container-demuxer-webm: 4f35f7cbe854078d1ac9338744f61a02 -> 
  custom:container-muxer-webm: aa71ff27fc2769a1b78a27578f13a17b -> 
  custom:video-decoder-webm-vp8: 9c59270c3fd7afecdb556c50c9e8de78 -> 
  custom:SearchIndexIgnoredProperties: e643bd26f0fe6173181afceb89e7c659 -> 
  custom:AudioImporter_EditorPlatform: d09bf68614088b80899f8185d706f6e7 -> 
  custom:video-encoder-webm-vp8: eb34c28f22e8b96e1ab97ce403110664 -> 
  custom:audio-decoder-ogg-vorbis: bf7c407c2cedff20999df2af8eb42d56 -> 
  custom:audio-encoder-webm-vorbis: bf7c407c2cedff20999df2af8eb42d56 -> 
========================================================================
Received Import Request.
  Time since last request: 6121.969149 seconds.
  path: Assets/DownloadedContent/NPCs/Speak1
  artifactKey: Guid(076dae407cf9f5242a46111bad39f206) Importer(815301076,1909f56bfc062723c751e8b465ee728b)
Start importing Assets/DownloadedContent/NPCs/Speak1 using Guid(076dae407cf9f5242a46111bad39f206) Importer(815301076,1909f56bfc062723c751e8b465ee728b)  -> (artifact id: '6a57c7e1483bf81f2484b52f6e2de58d') in 0.013319 seconds
Number of updated asset objects reloaded before import = 0
Number of asset objects unloaded after import = 0
========================================================================
Received Import Request.
  Time since last request: 0.044845 seconds.
  path: Assets/DownloadedContent/NPCs/Speak1/1.png
  artifactKey: Guid(e58399f90a6377b4fa0734115d4eaed2) Importer(815301076,1909f56bfc062723c751e8b465ee728b)
Start importing Assets/DownloadedContent/NPCs/Speak1/1.png using Guid(e58399f90a6377b4fa0734115d4eaed2) Importer(815301076,1909f56bfc062723c751e8b465ee728b)  -> (artifact id: '6bdae25833362a20d961224ad0808acf') in 0.396638 seconds
Number of updated asset objects reloaded before import = 0
Number of asset objects unloaded after import = 3
========================================================================
Received Import Request.
  Time since last request: 0.000072 seconds.
  path: Assets/DownloadedContent/NPCs/Speak1/4.png
  artifactKey: Guid(de4627e589bb4b0468bd6ecb7a24f20b) Importer(815301076,1909f56bfc062723c751e8b465ee728b)
Start importing Assets/DownloadedContent/NPCs/Speak1/4.png using Guid(de4627e589bb4b0468bd6ecb7a24f20b) Importer(815301076,1909f56bfc062723c751e8b465ee728b)  -> (artifact id: '7719d6523c8f8b083c1d6a0d7db32e31') in 0.051553 seconds
Number of updated asset objects reloaded before import = 0
Number of asset objects unloaded after import = 3
========================================================================
Received Import Request.
  Time since last request: 1066.222898 seconds.
  path: Assets/DownloadedContent/NPCs/Speak3
  artifactKey: Guid(2a6ac44730d43cb46bf8d88aa688caf3) Importer(815301076,1909f56bfc062723c751e8b465ee728b)
Start importing Assets/DownloadedContent/NPCs/Speak3 using Guid(2a6ac44730d43cb46bf8d88aa688caf3) Importer(815301076,1909f56bfc062723c751e8b465ee728b)  -> (artifact id: 'fef2053e81a87c5d6eda5f64d307e1c8') in 0.003082 seconds
Number of updated asset objects reloaded before import = 0
Number of asset objects unloaded after import = 0
========================================================================
Received Import Request.
  Time since last request: 0.060590 seconds.
  path: Assets/DownloadedContent/NPCs/Speak3/1.png
  artifactKey: Guid(63bd10fb91bc5e446bd2f20bc0b69218) Importer(815301076,1909f56bfc062723c751e8b465ee728b)
Start importing Assets/DownloadedContent/NPCs/Speak3/1.png using Guid(63bd10fb91bc5e446bd2f20bc0b69218) Importer(815301076,1909f56bfc062723c751e8b465ee728b)  -> (artifact id: '45f0a7ae9041cd71063ee110998ab8d9') in 0.077860 seconds
Number of updated asset objects reloaded before import = 0
Number of asset objects unloaded after import = 3
========================================================================
Received Import Request.
  Time since last request: 0.000061 seconds.
  path: Assets/DownloadedContent/NPCs/Speak3/3.png
  artifactKey: Guid(7d2e588c01552fc49b62fd533b852bd9) Importer(815301076,1909f56bfc062723c751e8b465ee728b)
Start importing Assets/DownloadedContent/NPCs/Speak3/3.png using Guid(7d2e588c01552fc49b62fd533b852bd9) Importer(815301076,1909f56bfc062723c751e8b465ee728b)  -> (artifact id: '4562d00c0aaaedddb824329008870dff') in 0.062099 seconds
Number of updated asset objects reloaded before import = 0
Number of asset objects unloaded after import = 3
========================================================================
Received Import Request.
  Time since last request: 38338.970918 seconds.
  path: Assets/DownloadedContent/NPCs/Idle1/Bartender.anim
  artifactKey: Guid(d52934232ebe29c41a9afe83cd18f28a) Importer(815301076,1909f56bfc062723c751e8b465ee728b)
Start importing Assets/DownloadedContent/NPCs/Idle1/Bartender.anim using Guid(d52934232ebe29c41a9afe83cd18f28a) Importer(815301076,1909f56bfc062723c751e8b465ee728b)  -> (artifact id: 'c35632cea1dd3bbf0cb693f18921642d') in 0.020881 seconds
Number of updated asset objects reloaded before import = 0
Number of asset objects unloaded after import = 1
========================================================================
Received Import Request.
  Time since last request: 1754.524637 seconds.
  path: Assets/DownloadedContent/NPCs/sprite (2).png
  artifactKey: Guid(e3189c00d602b924c8c18ba7c2457ac6) Importer(815301076,1909f56bfc062723c751e8b465ee728b)
Start importing Assets/DownloadedContent/NPCs/sprite (2).png using Guid(e3189c00d602b924c8c18ba7c2457ac6) Importer(815301076,1909f56bfc062723c751e8b465ee728b)  -> (artifact id: '6af69730c5042426db57e9137349e0a2') in 0.131070 seconds
Number of updated asset objects reloaded before import = 0
Number of asset objects unloaded after import = 3
========================================================================
Received Import Request.
  Time since last request: 86.002351 seconds.
  path: Assets/DownloadedContent/NPCs/sprite (2).png
  artifactKey: Guid(e3189c00d602b924c8c18ba7c2457ac6) Importer(815301076,1909f56bfc062723c751e8b465ee728b)
Start importing Assets/DownloadedContent/NPCs/sprite (2).png using Guid(e3189c00d602b924c8c18ba7c2457ac6) Importer(815301076,1909f56bfc062723c751e8b465ee728b)  -> (artifact id: 'bfd75a69daa65b25bc0cf14259ccaf08') in 0.057084 seconds
Number of updated asset objects reloaded before import = 0
Number of asset objects unloaded after import = 3
========================================================================
Received Import Request.
  Time since last request: 120.508597 seconds.
  path: Assets/DownloadedContent/Characters/Crystal_Elementals_Crystal_Mauler_Free_v1.0/aseprite
  artifactKey: Guid(33f86bcec626dc4479593c1191db05b2) Importer(815301076,1909f56bfc062723c751e8b465ee728b)
Start importing Assets/DownloadedContent/Characters/Crystal_Elementals_Crystal_Mauler_Free_v1.0/aseprite using Guid(33f86bcec626dc4479593c1191db05b2) Importer(815301076,1909f56bfc062723c751e8b465ee728b)  -> (artifact id: '1c725ac1f52011cbf17c8435591ffb3a') in 0.009341 seconds
Number of updated asset objects reloaded before import = 0
Number of asset objects unloaded after import = 0
========================================================================
Received Import Request.
  Time since last request: 0.042422 seconds.
  path: Assets/DownloadedContent/Characters/Crystal_Elementals_Crystal_Mauler_Free_v1.0/aseprite/crystal_mauler_free_v1.0.aseprite
  artifactKey: Guid(42de0f40eccfbd24e81a88700ff22a31) Importer(815301076,1909f56bfc062723c751e8b465ee728b)
Start importing Assets/DownloadedContent/Characters/Crystal_Elementals_Crystal_Mauler_Free_v1.0/aseprite/crystal_mauler_free_v1.0.aseprite using Guid(42de0f40eccfbd24e81a88700ff22a31) Importer(815301076,1909f56bfc062723c751e8b465ee728b)  -> (artifact id: '8563ae86590049811b8f96a1b604e3d4') in 1.559742 seconds
Number of updated asset objects reloaded before import = 0
Number of asset objects unloaded after import = 196
========================================================================
Received Import Request.
  Time since last request: 3.100376 seconds.
  path: Assets/DownloadedContent/Characters/Crystal_Elementals_Crystal_Mauler_Free_v1.0/animations
  artifactKey: Guid(475d8876eb309044e8a9ca01699771ed) Importer(815301076,1909f56bfc062723c751e8b465ee728b)
Start importing Assets/DownloadedContent/Characters/Crystal_Elementals_Crystal_Mauler_Free_v1.0/animations using Guid(475d8876eb309044e8a9ca01699771ed) Importer(815301076,1909f56bfc062723c751e8b465ee728b)  -> (artifact id: 'a8dcb950d3d620ba58083809b36be814') in 0.001416 seconds
Number of updated asset objects reloaded before import = 0
Number of asset objects unloaded after import = 0
========================================================================
Received Import Request.
  Time since last request: 1.735464 seconds.
  path: Assets/DownloadedContent/Characters/Crystal_Elementals_Crystal_Mauler_Free_v1.0/animations/PNG
  artifactKey: Guid(42e362c9160cebd418885d6cbb2866bb) Importer(815301076,1909f56bfc062723c751e8b465ee728b)
Start importing Assets/DownloadedContent/Characters/Crystal_Elementals_Crystal_Mauler_Free_v1.0/animations/PNG using Guid(42e362c9160cebd418885d6cbb2866bb) Importer(815301076,1909f56bfc062723c751e8b465ee728b)  -> (artifact id: 'f85cc3b98ffe2e0faaeaea886d757538') in 0.004542 seconds
Number of updated asset objects reloaded before import = 0
Number of asset objects unloaded after import = 0
========================================================================
Received Import Request.
  Time since last request: 1.203300 seconds.
  path: Assets/DownloadedContent/Characters/Crystal_Elementals_Crystal_Mauler_Free_v1.0/animations/PNG/1_atk
  artifactKey: Guid(85e3a4ce67d5e5245b3595a9f1c41b99) Importer(815301076,1909f56bfc062723c751e8b465ee728b)
Start importing Assets/DownloadedContent/Characters/Crystal_Elementals_Crystal_Mauler_Free_v1.0/animations/PNG/1_atk using Guid(85e3a4ce67d5e5245b3595a9f1c41b99) Importer(815301076,1909f56bfc062723c751e8b465ee728b)  -> (artifact id: '1f0a4632c0c4a7e826b6dec47425ab97') in 0.000867 seconds
Number of updated asset objects reloaded before import = 0
Number of asset objects unloaded after import = 0
========================================================================
Received Import Request.
  Time since last request: 1.874200 seconds.
  path: Assets/DownloadedContent/Characters/Crystal_Elementals_Crystal_Mauler_Free_v1.0/animations/PNG/idle
  artifactKey: Guid(2a7531feebbf62a42bc24c3737ed57c7) Importer(815301076,1909f56bfc062723c751e8b465ee728b)
Start importing Assets/DownloadedContent/Characters/Crystal_Elementals_Crystal_Mauler_Free_v1.0/animations/PNG/idle using Guid(2a7531feebbf62a42bc24c3737ed57c7) Importer(815301076,1909f56bfc062723c751e8b465ee728b)  -> (artifact id: 'f332e995841e440217071b46dde6b2c9') in 0.004371 seconds
Number of updated asset objects reloaded before import = 0
Number of asset objects unloaded after import = 0
========================================================================
Received Import Request.
  Time since last request: 0.064251 seconds.
  path: Assets/DownloadedContent/Characters/Crystal_Elementals_Crystal_Mauler_Free_v1.0/animations/PNG/idle/idle_2.png
  artifactKey: Guid(29352b2a8a32af843bdc4d1dc2a69ea3) Importer(815301076,1909f56bfc062723c751e8b465ee728b)
Start importing Assets/DownloadedContent/Characters/Crystal_Elementals_Crystal_Mauler_Free_v1.0/animations/PNG/idle/idle_2.png using Guid(29352b2a8a32af843bdc4d1dc2a69ea3) Importer(815301076,1909f56bfc062723c751e8b465ee728b)  -> (artifact id: '9f8bef3d8998dd4a79ded0ca40386686') in 0.023984 seconds
Number of updated asset objects reloaded before import = 0
Number of asset objects unloaded after import = 3
========================================================================
Received Import Request.
  Time since last request: 0.009658 seconds.
  path: Assets/DownloadedContent/Characters/Crystal_Elementals_Crystal_Mauler_Free_v1.0/animations/PNG/idle/idle_4.png
  artifactKey: Guid(4b69aef9d703d7d46a3c59a3c1d83381) Importer(815301076,1909f56bfc062723c751e8b465ee728b)
Start importing Assets/DownloadedContent/Characters/Crystal_Elementals_Crystal_Mauler_Free_v1.0/animations/PNG/idle/idle_4.png using Guid(4b69aef9d703d7d46a3c59a3c1d83381) Importer(815301076,1909f56bfc062723c751e8b465ee728b)  -> (artifact id: '6956d3f796fed1ffcf9350f96175c0e7') in 0.045144 seconds
Number of updated asset objects reloaded before import = 0
Number of asset objects unloaded after import = 3
========================================================================
Received Import Request.
  Time since last request: 0.000045 seconds.
  path: Assets/DownloadedContent/Characters/Crystal_Elementals_Crystal_Mauler_Free_v1.0/animations/PNG/idle/idle_5.png
  artifactKey: Guid(d4855a8bd7b5b5845b8dff1f5a7fcb52) Importer(815301076,1909f56bfc062723c751e8b465ee728b)
Start importing Assets/DownloadedContent/Characters/Crystal_Elementals_Crystal_Mauler_Free_v1.0/animations/PNG/idle/idle_5.png using Guid(d4855a8bd7b5b5845b8dff1f5a7fcb52) Importer(815301076,1909f56bfc062723c751e8b465ee728b)  -> (artifact id: '4ced4f48ae387272c27584bdffe4806b') in 0.075372 seconds
Number of updated asset objects reloaded before import = 0
Number of asset objects unloaded after import = 3
========================================================================
Received Import Request.
  Time since last request: 0.000629 seconds.
  path: Assets/DownloadedContent/Characters/Crystal_Elementals_Crystal_Mauler_Free_v1.0/animations/PNG/idle/idle_7.png
  artifactKey: Guid(aae95ff5d92cdf3409e2290583540094) Importer(815301076,1909f56bfc062723c751e8b465ee728b)
Start importing Assets/DownloadedContent/Characters/Crystal_Elementals_Crystal_Mauler_Free_v1.0/animations/PNG/idle/idle_7.png using Guid(aae95ff5d92cdf3409e2290583540094) Importer(815301076,1909f56bfc062723c751e8b465ee728b)  -> (artifact id: 'cabd9b0f07c9067bc8692bcb118d4c6f') in 0.065481 seconds
Number of updated asset objects reloaded before import = 0
Number of asset objects unloaded after import = 3
Editor requested this worker to shutdown with reason: Scaling down because of idle timeout
TcpMessagingSession - receive error: operation aborted. errorcode: 995, details: La operacin de E/S se anul por una salida de subproceso o por una solicitud de aplicacin.
AssetImportWorker is now disconnected from the server
Process exiting
Exiting without the bug reporter. Application will terminate with return code 0