Using pre-set license
Built from '2022.3/staging' branch; Version is '2022.3.17f1 (4fc78088f837) revision 5228416'; Using compiler version '192829333'; Build Type 'Release'
OS: 'Windows 10  (10.0.19045) 64bit ProfessionalWorkstation' Language: 'es' Physical Memory: 16087 MB
BatchMode: 1, IsHumanControllingUs: 0, StartBugReporterOnCrash: 0, Is64bit: 1, IsPro: 1

COMMAND LINE ARGUMENTS:
C:\Program Files\Unity\Hub\Editor\2022.3.17f1\Editor\Unity.exe
-adb2
-batchMode
-noUpm
-name
AssetImportWorker6
-projectPath
C:/Users/Usuario/Documents/GitHub/DAM_UF2_Proyecto/UF2_Proyecto
-logFile
Logs/AssetImportWorker6.log
-srvPort
51342
Successfully changed project path to: C:/Users/Usuario/Documents/GitHub/DAM_UF2_Proyecto/UF2_Proyecto
C:/Users/Usuario/Documents/GitHub/DAM_UF2_Proyecto/UF2_Proyecto
[UnityMemory] Configuration Parameters - Can be set up in boot.config
    "memorysetup-bucket-allocator-granularity=16"
    "memorysetup-bucket-allocator-bucket-count=8"
    "memorysetup-bucket-allocator-block-size=33554432"
    "memorysetup-bucket-allocator-block-count=8"
    "memorysetup-main-allocator-block-size=16777216"
    "memorysetup-thread-allocator-block-size=16777216"
    "memorysetup-gfx-main-allocator-block-size=16777216"
    "memorysetup-gfx-thread-allocator-block-size=16777216"
    "memorysetup-cache-allocator-block-size=4194304"
    "memorysetup-typetree-allocator-block-size=2097152"
    "memorysetup-profiler-bucket-allocator-granularity=16"
    "memorysetup-profiler-bucket-allocator-bucket-count=8"
    "memorysetup-profiler-bucket-allocator-block-size=33554432"
    "memorysetup-profiler-bucket-allocator-block-count=8"
    "memorysetup-profiler-allocator-block-size=16777216"
    "memorysetup-profiler-editor-allocator-block-size=1048576"
    "memorysetup-temp-allocator-size-main=16777216"
    "memorysetup-job-temp-allocator-block-size=2097152"
    "memorysetup-job-temp-allocator-block-size-background=1048576"
    "memorysetup-job-temp-allocator-reduction-small-platforms=262144"
    "memorysetup-allocator-temp-initial-block-size-main=262144"
    "memorysetup-allocator-temp-initial-block-size-worker=262144"
    "memorysetup-temp-allocator-size-background-worker=32768"
    "memorysetup-temp-allocator-size-job-worker=262144"
    "memorysetup-temp-allocator-size-preload-manager=33554432"
    "memorysetup-temp-allocator-size-nav-mesh-worker=65536"
    "memorysetup-temp-allocator-size-audio-worker=65536"
    "memorysetup-temp-allocator-size-cloud-worker=32768"
    "memorysetup-temp-allocator-size-gi-baking-worker=262144"
    "memorysetup-temp-allocator-size-gfx=262144"
Player connection [55072] Host "[IP] 192.168.1.131 [Port] 0 [Flags] 2 [Guid] 2694343401 [EditorId] 2694343401 [Version] 1048832 [Id] WindowsEditor(7,DESKTOP-3P4O3T5) [Debug] 1 [PackageName] WindowsEditor [ProjectName] Editor" joined multi-casting on [225.0.0.222:54997]...

Player connection [55072] Host "[IP] 192.168.1.131 [Port] 0 [Flags] 2 [Guid] 2694343401 [EditorId] 2694343401 [Version] 1048832 [Id] WindowsEditor(7,DESKTOP-3P4O3T5) [Debug] 1 [PackageName] WindowsEditor [ProjectName] Editor" joined alternative multi-casting on [225.0.0.222:34997]...

[Physics::Module] Initialized MultithreadedJobDispatcher with 11 workers.
Refreshing native plugins compatible for Editor in 49.17 ms, found 4 plugins.
Preloading 0 native plugins for Editor in 0.00 ms.
Initialize engine version: 2022.3.17f1 (4fc78088f837)
[Subsystems] Discovering subsystems at path C:/Program Files/Unity/Hub/Editor/2022.3.17f1/Editor/Data/Resources/UnitySubsystems
[Subsystems] Discovering subsystems at path C:/Users/Usuario/Documents/GitHub/DAM_UF2_Proyecto/UF2_Proyecto/Assets
GfxDevice: creating device client; threaded=0; jobified=0
Direct3D:
    Version:  Direct3D 11.0 [level 11.1]
    Renderer: Intel(R) Iris(R) Xe Graphics (ID=0xa7a1)
    Vendor:   Intel
    VRAM:     8043 MB
    Driver:   31.0.101.4314
Initialize mono
Mono path[0] = 'C:/Program Files/Unity/Hub/Editor/2022.3.17f1/Editor/Data/Managed'
Mono path[1] = 'C:/Program Files/Unity/Hub/Editor/2022.3.17f1/Editor/Data/MonoBleedingEdge/lib/mono/unityjit-win32'
Mono config path = 'C:/Program Files/Unity/Hub/Editor/2022.3.17f1/Editor/Data/MonoBleedingEdge/etc'
Using monoOptions --debugger-agent=transport=dt_socket,embedding=1,server=y,suspend=n,address=127.0.0.1:56272
Begin MonoManager ReloadAssembly
Registering precompiled unity dll's ...
Register platform support module: C:/Program Files/Unity/Hub/Editor/2022.3.17f1/Editor/Data/PlaybackEngines/WindowsStandaloneSupport/UnityEditor.WindowsStandalone.Extensions.dll
Registered in 0.026428 seconds.
- Loaded All Assemblies, in  1.258 seconds
Native extension for WindowsStandalone target not found
Mono: successfully reloaded assembly
- Finished resetting the current domain, in  1.050 seconds
Domain Reload Profiling: 2304ms
	BeginReloadAssembly (360ms)
		ExecutionOrderSort (0ms)
		DisableScriptedObjects (0ms)
		BackupInstance (0ms)
		ReleaseScriptingObjects (0ms)
		CreateAndSetChildDomain (1ms)
	RebuildCommonClasses (155ms)
	RebuildNativeTypeToScriptingClass (26ms)
	initialDomainReloadingComplete (238ms)
	LoadAllAssembliesAndSetupDomain (473ms)
		LoadAssemblies (357ms)
		RebuildTransferFunctionScriptingTraits (0ms)
		AnalyzeDomain (467ms)
			TypeCache.Refresh (464ms)
				TypeCache.ScanAssembly (419ms)
			ScanForSourceGeneratedMonoScriptInfo (1ms)
			ResolveRequiredComponents (1ms)
	FinalizeReload (1051ms)
		ReleaseScriptCaches (0ms)
		RebuildScriptCaches (0ms)
		SetupLoadedEditorAssemblies (888ms)
			LogAssemblyErrors (0ms)
			InitializePlatformSupportModulesInManaged (58ms)
			SetLoadedEditorAssemblies (43ms)
			RefreshPlugins (0ms)
			BeforeProcessingInitializeOnLoad (18ms)
			ProcessInitializeOnLoadAttributes (577ms)
			ProcessInitializeOnLoadMethodAttributes (192ms)
			AfterProcessingInitializeOnLoad (0ms)
			EditorAssembliesLoaded (0ms)
		ExecutionOrderSort2 (0ms)
		AwakeInstancesAfterBackupRestoration (0ms)
========================================================================
Worker process is ready to serve import requests
Begin MonoManager ReloadAssembly
- Loaded All Assemblies, in  2.133 seconds
Refreshing native plugins compatible for Editor in 13.72 ms, found 4 plugins.
Native extension for WindowsStandalone target not found
Package Manager log level set to [2]
[Package Manager] Server::EnsureServerProcessIsRunning -- launch failed, reason: Unity was launched with the -noUpm command-line argument
[Package Manager] UpmClient::Send -- Unable to send message (not connected to UPM process).
[Package Manager] Cannot connect to Unity Package Manager local server
Mono: successfully reloaded assembly
- Finished resetting the current domain, in  1.966 seconds
Domain Reload Profiling: 4089ms
	BeginReloadAssembly (537ms)
		ExecutionOrderSort (0ms)
		DisableScriptedObjects (15ms)
		BackupInstance (0ms)
		ReleaseScriptingObjects (0ms)
		CreateAndSetChildDomain (114ms)
	RebuildCommonClasses (99ms)
	RebuildNativeTypeToScriptingClass (25ms)
	initialDomainReloadingComplete (107ms)
	LoadAllAssembliesAndSetupDomain (1354ms)
		LoadAssemblies (1178ms)
		RebuildTransferFunctionScriptingTraits (0ms)
		AnalyzeDomain (489ms)
			TypeCache.Refresh (417ms)
				TypeCache.ScanAssembly (373ms)
			ScanForSourceGeneratedMonoScriptInfo (56ms)
			ResolveRequiredComponents (12ms)
	FinalizeReload (1967ms)
		ReleaseScriptCaches (0ms)
		RebuildScriptCaches (0ms)
		SetupLoadedEditorAssemblies (1553ms)
			LogAssemblyErrors (0ms)
			InitializePlatformSupportModulesInManaged (22ms)
			SetLoadedEditorAssemblies (35ms)
			RefreshPlugins (0ms)
			BeforeProcessingInitializeOnLoad (215ms)
			ProcessInitializeOnLoadAttributes (1144ms)
			ProcessInitializeOnLoadMethodAttributes (116ms)
			AfterProcessingInitializeOnLoad (21ms)
			EditorAssembliesLoaded (1ms)
		ExecutionOrderSort2 (0ms)
		AwakeInstancesAfterBackupRestoration (17ms)
Failed to load shader (instanceID 416, GUID bedd19944f451ba4d83e7ed69be98d5c)
Failed to load shader (instanceID 418, GUID 9c442dc870b456e48b615cd8add0e9ef)
Failed to load shader (instanceID 412, GUID 603d454d711fe784cba9ce08dd22b881)
Failed to load shader (instanceID 408, GUID 0a8f4dcd626bcd14bbbfa5a5e116b16e)
Launched and connected shader compiler UnityShaderCompiler.exe after 0.15 seconds
Refreshing native plugins compatible for Editor in 10.23 ms, found 4 plugins.
Preloading 0 native plugins for Editor in 0.00 ms.
Unloading 1019 Unused Serialized files (Serialized files now loaded: 0)
Unloading 31 unused Assets / (109.1 KB). Loaded Objects now: 1486.
Memory consumption went from 91.4 MB to 91.3 MB.
Total: 9.424700 ms (FindLiveObjects: 0.202600 ms CreateObjectMapping: 0.064000 ms MarkObjects: 8.834300 ms  DeleteObjects: 0.320800 ms)

AssetImportParameters requested are different than current active one (requested -> active):
  custom:container-demuxer-ogg: 62fdf1f143b41e24485cea50d1cbac27 -> 
  custom:video-decoder-ogg-theora: a1e56fd34408186e4bbccfd4996cb3dc -> 
  custom:framework-win-MediaFoundation: 216162199b28c13a410421893ffa2e32 -> 
  custom:CustomObjectIndexerAttribute: 6d391050e5a25f67b0a2c618074f2cd9 -> 
  custom:container-demuxer-webm: 4f35f7cbe854078d1ac9338744f61a02 -> 
  custom:container-muxer-webm: aa71ff27fc2769a1b78a27578f13a17b -> 
  custom:video-decoder-webm-vp8: 9c59270c3fd7afecdb556c50c9e8de78 -> 
  custom:SearchIndexIgnoredProperties: e643bd26f0fe6173181afceb89e7c659 -> 
  custom:AudioImporter_EditorPlatform: d09bf68614088b80899f8185d706f6e7 -> 
  custom:video-encoder-webm-vp8: eb34c28f22e8b96e1ab97ce403110664 -> 
  custom:audio-decoder-ogg-vorbis: bf7c407c2cedff20999df2af8eb42d56 -> 
  custom:audio-encoder-webm-vorbis: bf7c407c2cedff20999df2af8eb42d56 -> 
========================================================================
Received Prepare
Begin MonoManager ReloadAssembly
- Loaded All Assemblies, in  1.528 seconds
Refreshing native plugins compatible for Editor in 33.75 ms, found 4 plugins.
Native extension for WindowsStandalone target not found
[Package Manager] Server::EnsureServerProcessIsRunning -- launch failed, reason: Unity was launched with the -noUpm command-line argument
[Package Manager] UpmClient::Send -- Unable to send message (not connected to UPM process).
[Package Manager] Cannot connect to Unity Package Manager local server
Mono: successfully reloaded assembly
- Finished resetting the current domain, in  2.451 seconds
Domain Reload Profiling: 3973ms
	BeginReloadAssembly (381ms)
		ExecutionOrderSort (0ms)
		DisableScriptedObjects (27ms)
		BackupInstance (0ms)
		ReleaseScriptingObjects (0ms)
		CreateAndSetChildDomain (104ms)
	RebuildCommonClasses (87ms)
	RebuildNativeTypeToScriptingClass (21ms)
	initialDomainReloadingComplete (64ms)
	LoadAllAssembliesAndSetupDomain (968ms)
		LoadAssemblies (1094ms)
		RebuildTransferFunctionScriptingTraits (0ms)
		AnalyzeDomain (69ms)
			TypeCache.Refresh (38ms)
				TypeCache.ScanAssembly (0ms)
			ScanForSourceGeneratedMonoScriptInfo (1ms)
			ResolveRequiredComponents (28ms)
	FinalizeReload (2452ms)
		ReleaseScriptCaches (0ms)
		RebuildScriptCaches (0ms)
		SetupLoadedEditorAssemblies (1563ms)
			LogAssemblyErrors (0ms)
			InitializePlatformSupportModulesInManaged (25ms)
			SetLoadedEditorAssemblies (9ms)
			RefreshPlugins (0ms)
			BeforeProcessingInitializeOnLoad (255ms)
			ProcessInitializeOnLoadAttributes (1105ms)
			ProcessInitializeOnLoadMethodAttributes (155ms)
			AfterProcessingInitializeOnLoad (14ms)
			EditorAssembliesLoaded (0ms)
		ExecutionOrderSort2 (0ms)
		AwakeInstancesAfterBackupRestoration (50ms)
Failed to load shader (instanceID 416, GUID bedd19944f451ba4d83e7ed69be98d5c)
Failed to load shader (instanceID 418, GUID 9c442dc870b456e48b615cd8add0e9ef)
Failed to load shader (instanceID 412, GUID 603d454d711fe784cba9ce08dd22b881)
Failed to load shader (instanceID 408, GUID 0a8f4dcd626bcd14bbbfa5a5e116b16e)
Refreshing native plugins compatible for Editor in 11.55 ms, found 4 plugins.
Preloading 0 native plugins for Editor in 0.00 ms.
Unloading 1013 Unused Serialized files (Serialized files now loaded: 0)
Unloading 22 unused Assets / (81.3 KB). Loaded Objects now: 1491.
Memory consumption went from 91.9 MB to 91.8 MB.
Total: 7.565400 ms (FindLiveObjects: 0.344700 ms CreateObjectMapping: 0.068100 ms MarkObjects: 6.953300 ms  DeleteObjects: 0.196800 ms)

Prepare: number of updated asset objects reloaded= 0
AssetImportParameters requested are different than current active one (requested -> active):
  custom:container-demuxer-ogg: 62fdf1f143b41e24485cea50d1cbac27 -> 
  custom:video-decoder-ogg-theora: a1e56fd34408186e4bbccfd4996cb3dc -> 
  custom:framework-win-MediaFoundation: 216162199b28c13a410421893ffa2e32 -> 
  custom:CustomObjectIndexerAttribute: 6d391050e5a25f67b0a2c618074f2cd9 -> 
  custom:container-demuxer-webm: 4f35f7cbe854078d1ac9338744f61a02 -> 
  custom:container-muxer-webm: aa71ff27fc2769a1b78a27578f13a17b -> 
  custom:video-decoder-webm-vp8: 9c59270c3fd7afecdb556c50c9e8de78 -> 
  custom:SearchIndexIgnoredProperties: e643bd26f0fe6173181afceb89e7c659 -> 
  custom:AudioImporter_EditorPlatform: d09bf68614088b80899f8185d706f6e7 -> 
  custom:video-encoder-webm-vp8: eb34c28f22e8b96e1ab97ce403110664 -> 
  custom:audio-decoder-ogg-vorbis: bf7c407c2cedff20999df2af8eb42d56 -> 
  custom:audio-encoder-webm-vorbis: bf7c407c2cedff20999df2af8eb42d56 -> 
========================================================================
Received Import Request.
  Time since last request: 19625.869439 seconds.
  path: Assets/DownloadedContent/Edinnu_UI_asset_pack/Dialogue_plates/Plate (42).png
  artifactKey: Guid(2c3041ea19f71e76b881cf766aaaabc5) Importer(815301076,1909f56bfc062723c751e8b465ee728b)
Start importing Assets/DownloadedContent/Edinnu_UI_asset_pack/Dialogue_plates/Plate (42).png using Guid(2c3041ea19f71e76b881cf766aaaabc5) Importer(815301076,1909f56bfc062723c751e8b465ee728b)  -> (artifact id: 'cb14c23437f31095da12ebe51d1420ac') in 0.344199 seconds
Number of updated asset objects reloaded before import = 0
Number of asset objects unloaded after import = 3
========================================================================
Received Import Request.
  Time since last request: 0.000055 seconds.
  path: Assets/DownloadedContent/Edinnu_UI_asset_pack/Dialogue_plates/Plate (52).png
  artifactKey: Guid(7da80747d4234bd07b08b8acc931b5cc) Importer(815301076,1909f56bfc062723c751e8b465ee728b)
Start importing Assets/DownloadedContent/Edinnu_UI_asset_pack/Dialogue_plates/Plate (52).png using Guid(7da80747d4234bd07b08b8acc931b5cc) Importer(815301076,1909f56bfc062723c751e8b465ee728b)  -> (artifact id: '92a41b1d0afd56759184ad5bb1de4568') in 0.049117 seconds
Number of updated asset objects reloaded before import = 0
Number of asset objects unloaded after import = 3
========================================================================
Received Import Request.
  Time since last request: 0.001623 seconds.
  path: Assets/DownloadedContent/Edinnu_UI_asset_pack/Dialogue_plates/Plate (43).png
  artifactKey: Guid(0e8beb251d85fce33852279b19744103) Importer(815301076,1909f56bfc062723c751e8b465ee728b)
Start importing Assets/DownloadedContent/Edinnu_UI_asset_pack/Dialogue_plates/Plate (43).png using Guid(0e8beb251d85fce33852279b19744103) Importer(815301076,1909f56bfc062723c751e8b465ee728b)  -> (artifact id: 'ff731533416c5d0f23eef3f4edbdb4ef') in 0.054902 seconds
Number of updated asset objects reloaded before import = 0
Number of asset objects unloaded after import = 3
========================================================================
Received Import Request.
  Time since last request: 0.000056 seconds.
  path: Assets/DownloadedContent/Edinnu_UI_asset_pack/Dialogue_plates/Plate (59).png
  artifactKey: Guid(a35bf4a36866d4a3db3ef60a4ae7ab4b) Importer(815301076,1909f56bfc062723c751e8b465ee728b)
Start importing Assets/DownloadedContent/Edinnu_UI_asset_pack/Dialogue_plates/Plate (59).png using Guid(a35bf4a36866d4a3db3ef60a4ae7ab4b) Importer(815301076,1909f56bfc062723c751e8b465ee728b)  -> (artifact id: 'dbc6e3c51189fc20fa6be4e36d5bb6d4') in 0.042601 seconds
Number of updated asset objects reloaded before import = 0
Number of asset objects unloaded after import = 3
========================================================================
Received Import Request.
  Time since last request: 0.000044 seconds.
  path: Assets/DownloadedContent/Edinnu_UI_asset_pack/Dialogue_plates/Plate (50).png
  artifactKey: Guid(cdcf3deb24da6be07b3da74720fb65cc) Importer(815301076,1909f56bfc062723c751e8b465ee728b)
Start importing Assets/DownloadedContent/Edinnu_UI_asset_pack/Dialogue_plates/Plate (50).png using Guid(cdcf3deb24da6be07b3da74720fb65cc) Importer(815301076,1909f56bfc062723c751e8b465ee728b)  -> (artifact id: 'e1be16db3fb83e8809cbaa33d1f25315') in 0.042552 seconds
Number of updated asset objects reloaded before import = 0
Number of asset objects unloaded after import = 3
========================================================================
Received Import Request.
  Time since last request: 0.000064 seconds.
  path: Assets/DownloadedContent/Edinnu_UI_asset_pack/Dialogue_plates/Plate (55).png
  artifactKey: Guid(e0f87360b06d084f2bf024f8f6075892) Importer(815301076,1909f56bfc062723c751e8b465ee728b)
Start importing Assets/DownloadedContent/Edinnu_UI_asset_pack/Dialogue_plates/Plate (55).png using Guid(e0f87360b06d084f2bf024f8f6075892) Importer(815301076,1909f56bfc062723c751e8b465ee728b)  -> (artifact id: '074f6d9bb26cedbbe6dbac58f6eb299d') in 0.094290 seconds
Number of updated asset objects reloaded before import = 0
Number of asset objects unloaded after import = 3
========================================================================
Received Import Request.
  Time since last request: 0.000046 seconds.
  path: Assets/DownloadedContent/Edinnu_UI_asset_pack/Dialogue_plates/Plate (60).png
  artifactKey: Guid(7d16ad631f0a30a01994ca28bfd3efd2) Importer(815301076,1909f56bfc062723c751e8b465ee728b)
Start importing Assets/DownloadedContent/Edinnu_UI_asset_pack/Dialogue_plates/Plate (60).png using Guid(7d16ad631f0a30a01994ca28bfd3efd2) Importer(815301076,1909f56bfc062723c751e8b465ee728b)  -> (artifact id: '2cc5176793ab0009ac097871b8cb7665') in 0.071683 seconds
Number of updated asset objects reloaded before import = 0
Number of asset objects unloaded after import = 3
========================================================================
Received Import Request.
  Time since last request: 0.000417 seconds.
  path: Assets/DownloadedContent/Edinnu_UI_asset_pack/Dialogue_plates/Plate (49).png
  artifactKey: Guid(6b7e7f3b92870ab58b4fc3887b6e47db) Importer(815301076,1909f56bfc062723c751e8b465ee728b)
Start importing Assets/DownloadedContent/Edinnu_UI_asset_pack/Dialogue_plates/Plate (49).png using Guid(6b7e7f3b92870ab58b4fc3887b6e47db) Importer(815301076,1909f56bfc062723c751e8b465ee728b)  -> (artifact id: 'd77c8f3fffb0ce95d2ada4fa733cd913') in 0.066157 seconds
Number of updated asset objects reloaded before import = 0
Number of asset objects unloaded after import = 3
========================================================================
Received Import Request.
  Time since last request: 0.000059 seconds.
  path: Assets/DownloadedContent/Edinnu_UI_asset_pack/Dialogue_plates/Plate (48).png
  artifactKey: Guid(9d0fd9f07de89c4ada0ac46b63ecc035) Importer(815301076,1909f56bfc062723c751e8b465ee728b)
Start importing Assets/DownloadedContent/Edinnu_UI_asset_pack/Dialogue_plates/Plate (48).png using Guid(9d0fd9f07de89c4ada0ac46b63ecc035) Importer(815301076,1909f56bfc062723c751e8b465ee728b)  -> (artifact id: '90de05d79fdccc47fda671125980e801') in 0.058179 seconds
Number of updated asset objects reloaded before import = 0
Number of asset objects unloaded after import = 3
========================================================================
Received Import Request.
  Time since last request: 0.000102 seconds.
  path: Assets/DownloadedContent/Edinnu_UI_asset_pack/Dialogue_plates/Plate (51).png
  artifactKey: Guid(84f824def13f52657837664f6ec61bd8) Importer(815301076,1909f56bfc062723c751e8b465ee728b)
Start importing Assets/DownloadedContent/Edinnu_UI_asset_pack/Dialogue_plates/Plate (51).png using Guid(84f824def13f52657837664f6ec61bd8) Importer(815301076,1909f56bfc062723c751e8b465ee728b)  -> (artifact id: 'b735db55ad68b13ce3ce24045f0a0124') in 0.044888 seconds
Number of updated asset objects reloaded before import = 0
Number of asset objects unloaded after import = 3
========================================================================
Received Import Request.
  Time since last request: 0.000036 seconds.
  path: Assets/DownloadedContent/Edinnu_UI_asset_pack/Dialogue_plates/Plate (54).png
  artifactKey: Guid(2b504e64fd4e36de796cb852a3fd8906) Importer(815301076,1909f56bfc062723c751e8b465ee728b)
Start importing Assets/DownloadedContent/Edinnu_UI_asset_pack/Dialogue_plates/Plate (54).png using Guid(2b504e64fd4e36de796cb852a3fd8906) Importer(815301076,1909f56bfc062723c751e8b465ee728b)  -> (artifact id: 'd9feeaa775c1acc6c9bc6f9364e7121e') in 0.033402 seconds
Number of updated asset objects reloaded before import = 0
Number of asset objects unloaded after import = 3
========================================================================
Received Import Request.
  Time since last request: 11.579463 seconds.
  path: Assets/DownloadedContent/Edinnu_UI_asset_pack/Indicator/Indicator (2).png
  artifactKey: Guid(004ca9b2d646da8c88b14f7269b0b7b1) Importer(815301076,1909f56bfc062723c751e8b465ee728b)
Start importing Assets/DownloadedContent/Edinnu_UI_asset_pack/Indicator/Indicator (2).png using Guid(004ca9b2d646da8c88b14f7269b0b7b1) Importer(815301076,1909f56bfc062723c751e8b465ee728b)  -> (artifact id: '6725a7a45e73fb5b404dc6957f362e8b') in 0.069941 seconds
Number of updated asset objects reloaded before import = 0
Number of asset objects unloaded after import = 3
========================================================================
Received Import Request.
  Time since last request: 0.000068 seconds.
  path: Assets/DownloadedContent/Edinnu_UI_asset_pack/Indicator/Indicator (15).png
  artifactKey: Guid(3c5d43def690f9b10a0d531470f9b406) Importer(815301076,1909f56bfc062723c751e8b465ee728b)
Start importing Assets/DownloadedContent/Edinnu_UI_asset_pack/Indicator/Indicator (15).png using Guid(3c5d43def690f9b10a0d531470f9b406) Importer(815301076,1909f56bfc062723c751e8b465ee728b)  -> (artifact id: 'b2dc711054956d25dd8670cee4ee64a7') in 0.072460 seconds
Number of updated asset objects reloaded before import = 0
Number of asset objects unloaded after import = 3
========================================================================
Received Import Request.
  Time since last request: 0.000071 seconds.
  path: Assets/DownloadedContent/Edinnu_UI_asset_pack/Indicator/Indicator (5).png
  artifactKey: Guid(635d90da5dfb8e811906ac4311177526) Importer(815301076,1909f56bfc062723c751e8b465ee728b)
Start importing Assets/DownloadedContent/Edinnu_UI_asset_pack/Indicator/Indicator (5).png using Guid(635d90da5dfb8e811906ac4311177526) Importer(815301076,1909f56bfc062723c751e8b465ee728b)  -> (artifact id: '96b46e90e410633b6e2cd0173c174fac') in 0.058744 seconds
Number of updated asset objects reloaded before import = 0
Number of asset objects unloaded after import = 3
========================================================================
Received Import Request.
  Time since last request: 0.000066 seconds.
  path: Assets/DownloadedContent/Edinnu_UI_asset_pack/Indicator/Indicator (13).png
  artifactKey: Guid(270087c5628002eacbb35b8d6fd811d0) Importer(815301076,1909f56bfc062723c751e8b465ee728b)
Start importing Assets/DownloadedContent/Edinnu_UI_asset_pack/Indicator/Indicator (13).png using Guid(270087c5628002eacbb35b8d6fd811d0) Importer(815301076,1909f56bfc062723c751e8b465ee728b)  -> (artifact id: 'c03afe2cd9ffaa278d2b753c324ece93') in 0.106255 seconds
Number of updated asset objects reloaded before import = 0
Number of asset objects unloaded after import = 3
========================================================================
Received Import Request.
  Time since last request: 0.000038 seconds.
  path: Assets/DownloadedContent/Edinnu_UI_asset_pack/Indicator/Indicator (14).png
  artifactKey: Guid(6b766f1969c293f369a922e4950dddfc) Importer(815301076,1909f56bfc062723c751e8b465ee728b)
Start importing Assets/DownloadedContent/Edinnu_UI_asset_pack/Indicator/Indicator (14).png using Guid(6b766f1969c293f369a922e4950dddfc) Importer(815301076,1909f56bfc062723c751e8b465ee728b)  -> (artifact id: 'e35a670a17b941d4393a7fa8e9e447b7') in 0.063619 seconds
Number of updated asset objects reloaded before import = 0
Number of asset objects unloaded after import = 3
========================================================================
Received Import Request.
  Time since last request: 0.000041 seconds.
  path: Assets/DownloadedContent/Edinnu_UI_asset_pack/Indicator/Indicator (10).png
  artifactKey: Guid(deb6e30584240639fb82337fc77a5e96) Importer(815301076,1909f56bfc062723c751e8b465ee728b)
Start importing Assets/DownloadedContent/Edinnu_UI_asset_pack/Indicator/Indicator (10).png using Guid(deb6e30584240639fb82337fc77a5e96) Importer(815301076,1909f56bfc062723c751e8b465ee728b)  -> (artifact id: '741f601195562c529c0eebfba4bd5130') in 0.037012 seconds
Number of updated asset objects reloaded before import = 0
Number of asset objects unloaded after import = 3
Editor requested this worker to shutdown with reason: Scaling down because of idle timeout
TcpMessagingSession - receive error: operation aborted. errorcode: 995, details: La operación de E/S se anuló por una salida de subproceso o por una solicitud de aplicación.
AssetImportWorker is now disconnected from the server
Process exiting
Exiting without the bug reporter. Application will terminate with return code 0