Using pre-set license
Built from '2022.3/staging' branch; Version is '2022.3.17f1 (4fc78088f837) revision 5228416'; Using compiler version '192829333'; Build Type 'Release'
OS: 'Windows 10  (10.0.19045) 64bit ProfessionalWorkstation' Language: 'es' Physical Memory: 16087 MB
BatchMode: 1, IsHumanControllingUs: 0, StartBugReporterOnCrash: 0, Is64bit: 1, IsPro: 1

COMMAND LINE ARGUMENTS:
C:\Program Files\Unity\Hub\Editor\2022.3.17f1\Editor\Unity.exe
-adb2
-batchMode
-noUpm
-name
AssetImportWorker1
-projectPath
C:/Users/Usuario/Documents/GitHub/DAM_UF2_Proyecto/UF2_Proyecto
-logFile
Logs/AssetImportWorker1.log
-srvPort
50009
Successfully changed project path to: C:/Users/Usuario/Documents/GitHub/DAM_UF2_Proyecto/UF2_Proyecto
C:/Users/Usuario/Documents/GitHub/DAM_UF2_Proyecto/UF2_Proyecto
[UnityMemory] Configuration Parameters - Can be set up in boot.config
    "memorysetup-bucket-allocator-granularity=16"
    "memorysetup-bucket-allocator-bucket-count=8"
    "memorysetup-bucket-allocator-block-size=33554432"
    "memorysetup-bucket-allocator-block-count=8"
    "memorysetup-main-allocator-block-size=16777216"
    "memorysetup-thread-allocator-block-size=16777216"
    "memorysetup-gfx-main-allocator-block-size=16777216"
    "memorysetup-gfx-thread-allocator-block-size=16777216"
    "memorysetup-cache-allocator-block-size=4194304"
    "memorysetup-typetree-allocator-block-size=2097152"
    "memorysetup-profiler-bucket-allocator-granularity=16"
    "memorysetup-profiler-bucket-allocator-bucket-count=8"
    "memorysetup-profiler-bucket-allocator-block-size=33554432"
    "memorysetup-profiler-bucket-allocator-block-count=8"
    "memorysetup-profiler-allocator-block-size=16777216"
    "memorysetup-profiler-editor-allocator-block-size=1048576"
    "memorysetup-temp-allocator-size-main=16777216"
    "memorysetup-job-temp-allocator-block-size=2097152"
    "memorysetup-job-temp-allocator-block-size-background=1048576"
    "memorysetup-job-temp-allocator-reduction-small-platforms=262144"
    "memorysetup-allocator-temp-initial-block-size-main=262144"
    "memorysetup-allocator-temp-initial-block-size-worker=262144"
    "memorysetup-temp-allocator-size-background-worker=32768"
    "memorysetup-temp-allocator-size-job-worker=262144"
    "memorysetup-temp-allocator-size-preload-manager=33554432"
    "memorysetup-temp-allocator-size-nav-mesh-worker=65536"
    "memorysetup-temp-allocator-size-audio-worker=65536"
    "memorysetup-temp-allocator-size-cloud-worker=32768"
    "memorysetup-temp-allocator-size-gi-baking-worker=262144"
    "memorysetup-temp-allocator-size-gfx=262144"
Player connection [17416] Host "[IP] 192.168.201.48 [Port] 0 [Flags] 2 [Guid] 455558951 [EditorId] 455558951 [Version] 1048832 [Id] WindowsEditor(7,DESKTOP-3P4O3T5) [Debug] 1 [PackageName] WindowsEditor [ProjectName] Editor" joined multi-casting on [225.0.0.222:54997]...

Player connection [17416] Host "[IP] 192.168.201.48 [Port] 0 [Flags] 2 [Guid] 455558951 [EditorId] 455558951 [Version] 1048832 [Id] WindowsEditor(7,DESKTOP-3P4O3T5) [Debug] 1 [PackageName] WindowsEditor [ProjectName] Editor" joined alternative multi-casting on [225.0.0.222:34997]...

[Physics::Module] Initialized MultithreadedJobDispatcher with 11 workers.
Refreshing native plugins compatible for Editor in 28.83 ms, found 4 plugins.
Preloading 0 native plugins for Editor in 0.00 ms.
Initialize engine version: 2022.3.17f1 (4fc78088f837)
[Subsystems] Discovering subsystems at path C:/Program Files/Unity/Hub/Editor/2022.3.17f1/Editor/Data/Resources/UnitySubsystems
[Subsystems] Discovering subsystems at path C:/Users/Usuario/Documents/GitHub/DAM_UF2_Proyecto/UF2_Proyecto/Assets
GfxDevice: creating device client; threaded=0; jobified=0
Direct3D:
    Version:  Direct3D 11.0 [level 11.1]
    Renderer: Intel(R) Iris(R) Xe Graphics (ID=0xa7a1)
    Vendor:   Intel
    VRAM:     8043 MB
    Driver:   31.0.101.4314
Initialize mono
Mono path[0] = 'C:/Program Files/Unity/Hub/Editor/2022.3.17f1/Editor/Data/Managed'
Mono path[1] = 'C:/Program Files/Unity/Hub/Editor/2022.3.17f1/Editor/Data/MonoBleedingEdge/lib/mono/unityjit-win32'
Mono config path = 'C:/Program Files/Unity/Hub/Editor/2022.3.17f1/Editor/Data/MonoBleedingEdge/etc'
Using monoOptions --debugger-agent=transport=dt_socket,embedding=1,server=y,suspend=n,address=127.0.0.1:56244
Begin MonoManager ReloadAssembly
Registering precompiled unity dll's ...
Register platform support module: C:/Program Files/Unity/Hub/Editor/2022.3.17f1/Editor/Data/PlaybackEngines/WindowsStandaloneSupport/UnityEditor.WindowsStandalone.Extensions.dll
Registered in 0.024574 seconds.
- Loaded All Assemblies, in  0.857 seconds
Native extension for WindowsStandalone target not found
Mono: successfully reloaded assembly
- Finished resetting the current domain, in  0.809 seconds
Domain Reload Profiling: 1663ms
	BeginReloadAssembly (279ms)
		ExecutionOrderSort (0ms)
		DisableScriptedObjects (0ms)
		BackupInstance (0ms)
		ReleaseScriptingObjects (0ms)
		CreateAndSetChildDomain (2ms)
	RebuildCommonClasses (79ms)
	RebuildNativeTypeToScriptingClass (26ms)
	initialDomainReloadingComplete (152ms)
	LoadAllAssembliesAndSetupDomain (316ms)
		LoadAssemblies (273ms)
		RebuildTransferFunctionScriptingTraits (0ms)
		AnalyzeDomain (312ms)
			TypeCache.Refresh (309ms)
				TypeCache.ScanAssembly (279ms)
			ScanForSourceGeneratedMonoScriptInfo (1ms)
			ResolveRequiredComponents (1ms)
	FinalizeReload (812ms)
		ReleaseScriptCaches (0ms)
		RebuildScriptCaches (0ms)
		SetupLoadedEditorAssemblies (643ms)
			LogAssemblyErrors (0ms)
			InitializePlatformSupportModulesInManaged (26ms)
			SetLoadedEditorAssemblies (19ms)
			RefreshPlugins (0ms)
			BeforeProcessingInitializeOnLoad (6ms)
			ProcessInitializeOnLoadAttributes (391ms)
			ProcessInitializeOnLoadMethodAttributes (201ms)
			AfterProcessingInitializeOnLoad (0ms)
			EditorAssembliesLoaded (0ms)
		ExecutionOrderSort2 (0ms)
		AwakeInstancesAfterBackupRestoration (0ms)
========================================================================
Worker process is ready to serve import requests
Begin MonoManager ReloadAssembly
- Loaded All Assemblies, in  1.837 seconds
Refreshing native plugins compatible for Editor in 15.66 ms, found 4 plugins.
Native extension for WindowsStandalone target not found
Package Manager log level set to [2]
[Package Manager] Server::EnsureServerProcessIsRunning -- launch failed, reason: Unity was launched with the -noUpm command-line argument
[Package Manager] UpmClient::Send -- Unable to send message (not connected to UPM process).
[Package Manager] Cannot connect to Unity Package Manager local server
Mono: successfully reloaded assembly
- Finished resetting the current domain, in  1.610 seconds
Domain Reload Profiling: 3440ms
	BeginReloadAssembly (356ms)
		ExecutionOrderSort (0ms)
		DisableScriptedObjects (14ms)
		BackupInstance (0ms)
		ReleaseScriptingObjects (0ms)
		CreateAndSetChildDomain (47ms)
	RebuildCommonClasses (75ms)
	RebuildNativeTypeToScriptingClass (24ms)
	initialDomainReloadingComplete (104ms)
	LoadAllAssembliesAndSetupDomain (1270ms)
		LoadAssemblies (1085ms)
		RebuildTransferFunctionScriptingTraits (0ms)
		AnalyzeDomain (395ms)
			TypeCache.Refresh (330ms)
				TypeCache.ScanAssembly (295ms)
			ScanForSourceGeneratedMonoScriptInfo (51ms)
			ResolveRequiredComponents (11ms)
	FinalizeReload (1611ms)
		ReleaseScriptCaches (0ms)
		RebuildScriptCaches (0ms)
		SetupLoadedEditorAssemblies (1285ms)
			LogAssemblyErrors (0ms)
			InitializePlatformSupportModulesInManaged (17ms)
			SetLoadedEditorAssemblies (9ms)
			RefreshPlugins (0ms)
			BeforeProcessingInitializeOnLoad (186ms)
			ProcessInitializeOnLoadAttributes (957ms)
			ProcessInitializeOnLoadMethodAttributes (98ms)
			AfterProcessingInitializeOnLoad (18ms)
			EditorAssembliesLoaded (1ms)
		ExecutionOrderSort2 (0ms)
		AwakeInstancesAfterBackupRestoration (15ms)
Failed to load shader (instanceID 416, GUID bedd19944f451ba4d83e7ed69be98d5c)
Failed to load shader (instanceID 418, GUID 9c442dc870b456e48b615cd8add0e9ef)
Failed to load shader (instanceID 412, GUID 603d454d711fe784cba9ce08dd22b881)
Failed to load shader (instanceID 408, GUID 0a8f4dcd626bcd14bbbfa5a5e116b16e)
Launched and connected shader compiler UnityShaderCompiler.exe after 0.11 seconds
Refreshing native plugins compatible for Editor in 13.74 ms, found 4 plugins.
Preloading 0 native plugins for Editor in 0.00 ms.
Unloading 1029 Unused Serialized files (Serialized files now loaded: 0)
Unloading 31 unused Assets / (109.7 KB). Loaded Objects now: 1498.
Memory consumption went from 91.9 MB to 91.8 MB.
Total: 9.019000 ms (FindLiveObjects: 0.218800 ms CreateObjectMapping: 0.080700 ms MarkObjects: 8.463600 ms  DeleteObjects: 0.253600 ms)

AssetImportParameters requested are different than current active one (requested -> active):
  custom:container-demuxer-ogg: 62fdf1f143b41e24485cea50d1cbac27 -> 
  custom:video-decoder-ogg-theora: a1e56fd34408186e4bbccfd4996cb3dc -> 
  custom:framework-win-MediaFoundation: 216162199b28c13a410421893ffa2e32 -> 
  custom:CustomObjectIndexerAttribute: 6d391050e5a25f67b0a2c618074f2cd9 -> 
  custom:container-demuxer-webm: 4f35f7cbe854078d1ac9338744f61a02 -> 
  custom:container-muxer-webm: aa71ff27fc2769a1b78a27578f13a17b -> 
  custom:video-decoder-webm-vp8: 9c59270c3fd7afecdb556c50c9e8de78 -> 
  custom:SearchIndexIgnoredProperties: e643bd26f0fe6173181afceb89e7c659 -> 
  custom:AudioImporter_EditorPlatform: d09bf68614088b80899f8185d706f6e7 -> 
  custom:video-encoder-webm-vp8: eb34c28f22e8b96e1ab97ce403110664 -> 
  custom:audio-decoder-ogg-vorbis: bf7c407c2cedff20999df2af8eb42d56 -> 
  custom:audio-encoder-webm-vorbis: bf7c407c2cedff20999df2af8eb42d56 -> 
========================================================================
Received Import Request.
  Time since last request: 970.437730 seconds.
  path: Assets/DownloadedContent/Enemies/raptor
  artifactKey: Guid(6c5c3f88f01cc404e8dad12090360c4b) Importer(815301076,1909f56bfc062723c751e8b465ee728b)
Start importing Assets/DownloadedContent/Enemies/raptor using Guid(6c5c3f88f01cc404e8dad12090360c4b) Importer(815301076,1909f56bfc062723c751e8b465ee728b)  -> (artifact id: '4d8aa3bb3c9920fa12b09de5e0c247c1') in 0.004169 seconds
Number of updated asset objects reloaded before import = 0
Number of asset objects unloaded after import = 0
========================================================================
Received Import Request.
  Time since last request: 0.000080 seconds.
  path: Assets/DownloadedContent/Enemies/raptor/png
  artifactKey: Guid(54a8d2daa5be9ce4a85b3f30f9ef18cb) Importer(815301076,1909f56bfc062723c751e8b465ee728b)
Start importing Assets/DownloadedContent/Enemies/raptor/png using Guid(54a8d2daa5be9ce4a85b3f30f9ef18cb) Importer(815301076,1909f56bfc062723c751e8b465ee728b)  -> (artifact id: '57cde0d6e514c0164a05c495fab7969c') in 0.000962 seconds
Number of updated asset objects reloaded before import = 0
Number of asset objects unloaded after import = 0
========================================================================
Received Import Request.
  Time since last request: 0.000064 seconds.
  path: Assets/DownloadedContent/Enemies/raptor/png/1x
  artifactKey: Guid(9354b4956c5e26c4ea38540095da0bf1) Importer(815301076,1909f56bfc062723c751e8b465ee728b)
Start importing Assets/DownloadedContent/Enemies/raptor/png/1x using Guid(9354b4956c5e26c4ea38540095da0bf1) Importer(815301076,1909f56bfc062723c751e8b465ee728b)  -> (artifact id: '8bfc62f442323671b895700cacaa19c6') in 0.000753 seconds
Number of updated asset objects reloaded before import = 0
Number of asset objects unloaded after import = 0
========================================================================
Received Import Request.
  Time since last request: 0.000071 seconds.
  path: Assets/DownloadedContent/Enemies/raptor/spritesheets
  artifactKey: Guid(5d79eb3071bcdeb4da24247c06225653) Importer(815301076,1909f56bfc062723c751e8b465ee728b)
Start importing Assets/DownloadedContent/Enemies/raptor/spritesheets using Guid(5d79eb3071bcdeb4da24247c06225653) Importer(815301076,1909f56bfc062723c751e8b465ee728b)  -> (artifact id: '742b0c3849915b70e0fa118b211e8bb6') in 0.000881 seconds
Number of updated asset objects reloaded before import = 0
Number of asset objects unloaded after import = 0
========================================================================
Received Import Request.
  Time since last request: 4.122335 seconds.
  path: Assets/DownloadedContent/Enemies/raptor/png/3x/raptor-bite/raptor-bite2.png
  artifactKey: Guid(b1b074c0686e4e34ba289ac80dc8c10d) Importer(815301076,1909f56bfc062723c751e8b465ee728b)
Start importing Assets/DownloadedContent/Enemies/raptor/png/3x/raptor-bite/raptor-bite2.png using Guid(b1b074c0686e4e34ba289ac80dc8c10d) Importer(815301076,1909f56bfc062723c751e8b465ee728b)  -> (artifact id: '2a6f646c9351f5e0f5c79f6a122cb0be') in 0.391875 seconds
Number of updated asset objects reloaded before import = 0
Number of asset objects unloaded after import = 3
========================================================================
Received Import Request.
  Time since last request: 0.000043 seconds.
  path: Assets/DownloadedContent/Enemies/raptor/png/3x/raptor-bite/raptor-bite10.png
  artifactKey: Guid(964e89f9d1c3a0b4fb0211b7daa563b0) Importer(815301076,1909f56bfc062723c751e8b465ee728b)
Start importing Assets/DownloadedContent/Enemies/raptor/png/3x/raptor-bite/raptor-bite10.png using Guid(964e89f9d1c3a0b4fb0211b7daa563b0) Importer(815301076,1909f56bfc062723c751e8b465ee728b)  -> (artifact id: 'aa3a28ddfc79343642c231b3b2fe2b6d') in 0.038671 seconds
Number of updated asset objects reloaded before import = 0
Number of asset objects unloaded after import = 3
========================================================================
Received Import Request.
  Time since last request: 0.000051 seconds.
  path: Assets/DownloadedContent/Enemies/raptor/png/3x/raptor-bite/raptor-bite9.png
  artifactKey: Guid(16f6be6d35fe2de46bd15e5d29a85081) Importer(815301076,1909f56bfc062723c751e8b465ee728b)
Start importing Assets/DownloadedContent/Enemies/raptor/png/3x/raptor-bite/raptor-bite9.png using Guid(16f6be6d35fe2de46bd15e5d29a85081) Importer(815301076,1909f56bfc062723c751e8b465ee728b)  -> (artifact id: '1ab3d26cc35d30ad2702dd70d93d4186') in 0.033835 seconds
Number of updated asset objects reloaded before import = 0
Number of asset objects unloaded after import = 3
========================================================================
Received Import Request.
  Time since last request: 0.000034 seconds.
  path: Assets/DownloadedContent/Enemies/raptor/png/3x/raptor-bite/raptor-bite3.png
  artifactKey: Guid(eaba816534054b04991e4db3bfb9973e) Importer(815301076,1909f56bfc062723c751e8b465ee728b)
Start importing Assets/DownloadedContent/Enemies/raptor/png/3x/raptor-bite/raptor-bite3.png using Guid(eaba816534054b04991e4db3bfb9973e) Importer(815301076,1909f56bfc062723c751e8b465ee728b)  -> (artifact id: 'ae693ed1617776524e36590af1dffc04') in 0.035169 seconds
Number of updated asset objects reloaded before import = 0
Number of asset objects unloaded after import = 3
========================================================================
Received Import Request.
  Time since last request: 0.000031 seconds.
  path: Assets/DownloadedContent/Enemies/raptor/png/3x/raptor-bite/raptor-bite8.png
  artifactKey: Guid(dd71474d248d5b04bbae21aa8bd33f74) Importer(815301076,1909f56bfc062723c751e8b465ee728b)
Start importing Assets/DownloadedContent/Enemies/raptor/png/3x/raptor-bite/raptor-bite8.png using Guid(dd71474d248d5b04bbae21aa8bd33f74) Importer(815301076,1909f56bfc062723c751e8b465ee728b)  -> (artifact id: '78c42dd174f676fe01dc760716d43fdf') in 0.036336 seconds
Number of updated asset objects reloaded before import = 0
Number of asset objects unloaded after import = 3
Editor requested this worker to shutdown with reason: Scaling down because of idle timeout
TcpMessagingSession - receive error: operation aborted. errorcode: 995, details: La operación de E/S se anuló por una salida de subproceso o por una solicitud de aplicación.
AssetImportWorker is now disconnected from the server
Process exiting
Exiting without the bug reporter. Application will terminate with return code 0