Unity Editor version:    2022.3.17f1 (4fc78088f837)
Branch:                  2022.3/staging
Build type:              Release
Batch mode:              YES
System name:             Linux
Distro version:          #21~22.04.1-Ubuntu SMP PREEMPT_DYNAMIC Fri Feb  9 13:32:52 UTC 2
Kernel version:          6.5.0-21-generic
Architecture:            x86_64
Available memory:        15667 MB
Using pre-set license
Pro License: YES
Desktop is 1920 x 1080 @ 60 Hz
Initialize udev device monitor.

COMMAND LINE ARGUMENTS:
Unity
-adb2
-batchMode
-noUpm
-name
AssetImportWorker3
-projectPath
/media/MV-Linux/MaquinasVirtuais/a22alanbm/DAM_UF2_Proyecto/UF2_Proyecto
-logFile
Logs/AssetImportWorker3.log
-srvPort
41023
Successfully changed project path to: /media/MV-Linux/MaquinasVirtuais/a22alanbm/DAM_UF2_Proyecto/UF2_Proyecto
/media/MV-Linux/MaquinasVirtuais/a22alanbm/DAM_UF2_Proyecto/UF2_Proyecto
[UnityMemory] Configuration Parameters - Can be set up in boot.config
    "memorysetup-bucket-allocator-granularity=16"
    "memorysetup-bucket-allocator-bucket-count=8"
    "memorysetup-bucket-allocator-block-size=33554432"
    "memorysetup-bucket-allocator-block-count=8"
    "memorysetup-main-allocator-block-size=16777216"
    "memorysetup-thread-allocator-block-size=16777216"
    "memorysetup-gfx-main-allocator-block-size=16777216"
    "memorysetup-gfx-thread-allocator-block-size=16777216"
    "memorysetup-cache-allocator-block-size=4194304"
    "memorysetup-typetree-allocator-block-size=2097152"
    "memorysetup-profiler-bucket-allocator-granularity=16"
    "memorysetup-profiler-bucket-allocator-bucket-count=8"
    "memorysetup-profiler-bucket-allocator-block-size=33554432"
    "memorysetup-profiler-bucket-allocator-block-count=8"
    "memorysetup-profiler-allocator-block-size=16777216"
    "memorysetup-profiler-editor-allocator-block-size=1048576"
    "memorysetup-temp-allocator-size-main=16777216"
    "memorysetup-job-temp-allocator-block-size=2097152"
    "memorysetup-job-temp-allocator-block-size-background=1048576"
    "memorysetup-job-temp-allocator-reduction-small-platforms=262144"
    "memorysetup-allocator-temp-initial-block-size-main=262144"
    "memorysetup-allocator-temp-initial-block-size-worker=262144"
    "memorysetup-temp-allocator-size-background-worker=32768"
    "memorysetup-temp-allocator-size-job-worker=262144"
    "memorysetup-temp-allocator-size-preload-manager=33554432"
    "memorysetup-temp-allocator-size-nav-mesh-worker=65536"
    "memorysetup-temp-allocator-size-audio-worker=65536"
    "memorysetup-temp-allocator-size-cloud-worker=32768"
    "memorysetup-temp-allocator-size-gi-baking-worker=262144"
    "memorysetup-temp-allocator-size-gfx=262144"
Player connection [140463368197056] Host "[IP] 10.21.0.6 [Port] 0 [Flags] 2 [Guid] 1855109892 [EditorId] 1855109892 [Version] 1048832 [Id] LinuxEditor(16,10.21.0.6) [Debug] 1 [PackageName] LinuxEditor [ProjectName] Editor" joined multi-casting on [225.0.0.222:54997]...

Player connection [140463368197056] Host "[IP] 10.21.0.6 [Port] 0 [Flags] 2 [Guid] 1855109892 [EditorId] 1855109892 [Version] 1048832 [Id] LinuxEditor(16,10.21.0.6) [Debug] 1 [PackageName] LinuxEditor [ProjectName] Editor" joined alternative multi-casting on [225.0.0.222:34997]...

[Physics::Module] Initialized MultithreadedJobDispatcher with 15 workers.
Refreshing native plugins compatible for Editor in 2,67 ms, found 1 plugins.
Preloading 0 native plugins for Editor in 0,00 ms.
Initialize engine version: 2022.3.17f1 (4fc78088f837)
[Subsystems] Discovering subsystems at path /media/MV-Linux/MaquinasVirtuais/a22alanbm/unity/2022.3.17f1/Editor/Data/Resources/UnitySubsystems
[Subsystems] Discovering subsystems at path /media/MV-Linux/MaquinasVirtuais/a22alanbm/DAM_UF2_Proyecto/UF2_Proyecto/Assets
GLX Extensions: GLX_ARB_context_flush_control GLX_ARB_create_context GLX_ARB_create_context_no_error GLX_ARB_create_context_profile GLX_ARB_create_context_robustness GLX_ARB_fbconfig_float GLX_ARB_framebuffer_sRGB GLX_ARB_get_proc_address GLX_ARB_multisample GLX_EXT_buffer_age GLX_EXT_create_context_es2_profile GLX_EXT_create_context_es_profile GLX_EXT_fbconfig_packed_float GLX_EXT_framebuffer_sRGB GLX_EXT_no_config_context GLX_EXT_swap_control GLX_EXT_swap_control_tear GLX_EXT_texture_from_pixmap GLX_EXT_visual_info GLX_EXT_visual_rating GLX_INTEL_swap_event GLX_MESA_copy_sub_buffer GLX_MESA_query_renderer GLX_MESA_swap_control GLX_OML_swap_method GLX_OML_sync_control GLX_SGIS_multisample GLX_SGIX_fbconfig GLX_SGIX_pbuffer GLX_SGIX_visual_select_group GLX_SGI_make_current_read GLX_SGI_swap_control GLX_SGI_video_sync 
Renderer: Mesa Intel(R) UHD Graphics 630 (CML GT2)
Vendor:   Intel
Version:  4.6 (Core Profile) Mesa 23.0.4-0ubuntu1~22.04.1
GLES:     0
 GL_3DFX_texture_compression_FXT1 GL_AMD_conservative_depth GL_AMD_depth_clamp_separate GL_AMD_draw_buffers_blend GL_AMD_gpu_shader_int64 GL_AMD_multi_draw_indirect GL_AMD_performance_monitor GL_AMD_pinned_memory GL_AMD_query_buffer_object GL_AMD_seamless_cubemap_per_texture GL_AMD_shader_stencil_export GL_AMD_shader_trinary_minmax GL_AMD_texture_texture4 GL_AMD_vertex_shader_layer GL_AMD_vertex_shader_viewport_index GL_ANGLE_texture_compression_dxt3 GL_ANGLE_texture_compression_dxt5 GL_ARB_ES2_compatibility GL_ARB_ES3_1_compatibility GL_ARB_ES3_2_compatibility GL_ARB_ES3_compatibility GL_ARB_arrays_of_arrays GL_ARB_base_instance GL_ARB_blend_func_extended GL_ARB_buffer_storage GL_ARB_clear_buffer_object GL_ARB_clear_texture GL_ARB_clip_control GL_ARB_compressed_texture_pixel_storage GL_ARB_compute_shader GL_ARB_compute_variable_group_size GL_ARB_conditional_render_inverted GL_ARB_conservative_depth GL_ARB_copy_buffer GL_ARB_copy_image GL_ARB_cull_distance GL_ARB_debug_output GL_ARB_depth_buffer_float GL_ARB
_depth_clamp GL_ARB_derivative_control GL_ARB_direct_state_access GL_ARB_draw_buffers GL_ARB_draw_buffers_blend GL_ARB_draw_elements_base_vertex GL_ARB_draw_indirect GL_ARB_draw_instanced GL_ARB_enhanced_layouts GL_ARB_explicit_attrib_location GL_ARB_explicit_uniform_location GL_ARB_fragment_coord_conventions GL_ARB_fragment_layer_viewport GL_ARB_fragment_shader GL_ARB_fragment_shader_interlock GL_ARB_framebuffer_no_attachments GL_ARB_framebuffer_object GL_ARB_framebuffer_sRGB GL_ARB_get_program_binary GL_ARB_get_texture_sub_image GL_ARB_gl_spirv GL_ARB_gpu_shader5 GL_ARB_gpu_shader_fp64 GL_ARB_gpu_shader_int64 GL_ARB_half_float_pixel GL_ARB_half_float_vertex GL_ARB_indirect_parameters GL_ARB_instanced_arrays GL_ARB_internalformat_query GL_ARB_internalformat_query2 GL_ARB_invalidate_subdata GL_ARB_map_buffer_alignment GL_ARB_map_buffer_range GL_ARB_multi_bind GL_ARB_multi_draw_indirect GL_ARB_occlusion_query2 GL_ARB_parallel_shader_compile GL_ARB_pipeline_statistics_query GL_ARB_pixel_buffer_object GL_ARB_po
int_sprite GL_ARB_polygon_offset_clamp GL_ARB_post_depth_coverage GL_ARB_program_interface_query GL_ARB_provoking_vertex GL_ARB_query_buffer_object GL_ARB_robust_buffer_access_behavior GL_ARB_robustness GL_ARB_sample_shading GL_ARB_sampler_objects GL_ARB_seamless_cube_map GL_ARB_seamless_cubemap_per_texture GL_ARB_separate_shader_objects GL_ARB_shader_atomic_counter_ops GL_ARB_shader_atomic_counters GL_ARB_shader_ballot GL_ARB_shader_bit_encoding GL_ARB_shader_clock GL_ARB_shader_draw_parameters GL_ARB_shader_group_vote GL_ARB_shader_image_load_store GL_ARB_shader_image_size GL_ARB_shader_objects GL_ARB_shader_precision GL_ARB_shader_stencil_export GL_ARB_shader_storage_buffer_object GL_ARB_shader_subroutine GL_ARB_shader_texture_image_samples GL_ARB_shader_texture_lod GL_ARB_shader_viewport_layer_array GL_ARB_shading_language_420pack GL_ARB_shading_language_include GL_ARB_shading_language_packing GL_ARB_spirv_extensions GL_ARB_stencil_texturing GL_ARB_sync GL_ARB_tessellation_shader GL_ARB_texture_barrier G
L_ARB_texture_buffer_object GL_ARB_texture_buffer_object_rgb32 GL_ARB_texture_buffer_range GL_ARB_texture_compression_bptc GL_ARB_texture_compression_rgtc GL_ARB_texture_cube_map_array GL_ARB_texture_filter_anisotropic GL_ARB_texture_float GL_ARB_texture_gather GL_ARB_texture_mirror_clamp_to_edge GL_ARB_texture_multisample GL_ARB_texture_non_power_of_two GL_ARB_texture_query_levels GL_ARB_texture_query_lod GL_ARB_texture_rectangle GL_ARB_texture_rg GL_ARB_texture_rgb10_a2ui GL_ARB_texture_stencil8 GL_ARB_texture_storage GL_ARB_texture_storage_multisample GL_ARB_texture_swizzle GL_ARB_texture_view GL_ARB_timer_query GL_ARB_transform_feedback2 GL_ARB_transform_feedback3 GL_ARB_transform_feedback_instanced GL_ARB_transform_feedback_overflow_query GL_ARB_uniform_buffer_object GL_ARB_vertex_array_bgra GL_ARB_vertex_array_object GL_ARB_vertex_attrib_64bit GL_ARB_vertex_attrib_binding GL_ARB_vertex_buffer_object GL_ARB_vertex_shader GL_ARB_vertex_type_10f_11f_11f_rev GL_ARB_vertex_type_2_10_10_10_rev GL_ARB_viewpor
t_array GL_ATI_blend_equation_separate GL_ATI_texture_float GL_EXT_EGL_image_storage GL_EXT_EGL_sync GL_EXT_abgr GL_EXT_blend_equation_separate GL_EXT_debug_label GL_EXT_demote_to_helper_invocation GL_EXT_draw_buffers2 GL_EXT_draw_instanced GL_EXT_framebuffer_blit GL_EXT_framebuffer_multisample GL_EXT_framebuffer_multisample_blit_scaled GL_EXT_framebuffer_object GL_EXT_framebuffer_sRGB GL_EXT_memory_object GL_EXT_memory_object_fd GL_EXT_packed_depth_stencil GL_EXT_packed_float GL_EXT_pixel_buffer_object GL_EXT_polygon_offset_clamp GL_EXT_provoking_vertex GL_EXT_semaphore GL_EXT_semaphore_fd GL_EXT_shader_framebuffer_fetch GL_EXT_shader_framebuffer_fetch_non_coherent GL_EXT_shader_integer_mix GL_EXT_shader_samples_identical GL_EXT_texture_array GL_EXT_texture_compression_dxt1 GL_EXT_texture_compression_rgtc GL_EXT_texture_compression_s3tc GL_EXT_texture_filter_anisotropic GL_EXT_texture_integer GL_EXT_texture_sRGB GL_EXT_texture_sRGB_R8 GL_EXT_texture_sRGB_decode GL_EXT_texture_shadow_lod GL_EXT_texture_share
d_exponent GL_EXT_texture_snorm GL_EXT_texture_swizzle GL_EXT_timer_query GL_EXT_transform_feedback GL_EXT_vertex_array_bgra GL_EXT_vertex_attrib_64bit GL_IBM_multimode_draw_arrays GL_INTEL_blackhole_render GL_INTEL_conservative_rasterization GL_INTEL_performance_query GL_INTEL_shader_atomic_float_minmax GL_INTEL_shader_integer_functions2 GL_KHR_blend_equation_advanced GL_KHR_blend_equation_advanced_coherent GL_KHR_context_flush_control GL_KHR_debug GL_KHR_no_error GL_KHR_parallel_shader_compile GL_KHR_robust_buffer_access_behavior GL_KHR_robustness GL_KHR_texture_compression_astc_ldr GL_KHR_texture_compression_astc_sliced_3d GL_MESA_framebuffer_flip_y GL_MESA_pack_invert GL_MESA_shader_integer_functions GL_MESA_texture_signed_rgba GL_NV_alpha_to_coverage_dither_control GL_NV_compute_shader_derivatives GL_NV_conditional_render GL_NV_copy_image GL_NV_depth_clamp GL_NV_fragment_shader_interlock GL_NV_packed_depth_stencil GL_NV_texture_barrier GL_OES_EGL_image GL_S3_s3tc
OPENGL LOG: Creating OpenGL 4.6 graphics device ; Context level  <OpenGL 4.5> ; Context handle -727127504
Initialize mono
Mono path[0] = '/media/MV-Linux/MaquinasVirtuais/a22alanbm/unity/2022.3.17f1/Editor/Data/Managed'
Mono path[1] = '/media/MV-Linux/MaquinasVirtuais/a22alanbm/unity/2022.3.17f1/Editor/Data/MonoBleedingEdge/lib/mono/unityjit-linux'
Mono config path = '/media/MV-Linux/MaquinasVirtuais/a22alanbm/unity/2022.3.17f1/Editor/Data/MonoBleedingEdge/etc'
Using monoOptions --debugger-agent=transport=dt_socket,embedding=1,server=y,suspend=n,address=127.0.0.1:56805
Begin MonoManager ReloadAssembly
Registering precompiled unity dll's ...
Register platform support module: /media/MV-Linux/MaquinasVirtuais/a22alanbm/unity/2022.3.17f1/Editor/Data/PlaybackEngines/AndroidPlayer/UnityEditor.Android.Extensions.dll
Register platform support module: /media/MV-Linux/MaquinasVirtuais/a22alanbm/unity/2022.3.17f1/Editor/Data/PlaybackEngines/LinuxStandaloneSupport/UnityEditor.LinuxStandalone.Extensions.dll
Registered in 0,005020 seconds.
- Loaded All Assemblies, in  0,252 seconds
Native extension for LinuxStandalone target not found
Native extension for Android target not found
Mono: successfully reloaded assembly
- Finished resetting the current domain, in  0,265 seconds
Domain Reload Profiling: 517ms
	BeginReloadAssembly (57ms)
		ExecutionOrderSort (0ms)
		DisableScriptedObjects (0ms)
		BackupInstance (0ms)
		ReleaseScriptingObjects (0ms)
		CreateAndSetChildDomain (1ms)
	RebuildCommonClasses (28ms)
	RebuildNativeTypeToScriptingClass (6ms)
	initialDomainReloadingComplete (49ms)
	LoadAllAssembliesAndSetupDomain (112ms)
		LoadAssemblies (56ms)
		RebuildTransferFunctionScriptingTraits (0ms)
		AnalyzeDomain (110ms)
			TypeCache.Refresh (109ms)
				TypeCache.ScanAssembly (98ms)
			ScanForSourceGeneratedMonoScriptInfo (0ms)
			ResolveRequiredComponents (0ms)
	FinalizeReload (265ms)
		ReleaseScriptCaches (0ms)
		RebuildScriptCaches (0ms)
		SetupLoadedEditorAssemblies (215ms)
			LogAssemblyErrors (0ms)
			InitializePlatformSupportModulesInManaged (72ms)
			SetLoadedEditorAssemblies (4ms)
			RefreshPlugins (0ms)
			BeforeProcessingInitializeOnLoad (2ms)
			ProcessInitializeOnLoadAttributes (99ms)
			ProcessInitializeOnLoadMethodAttributes (39ms)
			AfterProcessingInitializeOnLoad (0ms)
			EditorAssembliesLoaded (0ms)
		ExecutionOrderSort2 (0ms)
		AwakeInstancesAfterBackupRestoration (0ms)
========================================================================
Worker process is ready to serve import requests
Begin MonoManager ReloadAssembly
- Loaded All Assemblies, in  0,409 seconds
Refreshing native plugins compatible for Editor in 1,39 ms, found 1 plugins.
Native extension for LinuxStandalone target not found
Native extension for Android target not found
Package Manager log level set to [2]
[Package Manager] Server::EnsureServerProcessIsRunning -- launch failed, reason: Unity was launched with the -noUpm command-line argument
[Package Manager] UpmClient::Send -- Unable to send message (not connected to UPM process).
[Package Manager] Cannot connect to Unity Package Manager local server
Mono: successfully reloaded assembly
- Finished resetting the current domain, in  0,464 seconds
Domain Reload Profiling: 872ms
	BeginReloadAssembly (86ms)
		ExecutionOrderSort (0ms)
		DisableScriptedObjects (5ms)
		BackupInstance (0ms)
		ReleaseScriptingObjects (0ms)
		CreateAndSetChildDomain (15ms)
	RebuildCommonClasses (25ms)
	RebuildNativeTypeToScriptingClass (6ms)
	initialDomainReloadingComplete (33ms)
	LoadAllAssembliesAndSetupDomain (258ms)
		LoadAssemblies (162ms)
		RebuildTransferFunctionScriptingTraits (0ms)
		AnalyzeDomain (136ms)
			TypeCache.Refresh (115ms)
				TypeCache.ScanAssembly (102ms)
			ScanForSourceGeneratedMonoScriptInfo (17ms)
			ResolveRequiredComponents (3ms)
	FinalizeReload (464ms)
		ReleaseScriptCaches (0ms)
		RebuildScriptCaches (0ms)
		SetupLoadedEditorAssemblies (326ms)
			LogAssemblyErrors (0ms)
			InitializePlatformSupportModulesInManaged (18ms)
			SetLoadedEditorAssemblies (3ms)
			RefreshPlugins (0ms)
			BeforeProcessingInitializeOnLoad (46ms)
			ProcessInitializeOnLoadAttributes (224ms)
			ProcessInitializeOnLoadMethodAttributes (32ms)
			AfterProcessingInitializeOnLoad (3ms)
			EditorAssembliesLoaded (0ms)
		ExecutionOrderSort2 (0ms)
		AwakeInstancesAfterBackupRestoration (3ms)
Launched and connected shader compiler UnityShaderCompiler after 0.01 seconds
Refreshing native plugins compatible for Editor in 1,36 ms, found 1 plugins.
Preloading 0 native plugins for Editor in 0,00 ms.
Unloading 4021 Unused Serialized files (Serialized files now loaded: 0)
Unloading 64 unused Assets / (51,9 KB). Loaded Objects now: 4486.
Memory consumption went from 143,9 MB to 143,8 MB.
Total: 3,786764 ms (FindLiveObjects: 0,249929 ms CreateObjectMapping: 0,219210 ms MarkObjects: 3,091249 ms  DeleteObjects: 0,225819 ms)

AssetImportParameters requested are different than current active one (requested -> active):
  custom:container-demuxer-ogg: 62fdf1f143b41e24485cea50d1cbac27 -> 
  custom:video-decoder-ogg-theora: a1e56fd34408186e4bbccfd4996cb3dc -> 
  custom:CustomObjectIndexerAttribute: efbeaf2078ee4010e9a0b7bd6667f9dd -> 
  custom:container-demuxer-webm: 4f35f7cbe854078d1ac9338744f61a02 -> 
  custom:container-muxer-webm: aa71ff27fc2769a1b78a27578f13a17b -> 
  custom:video-decoder-webm-vp8: 9c59270c3fd7afecdb556c50c9e8de78 -> 
  custom:SearchIndexIgnoredProperties: e643bd26f0fe6173181afceb89e7c659 -> 
  custom:AudioImporter_EditorPlatform: 2f0ff77a95e0ac474e3e8eeba4e2f7cb -> 
  custom:video-encoder-webm-vp8: eb34c28f22e8b96e1ab97ce403110664 -> 
  custom:audio-decoder-ogg-vorbis: bf7c407c2cedff20999df2af8eb42d56 -> 
  custom:audio-encoder-webm-vorbis: bf7c407c2cedff20999df2af8eb42d56 -> 
========================================================================
Received Import Request.
  Time since last request: 14030,777375 seconds.
  path: Assets/Characters/Crystal_Elementals_Crystal_Mauler_Free_v1.0/animations/PNG/3_atk/3_atk_3.png
  artifactKey: Guid(10e27d156b13ca946a306484039665cb) Importer(815301076,1909f56bfc062723c751e8b465ee728b)
Start importing Assets/Characters/Crystal_Elementals_Crystal_Mauler_Free_v1.0/animations/PNG/3_atk/3_atk_3.png using Guid(10e27d156b13ca946a306484039665cb) Importer(815301076,1909f56bfc062723c751e8b465ee728b)  -> (artifact id: '81c2977face6b4949ad9c2a1715dea18') in 0,074787 seconds
Number of updated asset objects reloaded before import = 0
Number of asset objects unloaded after import = 3
========================================================================
Received Import Request.
  Time since last request: 0,000014 seconds.
  path: Assets/Characters/Crystal_Elementals_Crystal_Mauler_Free_v1.0/animations/PNG/3_atk/3_atk_15.png
  artifactKey: Guid(9b4df39fc6dc6164ab2d47dcecc243f6) Importer(815301076,1909f56bfc062723c751e8b465ee728b)
Start importing Assets/Characters/Crystal_Elementals_Crystal_Mauler_Free_v1.0/animations/PNG/3_atk/3_atk_15.png using Guid(9b4df39fc6dc6164ab2d47dcecc243f6) Importer(815301076,1909f56bfc062723c751e8b465ee728b)  -> (artifact id: '30fa5dfb237afd455a04620865b164a9') in 0,013194 seconds
Number of updated asset objects reloaded before import = 0
Number of asset objects unloaded after import = 3
========================================================================
Received Import Request.
  Time since last request: 0,000008 seconds.
  path: Assets/Characters/Crystal_Elementals_Crystal_Mauler_Free_v1.0/animations/PNG/3_atk/3_atk_14.png
  artifactKey: Guid(621c7fc25b266b1489d269e0420838bd) Importer(815301076,1909f56bfc062723c751e8b465ee728b)
Start importing Assets/Characters/Crystal_Elementals_Crystal_Mauler_Free_v1.0/animations/PNG/3_atk/3_atk_14.png using Guid(621c7fc25b266b1489d269e0420838bd) Importer(815301076,1909f56bfc062723c751e8b465ee728b)  -> (artifact id: '092c0816ec8b9267edbee80d1170110b') in 0,017757 seconds
Number of updated asset objects reloaded before import = 0
Number of asset objects unloaded after import = 3
========================================================================
Received Import Request.
  Time since last request: 24,532650 seconds.
  path: Assets/Characters/Crystal_Elementals_Crystal_Mauler_Free_v1.0/animations/PNG/air_atk/air_atk_3.png
  artifactKey: Guid(0da07c7bfcb36134e8c3ae3d86bf63a4) Importer(815301076,1909f56bfc062723c751e8b465ee728b)
Start importing Assets/Characters/Crystal_Elementals_Crystal_Mauler_Free_v1.0/animations/PNG/air_atk/air_atk_3.png using Guid(0da07c7bfcb36134e8c3ae3d86bf63a4) Importer(815301076,1909f56bfc062723c751e8b465ee728b)  -> (artifact id: '3c331f2275fa2d237b7769b2decbb60c') in 0,017243 seconds
Number of updated asset objects reloaded before import = 0
Number of asset objects unloaded after import = 3
========================================================================
Received Import Request.
  Time since last request: 0,000014 seconds.
  path: Assets/Characters/Crystal_Elementals_Crystal_Mauler_Free_v1.0/animations/PNG/air_atk/air_atk_4.png
  artifactKey: Guid(ba6e721b12cfa3b4d9f5d7d005243283) Importer(815301076,1909f56bfc062723c751e8b465ee728b)
Start importing Assets/Characters/Crystal_Elementals_Crystal_Mauler_Free_v1.0/animations/PNG/air_atk/air_atk_4.png using Guid(ba6e721b12cfa3b4d9f5d7d005243283) Importer(815301076,1909f56bfc062723c751e8b465ee728b)  -> (artifact id: '77d310b83c5fbf41f2955d2a3d5fbb68') in 0,017388 seconds
Number of updated asset objects reloaded before import = 0
Number of asset objects unloaded after import = 3
========================================================================
Received Import Request.
  Time since last request: 0,000023 seconds.
  path: Assets/Characters/Crystal_Elementals_Crystal_Mauler_Free_v1.0/animations/PNG/air_atk/air_atk_8.png
  artifactKey: Guid(2e11894762c9f6e4bae39d1b3eafb698) Importer(815301076,1909f56bfc062723c751e8b465ee728b)
Start importing Assets/Characters/Crystal_Elementals_Crystal_Mauler_Free_v1.0/animations/PNG/air_atk/air_atk_8.png using Guid(2e11894762c9f6e4bae39d1b3eafb698) Importer(815301076,1909f56bfc062723c751e8b465ee728b)  -> (artifact id: 'c5316a8df5c5a9a0bf444a23de9e2ccf') in 0,015523 seconds
Number of updated asset objects reloaded before import = 0
Number of asset objects unloaded after import = 3
========================================================================
Received Import Request.
  Time since last request: 16,995189 seconds.
  path: Assets/Characters/Crystal_Elementals_Crystal_Mauler_Free_v1.0/animations/PNG/defend/defend_3.png
  artifactKey: Guid(69a4315288a72b84482da78f8dd95aa8) Importer(815301076,1909f56bfc062723c751e8b465ee728b)
Start importing Assets/Characters/Crystal_Elementals_Crystal_Mauler_Free_v1.0/animations/PNG/defend/defend_3.png using Guid(69a4315288a72b84482da78f8dd95aa8) Importer(815301076,1909f56bfc062723c751e8b465ee728b)  -> (artifact id: 'f8191b5b8f59b9e03089b80224245969') in 0,019435 seconds
Number of updated asset objects reloaded before import = 0
Number of asset objects unloaded after import = 3
========================================================================
Received Import Request.
  Time since last request: 0,000011 seconds.
  path: Assets/Characters/Crystal_Elementals_Crystal_Mauler_Free_v1.0/animations/PNG/defend/defend_6.png
  artifactKey: Guid(48067301e00d784429ef8e81657bd5d7) Importer(815301076,1909f56bfc062723c751e8b465ee728b)
Start importing Assets/Characters/Crystal_Elementals_Crystal_Mauler_Free_v1.0/animations/PNG/defend/defend_6.png using Guid(48067301e00d784429ef8e81657bd5d7) Importer(815301076,1909f56bfc062723c751e8b465ee728b)  -> (artifact id: 'f978a9950a7234362c335c423cdc07b5') in 0,015221 seconds
Number of updated asset objects reloaded before import = 0
Number of asset objects unloaded after import = 3
========================================================================
Received Import Request.
  Time since last request: 0,000013 seconds.
  path: Assets/Characters/Crystal_Elementals_Crystal_Mauler_Free_v1.0/animations/PNG/defend/defend_5.png
  artifactKey: Guid(d62e9f2f2c3f46046bf3a9f283ae8ead) Importer(815301076,1909f56bfc062723c751e8b465ee728b)
Start importing Assets/Characters/Crystal_Elementals_Crystal_Mauler_Free_v1.0/animations/PNG/defend/defend_5.png using Guid(d62e9f2f2c3f46046bf3a9f283ae8ead) Importer(815301076,1909f56bfc062723c751e8b465ee728b)  -> (artifact id: 'd205397d7311c486d6a2b739294cfb6a') in 0,015863 seconds
Number of updated asset objects reloaded before import = 0
Number of asset objects unloaded after import = 3
========================================================================
Received Import Request.
  Time since last request: 25,099059 seconds.
  path: Assets/Characters/Crystal_Elementals_Crystal_Mauler_Free_v1.0/animations/PNG/j_down/j_down_3.png
  artifactKey: Guid(43b687892e1a5054fb1e0f708a1e3171) Importer(815301076,1909f56bfc062723c751e8b465ee728b)
Start importing Assets/Characters/Crystal_Elementals_Crystal_Mauler_Free_v1.0/animations/PNG/j_down/j_down_3.png using Guid(43b687892e1a5054fb1e0f708a1e3171) Importer(815301076,1909f56bfc062723c751e8b465ee728b)  -> (artifact id: '91443cd84fb921e6d0a9a796c550952d') in 0,022717 seconds
Number of updated asset objects reloaded before import = 0
Number of asset objects unloaded after import = 3
========================================================================
Received Import Request.
  Time since last request: 13,907160 seconds.
  path: Assets/Characters/Crystal_Elementals_Crystal_Mauler_Free_v1.0/animations/PNG/1_atk/1_atk_3.png
  artifactKey: Guid(e69bac2b064e51d4d84aa84a7b97001e) Importer(815301076,1909f56bfc062723c751e8b465ee728b)
Start importing Assets/Characters/Crystal_Elementals_Crystal_Mauler_Free_v1.0/animations/PNG/1_atk/1_atk_3.png using Guid(e69bac2b064e51d4d84aa84a7b97001e) Importer(815301076,1909f56bfc062723c751e8b465ee728b)  -> (artifact id: 'a996c869ce0391f7bbc84819a0a236fa') in 0,020351 seconds
Number of updated asset objects reloaded before import = 0
Number of asset objects unloaded after import = 3
========================================================================
Received Import Request.
  Time since last request: 0,000016 seconds.
  path: Assets/Characters/Crystal_Elementals_Crystal_Mauler_Free_v1.0/animations/PNG/1_atk/1_atk_4.png
  artifactKey: Guid(c9b0f84a187147041a8f259a82218f69) Importer(815301076,1909f56bfc062723c751e8b465ee728b)
Start importing Assets/Characters/Crystal_Elementals_Crystal_Mauler_Free_v1.0/animations/PNG/1_atk/1_atk_4.png using Guid(c9b0f84a187147041a8f259a82218f69) Importer(815301076,1909f56bfc062723c751e8b465ee728b)  -> (artifact id: '4c313b7b0a45e0dbda93296760fb4a62') in 0,018710 seconds
Number of updated asset objects reloaded before import = 0
Number of asset objects unloaded after import = 3
========================================================================
Received Import Request.
  Time since last request: 5,629337 seconds.
  path: Assets/Characters/Crystal_Elementals_Crystal_Mauler_Free_v1.0/animations/PNG/2_atk/2_atk_3.png
  artifactKey: Guid(128a48ae0785a52428a78b1cb7f5df4c) Importer(815301076,1909f56bfc062723c751e8b465ee728b)
Start importing Assets/Characters/Crystal_Elementals_Crystal_Mauler_Free_v1.0/animations/PNG/2_atk/2_atk_3.png using Guid(128a48ae0785a52428a78b1cb7f5df4c) Importer(815301076,1909f56bfc062723c751e8b465ee728b)  -> (artifact id: 'bdc3979d6eacf700b0adfb2f15596755') in 0,015334 seconds
Number of updated asset objects reloaded before import = 0
Number of asset objects unloaded after import = 3
========================================================================
Received Import Request.
  Time since last request: 0,000011 seconds.
  path: Assets/Characters/Crystal_Elementals_Crystal_Mauler_Free_v1.0/animations/PNG/2_atk/2_atk_7.png
  artifactKey: Guid(df2903f404449104c97bf30c8ccc9c05) Importer(815301076,1909f56bfc062723c751e8b465ee728b)
Start importing Assets/Characters/Crystal_Elementals_Crystal_Mauler_Free_v1.0/animations/PNG/2_atk/2_atk_7.png using Guid(df2903f404449104c97bf30c8ccc9c05) Importer(815301076,1909f56bfc062723c751e8b465ee728b)  -> (artifact id: '6ee086429e3d48d96ed71c07509412f6') in 0,017757 seconds
Number of updated asset objects reloaded before import = 0
Number of asset objects unloaded after import = 3
========================================================================
Received Import Request.
  Time since last request: 0,000014 seconds.
  path: Assets/Characters/Crystal_Elementals_Crystal_Mauler_Free_v1.0/animations/PNG/2_atk/2_atk_6.png
  artifactKey: Guid(dda1e94e837ca80408a072ee96297f21) Importer(815301076,1909f56bfc062723c751e8b465ee728b)
Start importing Assets/Characters/Crystal_Elementals_Crystal_Mauler_Free_v1.0/animations/PNG/2_atk/2_atk_6.png using Guid(dda1e94e837ca80408a072ee96297f21) Importer(815301076,1909f56bfc062723c751e8b465ee728b)  -> (artifact id: '58ce59444e5fdef69b3f073cd28ee29e') in 0,013085 seconds
Number of updated asset objects reloaded before import = 0
Number of asset objects unloaded after import = 3
========================================================================
Received Import Request.
  Time since last request: 7,151201 seconds.
  path: Assets/Characters/Crystal_Elementals_Crystal_Mauler_Free_v1.0/animations/PNG/3_atk/3_atk_3.png
  artifactKey: Guid(10e27d156b13ca946a306484039665cb) Importer(815301076,1909f56bfc062723c751e8b465ee728b)
Start importing Assets/Characters/Crystal_Elementals_Crystal_Mauler_Free_v1.0/animations/PNG/3_atk/3_atk_3.png using Guid(10e27d156b13ca946a306484039665cb) Importer(815301076,1909f56bfc062723c751e8b465ee728b)  -> (artifact id: 'd8ec672b586a808e2ef60e281b48f3b4') in 0,017617 seconds
Number of updated asset objects reloaded before import = 0
Number of asset objects unloaded after import = 3
========================================================================
Received Import Request.
  Time since last request: 0,000009 seconds.
  path: Assets/Characters/Crystal_Elementals_Crystal_Mauler_Free_v1.0/animations/PNG/3_atk/3_atk_11.png
  artifactKey: Guid(cce487fce4d62e541bea449e739be431) Importer(815301076,1909f56bfc062723c751e8b465ee728b)
Start importing Assets/Characters/Crystal_Elementals_Crystal_Mauler_Free_v1.0/animations/PNG/3_atk/3_atk_11.png using Guid(cce487fce4d62e541bea449e739be431) Importer(815301076,1909f56bfc062723c751e8b465ee728b)  -> (artifact id: '3558c277765ded2118b2cbc837437b6f') in 0,016137 seconds
Number of updated asset objects reloaded before import = 0
Number of asset objects unloaded after import = 3
========================================================================
Received Import Request.
  Time since last request: 0,000012 seconds.
  path: Assets/Characters/Crystal_Elementals_Crystal_Mauler_Free_v1.0/animations/PNG/3_atk/3_atk_17.png
  artifactKey: Guid(36906a39c4bc7f84395251d6dc26c368) Importer(815301076,1909f56bfc062723c751e8b465ee728b)
Start importing Assets/Characters/Crystal_Elementals_Crystal_Mauler_Free_v1.0/animations/PNG/3_atk/3_atk_17.png using Guid(36906a39c4bc7f84395251d6dc26c368) Importer(815301076,1909f56bfc062723c751e8b465ee728b)  -> (artifact id: '45fb2e3bf973f485173cabfcfc74ca5c') in 0,017339 seconds
Number of updated asset objects reloaded before import = 0
Number of asset objects unloaded after import = 3
========================================================================
Received Import Request.
  Time since last request: 0,000011 seconds.
  path: Assets/Characters/Crystal_Elementals_Crystal_Mauler_Free_v1.0/animations/PNG/3_atk/3_atk_10.png
  artifactKey: Guid(d11144a0142190849b05f5fe3e8713a7) Importer(815301076,1909f56bfc062723c751e8b465ee728b)
Start importing Assets/Characters/Crystal_Elementals_Crystal_Mauler_Free_v1.0/animations/PNG/3_atk/3_atk_10.png using Guid(d11144a0142190849b05f5fe3e8713a7) Importer(815301076,1909f56bfc062723c751e8b465ee728b)  -> (artifact id: 'bab26781f7c0410cb778adc0f20fad66') in 0,016078 seconds
Number of updated asset objects reloaded before import = 0
Number of asset objects unloaded after import = 3
========================================================================
Received Import Request.
  Time since last request: 0,000014 seconds.
  path: Assets/Characters/Crystal_Elementals_Crystal_Mauler_Free_v1.0/animations/PNG/3_atk/3_atk_8.png
  artifactKey: Guid(e50ed93b1fed3f14d93fbfc3339430ab) Importer(815301076,1909f56bfc062723c751e8b465ee728b)
Start importing Assets/Characters/Crystal_Elementals_Crystal_Mauler_Free_v1.0/animations/PNG/3_atk/3_atk_8.png using Guid(e50ed93b1fed3f14d93fbfc3339430ab) Importer(815301076,1909f56bfc062723c751e8b465ee728b)  -> (artifact id: '1599ad1691137010a73a7b6b3b1cd004') in 0,014837 seconds
Number of updated asset objects reloaded before import = 0
Number of asset objects unloaded after import = 3
========================================================================
Received Import Request.
  Time since last request: 0,000018 seconds.
  path: Assets/Characters/Crystal_Elementals_Crystal_Mauler_Free_v1.0/animations/PNG/3_atk/3_atk_9.png
  artifactKey: Guid(bde10458eeb025d429c9ae65a279c37d) Importer(815301076,1909f56bfc062723c751e8b465ee728b)
Start importing Assets/Characters/Crystal_Elementals_Crystal_Mauler_Free_v1.0/animations/PNG/3_atk/3_atk_9.png using Guid(bde10458eeb025d429c9ae65a279c37d) Importer(815301076,1909f56bfc062723c751e8b465ee728b)  -> (artifact id: 'cecf64b7d561edbf2ad630df2c0af26f') in 0,022450 seconds
Number of updated asset objects reloaded before import = 0
Number of asset objects unloaded after import = 3
========================================================================
Received Import Request.
  Time since last request: 0,000013 seconds.
  path: Assets/Characters/Crystal_Elementals_Crystal_Mauler_Free_v1.0/animations/PNG/3_atk/3_atk_4.png
  artifactKey: Guid(e5abd78127422404b8ff24931c536512) Importer(815301076,1909f56bfc062723c751e8b465ee728b)
Start importing Assets/Characters/Crystal_Elementals_Crystal_Mauler_Free_v1.0/animations/PNG/3_atk/3_atk_4.png using Guid(e5abd78127422404b8ff24931c536512) Importer(815301076,1909f56bfc062723c751e8b465ee728b)  -> (artifact id: 'a810ad8f2c920c4698d2c5aad21dc37b') in 0,017560 seconds
Number of updated asset objects reloaded before import = 0
Number of asset objects unloaded after import = 3
========================================================================
Received Import Request.
  Time since last request: 9,065702 seconds.
  path: Assets/Characters/Crystal_Elementals_Crystal_Mauler_Free_v1.0/animations/PNG/air_atk/air_atk_3.png
  artifactKey: Guid(0da07c7bfcb36134e8c3ae3d86bf63a4) Importer(815301076,1909f56bfc062723c751e8b465ee728b)
Start importing Assets/Characters/Crystal_Elementals_Crystal_Mauler_Free_v1.0/animations/PNG/air_atk/air_atk_3.png using Guid(0da07c7bfcb36134e8c3ae3d86bf63a4) Importer(815301076,1909f56bfc062723c751e8b465ee728b)  -> (artifact id: '7770ccdc4c718d5bc3135b012206ecbc') in 0,025838 seconds
Number of updated asset objects reloaded before import = 0
Number of asset objects unloaded after import = 3
========================================================================
Received Import Request.
  Time since last request: 0,000010 seconds.
  path: Assets/Characters/Crystal_Elementals_Crystal_Mauler_Free_v1.0/animations/PNG/air_atk/air_atk_5.png
  artifactKey: Guid(5a69c4647373c594f82ca4353cf59d1c) Importer(815301076,1909f56bfc062723c751e8b465ee728b)
Start importing Assets/Characters/Crystal_Elementals_Crystal_Mauler_Free_v1.0/animations/PNG/air_atk/air_atk_5.png using Guid(5a69c4647373c594f82ca4353cf59d1c) Importer(815301076,1909f56bfc062723c751e8b465ee728b)  -> (artifact id: '1f6919173548f2803edc0df693f6a4fd') in 0,026197 seconds
Number of updated asset objects reloaded before import = 0
Number of asset objects unloaded after import = 3
========================================================================
Received Import Request.
  Time since last request: 14,183027 seconds.
  path: Assets/Characters/Crystal_Elementals_Crystal_Mauler_Free_v1.0/animations/PNG/defend/defend_3.png
  artifactKey: Guid(69a4315288a72b84482da78f8dd95aa8) Importer(815301076,1909f56bfc062723c751e8b465ee728b)
Start importing Assets/Characters/Crystal_Elementals_Crystal_Mauler_Free_v1.0/animations/PNG/defend/defend_3.png using Guid(69a4315288a72b84482da78f8dd95aa8) Importer(815301076,1909f56bfc062723c751e8b465ee728b)  -> (artifact id: 'fb2f3ef891ddaeece38d26bf40f670b2') in 0,017088 seconds
Number of updated asset objects reloaded before import = 0
Number of asset objects unloaded after import = 3
========================================================================
Received Import Request.
  Time since last request: 0,000011 seconds.
  path: Assets/Characters/Crystal_Elementals_Crystal_Mauler_Free_v1.0/animations/PNG/defend/defend_7.png
  artifactKey: Guid(32ce69364c0969a4fba5d449ee900c8a) Importer(815301076,1909f56bfc062723c751e8b465ee728b)
Start importing Assets/Characters/Crystal_Elementals_Crystal_Mauler_Free_v1.0/animations/PNG/defend/defend_7.png using Guid(32ce69364c0969a4fba5d449ee900c8a) Importer(815301076,1909f56bfc062723c751e8b465ee728b)  -> (artifact id: 'ba34f5533588dd7d73dae262bdbb0873') in 0,010622 seconds
Number of updated asset objects reloaded before import = 0
Number of asset objects unloaded after import = 3
========================================================================
Received Import Request.
  Time since last request: 0,000096 seconds.
  path: Assets/Characters/Crystal_Elementals_Crystal_Mauler_Free_v1.0/animations/PNG/defend/defend_9.png
  artifactKey: Guid(aad2dc19caad9304d95b5d17ae31daac) Importer(815301076,1909f56bfc062723c751e8b465ee728b)
Start importing Assets/Characters/Crystal_Elementals_Crystal_Mauler_Free_v1.0/animations/PNG/defend/defend_9.png using Guid(aad2dc19caad9304d95b5d17ae31daac) Importer(815301076,1909f56bfc062723c751e8b465ee728b)  -> (artifact id: '1b1f7e25e29a63601d2eb7f85527967a') in 0,020234 seconds
Number of updated asset objects reloaded before import = 0
Number of asset objects unloaded after import = 3
========================================================================
Received Import Request.
  Time since last request: 0,000021 seconds.
  path: Assets/Characters/Crystal_Elementals_Crystal_Mauler_Free_v1.0/animations/PNG/defend/defend_5.png
  artifactKey: Guid(d62e9f2f2c3f46046bf3a9f283ae8ead) Importer(815301076,1909f56bfc062723c751e8b465ee728b)
Start importing Assets/Characters/Crystal_Elementals_Crystal_Mauler_Free_v1.0/animations/PNG/defend/defend_5.png using Guid(d62e9f2f2c3f46046bf3a9f283ae8ead) Importer(815301076,1909f56bfc062723c751e8b465ee728b)  -> (artifact id: '12a1a223b68d586b74dadecfca560769') in 0,022904 seconds
Number of updated asset objects reloaded before import = 0
Number of asset objects unloaded after import = 3
========================================================================
Received Import Request.
  Time since last request: 11,410618 seconds.
  path: Assets/Characters/Crystal_Elementals_Crystal_Mauler_Free_v1.0/animations/PNG/j_down/j_down_3.png
  artifactKey: Guid(43b687892e1a5054fb1e0f708a1e3171) Importer(815301076,1909f56bfc062723c751e8b465ee728b)
Start importing Assets/Characters/Crystal_Elementals_Crystal_Mauler_Free_v1.0/animations/PNG/j_down/j_down_3.png using Guid(43b687892e1a5054fb1e0f708a1e3171) Importer(815301076,1909f56bfc062723c751e8b465ee728b)  -> (artifact id: '775b0d579a6615884b938d0fe790c6c2') in 0,021827 seconds
Number of updated asset objects reloaded before import = 0
Number of asset objects unloaded after import = 3
========================================================================
Received Import Request.
  Time since last request: 1,798936 seconds.
  path: Assets/Characters/Crystal_Elementals_Crystal_Mauler_Free_v1.0/animations/PNG/j_up/j_up_3.png
  artifactKey: Guid(e6c3ec50fef35f149b0c5ab4ab2ce94a) Importer(815301076,1909f56bfc062723c751e8b465ee728b)
Start importing Assets/Characters/Crystal_Elementals_Crystal_Mauler_Free_v1.0/animations/PNG/j_up/j_up_3.png using Guid(e6c3ec50fef35f149b0c5ab4ab2ce94a) Importer(815301076,1909f56bfc062723c751e8b465ee728b)  -> (artifact id: '29f3d0e7c06bdc778cbc957e6c518b04') in 0,018050 seconds
Number of updated asset objects reloaded before import = 0
Number of asset objects unloaded after import = 3
========================================================================
Received Import Request.
  Time since last request: 5,647076 seconds.
  path: Assets/Characters/Crystal_Elementals_Crystal_Mauler_Free_v1.0/animations/PNG/j_up/j_up_3.png
  artifactKey: Guid(e6c3ec50fef35f149b0c5ab4ab2ce94a) Importer(815301076,1909f56bfc062723c751e8b465ee728b)
Start importing Assets/Characters/Crystal_Elementals_Crystal_Mauler_Free_v1.0/animations/PNG/j_up/j_up_3.png using Guid(e6c3ec50fef35f149b0c5ab4ab2ce94a) Importer(815301076,1909f56bfc062723c751e8b465ee728b)  -> (artifact id: '76f0b8a886facecfb9df554f423167c3') in 0,015529 seconds
Number of updated asset objects reloaded before import = 0
Number of asset objects unloaded after import = 3
========================================================================
Received Import Request.
  Time since last request: 14,312609 seconds.
  path: Assets/Characters/Crystal_Elementals_Crystal_Mauler_Free_v1.0/animations/PNG/jump_full/jump_full_3.png
  artifactKey: Guid(93eb04b28c957264589e8e483738fa7b) Importer(815301076,1909f56bfc062723c751e8b465ee728b)
Start importing Assets/Characters/Crystal_Elementals_Crystal_Mauler_Free_v1.0/animations/PNG/jump_full/jump_full_3.png using Guid(93eb04b28c957264589e8e483738fa7b) Importer(815301076,1909f56bfc062723c751e8b465ee728b)  -> (artifact id: 'be92488590faf0a2dfb3cdac5c1dda56') in 0,013446 seconds
Number of updated asset objects reloaded before import = 0
Number of asset objects unloaded after import = 3
========================================================================
Received Import Request.
  Time since last request: 0,000011 seconds.
  path: Assets/Characters/Crystal_Elementals_Crystal_Mauler_Free_v1.0/animations/PNG/jump_full/jump_full_20.png
  artifactKey: Guid(d25efd996cebe8247be6820d42183c21) Importer(815301076,1909f56bfc062723c751e8b465ee728b)
Start importing Assets/Characters/Crystal_Elementals_Crystal_Mauler_Free_v1.0/animations/PNG/jump_full/jump_full_20.png using Guid(d25efd996cebe8247be6820d42183c21) Importer(815301076,1909f56bfc062723c751e8b465ee728b)  -> (artifact id: 'f141dfe2a8a417939d470dbfdfc6e3e8') in 0,011040 seconds
Number of updated asset objects reloaded before import = 0
Number of asset objects unloaded after import = 3
========================================================================
Received Import Request.
  Time since last request: 0,000015 seconds.
  path: Assets/Characters/Crystal_Elementals_Crystal_Mauler_Free_v1.0/animations/PNG/jump_full/jump_full_21.png
  artifactKey: Guid(2ecb955e6f8d8b04ba1cf3462d39c193) Importer(815301076,1909f56bfc062723c751e8b465ee728b)
Start importing Assets/Characters/Crystal_Elementals_Crystal_Mauler_Free_v1.0/animations/PNG/jump_full/jump_full_21.png using Guid(2ecb955e6f8d8b04ba1cf3462d39c193) Importer(815301076,1909f56bfc062723c751e8b465ee728b)  -> (artifact id: 'f86d2b00e05c170ec935edaa4c8ca532') in 0,015318 seconds
Number of updated asset objects reloaded before import = 0
Number of asset objects unloaded after import = 3
========================================================================
Received Import Request.
  Time since last request: 0,000016 seconds.
  path: Assets/Characters/Crystal_Elementals_Crystal_Mauler_Free_v1.0/animations/PNG/jump_full/jump_full_5.png
  artifactKey: Guid(7a6549532e91b48419d71819de499491) Importer(815301076,1909f56bfc062723c751e8b465ee728b)
Start importing Assets/Characters/Crystal_Elementals_Crystal_Mauler_Free_v1.0/animations/PNG/jump_full/jump_full_5.png using Guid(7a6549532e91b48419d71819de499491) Importer(815301076,1909f56bfc062723c751e8b465ee728b)  -> (artifact id: '304df58d9adc5f8ca7ec4f8a0263c9e9') in 0,023841 seconds
Number of updated asset objects reloaded before import = 0
Number of asset objects unloaded after import = 3
========================================================================
Received Import Request.
  Time since last request: 0,000014 seconds.
  path: Assets/Characters/Crystal_Elementals_Crystal_Mauler_Free_v1.0/animations/PNG/jump_full/jump_full_6.png
  artifactKey: Guid(345cabbc44a8c1445938b75409036dd5) Importer(815301076,1909f56bfc062723c751e8b465ee728b)
Start importing Assets/Characters/Crystal_Elementals_Crystal_Mauler_Free_v1.0/animations/PNG/jump_full/jump_full_6.png using Guid(345cabbc44a8c1445938b75409036dd5) Importer(815301076,1909f56bfc062723c751e8b465ee728b)  -> (artifact id: 'e4bc0ea0536f2990605ccd608c4672c1') in 0,021925 seconds
Number of updated asset objects reloaded before import = 0
Number of asset objects unloaded after import = 3
========================================================================
Received Import Request.
  Time since last request: 0,000022 seconds.
  path: Assets/Characters/Crystal_Elementals_Crystal_Mauler_Free_v1.0/animations/PNG/jump_full/jump_full_7.png
  artifactKey: Guid(175976ff5a3ae0e4fba0e2011649bc13) Importer(815301076,1909f56bfc062723c751e8b465ee728b)
Start importing Assets/Characters/Crystal_Elementals_Crystal_Mauler_Free_v1.0/animations/PNG/jump_full/jump_full_7.png using Guid(175976ff5a3ae0e4fba0e2011649bc13) Importer(815301076,1909f56bfc062723c751e8b465ee728b)  -> (artifact id: 'a4f3e14215d54543fea4ec573820d78b') in 0,015646 seconds
Number of updated asset objects reloaded before import = 0
Number of asset objects unloaded after import = 3
========================================================================
Received Import Request.
  Time since last request: 0,000013 seconds.
  path: Assets/Characters/Crystal_Elementals_Crystal_Mauler_Free_v1.0/animations/PNG/jump_full/jump_full_13.png
  artifactKey: Guid(441802ae5ea7f3d42bbbb63674798bc7) Importer(815301076,1909f56bfc062723c751e8b465ee728b)
Start importing Assets/Characters/Crystal_Elementals_Crystal_Mauler_Free_v1.0/animations/PNG/jump_full/jump_full_13.png using Guid(441802ae5ea7f3d42bbbb63674798bc7) Importer(815301076,1909f56bfc062723c751e8b465ee728b)  -> (artifact id: '6563b0b524bd45463d72894215cae485') in 0,015169 seconds
Number of updated asset objects reloaded before import = 0
Number of asset objects unloaded after import = 3
========================================================================
Received Import Request.
  Time since last request: 11,543936 seconds.
  path: Assets/Characters/Crystal_Elementals_Crystal_Mauler_Free_v1.0/animations/PNG/roll/roll_3.png
  artifactKey: Guid(3db697c0584f4aa48ac8109c65f55d5e) Importer(815301076,1909f56bfc062723c751e8b465ee728b)
Start importing Assets/Characters/Crystal_Elementals_Crystal_Mauler_Free_v1.0/animations/PNG/roll/roll_3.png using Guid(3db697c0584f4aa48ac8109c65f55d5e) Importer(815301076,1909f56bfc062723c751e8b465ee728b)  -> (artifact id: '428bf7bc65ecf6ed7de0650a5b0a834e') in 0,021629 seconds
Number of updated asset objects reloaded before import = 0
Number of asset objects unloaded after import = 3
========================================================================
Received Import Request.
  Time since last request: 0,000031 seconds.
  path: Assets/Characters/Crystal_Elementals_Crystal_Mauler_Free_v1.0/animations/PNG/roll/roll_4.png
  artifactKey: Guid(c5f1ffaf14248d048a65517363ed3be9) Importer(815301076,1909f56bfc062723c751e8b465ee728b)
Start importing Assets/Characters/Crystal_Elementals_Crystal_Mauler_Free_v1.0/animations/PNG/roll/roll_4.png using Guid(c5f1ffaf14248d048a65517363ed3be9) Importer(815301076,1909f56bfc062723c751e8b465ee728b)  -> (artifact id: 'd9f0d827c6a47400f64c1122f2856ce3') in 0,022207 seconds
Number of updated asset objects reloaded before import = 0
Number of asset objects unloaded after import = 3
========================================================================
Received Import Request.
  Time since last request: 5,897823 seconds.
  path: Assets/Characters/Crystal_Elementals_Crystal_Mauler_Free_v1.0/animations/PNG/roll/roll_3.png
  artifactKey: Guid(3db697c0584f4aa48ac8109c65f55d5e) Importer(815301076,1909f56bfc062723c751e8b465ee728b)
Start importing Assets/Characters/Crystal_Elementals_Crystal_Mauler_Free_v1.0/animations/PNG/roll/roll_3.png using Guid(3db697c0584f4aa48ac8109c65f55d5e) Importer(815301076,1909f56bfc062723c751e8b465ee728b)  -> (artifact id: 'a96252e22958267003d9978d5df66a36') in 0,023584 seconds
Number of updated asset objects reloaded before import = 0
Number of asset objects unloaded after import = 3
========================================================================
Received Import Request.
  Time since last request: 0,000197 seconds.
  path: Assets/Characters/Crystal_Elementals_Crystal_Mauler_Free_v1.0/animations/PNG/roll/roll_4.png
  artifactKey: Guid(c5f1ffaf14248d048a65517363ed3be9) Importer(815301076,1909f56bfc062723c751e8b465ee728b)
Start importing Assets/Characters/Crystal_Elementals_Crystal_Mauler_Free_v1.0/animations/PNG/roll/roll_4.png using Guid(c5f1ffaf14248d048a65517363ed3be9) Importer(815301076,1909f56bfc062723c751e8b465ee728b)  -> (artifact id: '51be65d6a98abd49255cdc500d116185') in 0,028363 seconds
Number of updated asset objects reloaded before import = 0
Number of asset objects unloaded after import = 3
========================================================================
Received Import Request.
  Time since last request: 0,000029 seconds.
  path: Assets/Characters/Crystal_Elementals_Crystal_Mauler_Free_v1.0/animations/PNG/roll/roll_6.png
  artifactKey: Guid(1d9988ebf7069e54687a2bfef27c905b) Importer(815301076,1909f56bfc062723c751e8b465ee728b)
Start importing Assets/Characters/Crystal_Elementals_Crystal_Mauler_Free_v1.0/animations/PNG/roll/roll_6.png using Guid(1d9988ebf7069e54687a2bfef27c905b) Importer(815301076,1909f56bfc062723c751e8b465ee728b)  -> (artifact id: '63185d9e8a1e40c69d6ee13ea42f71ab') in 0,031123 seconds
Number of updated asset objects reloaded before import = 0
Number of asset objects unloaded after import = 3
========================================================================
Received Import Request.
  Time since last request: 15,974048 seconds.
  path: Assets/Characters/Crystal_Elementals_Crystal_Mauler_Free_v1.0/animations/PNG/run/run_3.png
  artifactKey: Guid(b982fb7b8c335914d9b711f3b0685357) Importer(815301076,1909f56bfc062723c751e8b465ee728b)
Start importing Assets/Characters/Crystal_Elementals_Crystal_Mauler_Free_v1.0/animations/PNG/run/run_3.png using Guid(b982fb7b8c335914d9b711f3b0685357) Importer(815301076,1909f56bfc062723c751e8b465ee728b)  -> (artifact id: 'c6cf8c70f57731f9c3244749994d4e7a') in 0,022166 seconds
Number of updated asset objects reloaded before import = 0
Number of asset objects unloaded after import = 3
========================================================================
Received Import Request.
  Time since last request: 0,000009 seconds.
  path: Assets/Characters/Crystal_Elementals_Crystal_Mauler_Free_v1.0/animations/PNG/run/run_5.png
  artifactKey: Guid(af7afefe7a4232245829bacc7b80babe) Importer(815301076,1909f56bfc062723c751e8b465ee728b)
Start importing Assets/Characters/Crystal_Elementals_Crystal_Mauler_Free_v1.0/animations/PNG/run/run_5.png using Guid(af7afefe7a4232245829bacc7b80babe) Importer(815301076,1909f56bfc062723c751e8b465ee728b)  -> (artifact id: 'f011f11460b1ef3541286ed740221bbb') in 0,018282 seconds
Number of updated asset objects reloaded before import = 0
Number of asset objects unloaded after import = 3
========================================================================
Received Import Request.
  Time since last request: 6,557180 seconds.
  path: Assets/Characters/Crystal_Elementals_Crystal_Mauler_Free_v1.0/animations/PNG/run/run_3.png
  artifactKey: Guid(b982fb7b8c335914d9b711f3b0685357) Importer(815301076,1909f56bfc062723c751e8b465ee728b)
Start importing Assets/Characters/Crystal_Elementals_Crystal_Mauler_Free_v1.0/animations/PNG/run/run_3.png using Guid(b982fb7b8c335914d9b711f3b0685357) Importer(815301076,1909f56bfc062723c751e8b465ee728b)  -> (artifact id: 'a2719fbb4d77aab1cad26c90f4dbae48') in 0,025087 seconds
Number of updated asset objects reloaded before import = 0
Number of asset objects unloaded after import = 3
========================================================================
Received Import Request.
  Time since last request: 0,000025 seconds.
  path: Assets/Characters/Crystal_Elementals_Crystal_Mauler_Free_v1.0/animations/PNG/run/run_5.png
  artifactKey: Guid(af7afefe7a4232245829bacc7b80babe) Importer(815301076,1909f56bfc062723c751e8b465ee728b)
Start importing Assets/Characters/Crystal_Elementals_Crystal_Mauler_Free_v1.0/animations/PNG/run/run_5.png using Guid(af7afefe7a4232245829bacc7b80babe) Importer(815301076,1909f56bfc062723c751e8b465ee728b)  -> (artifact id: '8e56024449c2fe1fa570eb8ce1ef0690') in 0,021100 seconds
Number of updated asset objects reloaded before import = 0
Number of asset objects unloaded after import = 3
========================================================================
Received Import Request.
  Time since last request: 14,707881 seconds.
  path: Assets/Characters/Crystal_Elementals_Crystal_Mauler_Free_v1.0/animations/PNG/sp_atk/sp_atk_3.png
  artifactKey: Guid(c8269c173c1c8304d81150fb84c4daf1) Importer(815301076,1909f56bfc062723c751e8b465ee728b)
Start importing Assets/Characters/Crystal_Elementals_Crystal_Mauler_Free_v1.0/animations/PNG/sp_atk/sp_atk_3.png using Guid(c8269c173c1c8304d81150fb84c4daf1) Importer(815301076,1909f56bfc062723c751e8b465ee728b)  -> (artifact id: '820f054a13fbccfca3e457e84826ff26') in 0,013237 seconds
Number of updated asset objects reloaded before import = 0
Number of asset objects unloaded after import = 3
========================================================================
Received Import Request.
  Time since last request: 0,000041 seconds.
  path: Assets/Characters/Crystal_Elementals_Crystal_Mauler_Free_v1.0/animations/PNG/sp_atk/sp_atk_13.png
  artifactKey: Guid(11edfeb45ea08264e91d979139fc0043) Importer(815301076,1909f56bfc062723c751e8b465ee728b)
Start importing Assets/Characters/Crystal_Elementals_Crystal_Mauler_Free_v1.0/animations/PNG/sp_atk/sp_atk_13.png using Guid(11edfeb45ea08264e91d979139fc0043) Importer(815301076,1909f56bfc062723c751e8b465ee728b)  -> (artifact id: 'e5730032a4f5f1ec2f998ba97fd037b2') in 0,023449 seconds
Number of updated asset objects reloaded before import = 0
Number of asset objects unloaded after import = 3
========================================================================
Received Import Request.
  Time since last request: 0,000011 seconds.
  path: Assets/Characters/Crystal_Elementals_Crystal_Mauler_Free_v1.0/animations/PNG/sp_atk/sp_atk_10.png
  artifactKey: Guid(c5ad1eb7a7febce4093763b274a9a09f) Importer(815301076,1909f56bfc062723c751e8b465ee728b)
Start importing Assets/Characters/Crystal_Elementals_Crystal_Mauler_Free_v1.0/animations/PNG/sp_atk/sp_atk_10.png using Guid(c5ad1eb7a7febce4093763b274a9a09f) Importer(815301076,1909f56bfc062723c751e8b465ee728b)  -> (artifact id: '4a962a3657e181f8cf82c7d4857268d9') in 0,013141 seconds
Number of updated asset objects reloaded before import = 0
Number of asset objects unloaded after import = 3
========================================================================
Received Import Request.
  Time since last request: 0,000011 seconds.
  path: Assets/Characters/Crystal_Elementals_Crystal_Mauler_Free_v1.0/animations/PNG/sp_atk/sp_atk_4.png
  artifactKey: Guid(197311bb1cd6655499ca4d8dcabf53a8) Importer(815301076,1909f56bfc062723c751e8b465ee728b)
Start importing Assets/Characters/Crystal_Elementals_Crystal_Mauler_Free_v1.0/animations/PNG/sp_atk/sp_atk_4.png using Guid(197311bb1cd6655499ca4d8dcabf53a8) Importer(815301076,1909f56bfc062723c751e8b465ee728b)  -> (artifact id: '4575014eba738b732053d8dc5fe1fd9d') in 0,013945 seconds
Number of updated asset objects reloaded before import = 0
Number of asset objects unloaded after import = 3
========================================================================
Received Import Request.
  Time since last request: 0,000013 seconds.
  path: Assets/Characters/Crystal_Elementals_Crystal_Mauler_Free_v1.0/animations/PNG/sp_atk/sp_atk_7.png
  artifactKey: Guid(94df235af27bf374bb21230c2e091397) Importer(815301076,1909f56bfc062723c751e8b465ee728b)
Start importing Assets/Characters/Crystal_Elementals_Crystal_Mauler_Free_v1.0/animations/PNG/sp_atk/sp_atk_7.png using Guid(94df235af27bf374bb21230c2e091397) Importer(815301076,1909f56bfc062723c751e8b465ee728b)  -> (artifact id: '9362f5ff959cca373d315ca76a1d3e3c') in 0,014003 seconds
Number of updated asset objects reloaded before import = 0
Number of asset objects unloaded after import = 3
========================================================================
Received Prepare
Begin MonoManager ReloadAssembly
- Loaded All Assemblies, in  0,379 seconds
Refreshing native plugins compatible for Editor in 1,41 ms, found 1 plugins.
Native extension for LinuxStandalone target not found
Native extension for Android target not found
[Package Manager] Server::EnsureServerProcessIsRunning -- launch failed, reason: Unity was launched with the -noUpm command-line argument
[Package Manager] UpmClient::Send -- Unable to send message (not connected to UPM process).
[Package Manager] Cannot connect to Unity Package Manager local server
Mono: successfully reloaded assembly
- Finished resetting the current domain, in  0,621 seconds
Domain Reload Profiling: 999ms
	BeginReloadAssembly (142ms)
		ExecutionOrderSort (0ms)
		DisableScriptedObjects (10ms)
		BackupInstance (0ms)
		ReleaseScriptingObjects (0ms)
		CreateAndSetChildDomain (44ms)
	RebuildCommonClasses (28ms)
	RebuildNativeTypeToScriptingClass (7ms)
	initialDomainReloadingComplete (24ms)
	LoadAllAssembliesAndSetupDomain (177ms)
		LoadAssemblies (217ms)
		RebuildTransferFunctionScriptingTraits (0ms)
		AnalyzeDomain (21ms)
			TypeCache.Refresh (8ms)
				TypeCache.ScanAssembly (0ms)
			ScanForSourceGeneratedMonoScriptInfo (9ms)
			ResolveRequiredComponents (4ms)
	FinalizeReload (622ms)
		ReleaseScriptCaches (0ms)
		RebuildScriptCaches (0ms)
		SetupLoadedEditorAssemblies (321ms)
			LogAssemblyErrors (0ms)
			InitializePlatformSupportModulesInManaged (19ms)
			SetLoadedEditorAssemblies (3ms)
			RefreshPlugins (0ms)
			BeforeProcessingInitializeOnLoad (53ms)
			ProcessInitializeOnLoadAttributes (216ms)
			ProcessInitializeOnLoadMethodAttributes (27ms)
			AfterProcessingInitializeOnLoad (3ms)
			EditorAssembliesLoaded (0ms)
		ExecutionOrderSort2 (0ms)
		AwakeInstancesAfterBackupRestoration (8ms)
Refreshing native plugins compatible for Editor in 1,43 ms, found 1 plugins.
Preloading 0 native plugins for Editor in 0,00 ms.
Unloading 4008 Unused Serialized files (Serialized files now loaded: 0)
Unloading 36 unused Assets / (35,3 KB). Loaded Objects now: 4496.
Memory consumption went from 142,2 MB to 142,1 MB.
Total: 3,133156 ms (FindLiveObjects: 0,272935 ms CreateObjectMapping: 0,212038 ms MarkObjects: 2,608616 ms  DeleteObjects: 0,038850 ms)

Prepare: number of updated asset objects reloaded= 0
AssetImportParameters requested are different than current active one (requested -> active):
  custom:container-demuxer-ogg: 62fdf1f143b41e24485cea50d1cbac27 -> 
  custom:video-decoder-ogg-theora: a1e56fd34408186e4bbccfd4996cb3dc -> 
  custom:CustomObjectIndexerAttribute: efbeaf2078ee4010e9a0b7bd6667f9dd -> 
  custom:container-demuxer-webm: 4f35f7cbe854078d1ac9338744f61a02 -> 
  custom:container-muxer-webm: aa71ff27fc2769a1b78a27578f13a17b -> 
  custom:video-decoder-webm-vp8: 9c59270c3fd7afecdb556c50c9e8de78 -> 
  custom:SearchIndexIgnoredProperties: e643bd26f0fe6173181afceb89e7c659 -> 
  custom:AudioImporter_EditorPlatform: 2f0ff77a95e0ac474e3e8eeba4e2f7cb -> 
  custom:video-encoder-webm-vp8: eb34c28f22e8b96e1ab97ce403110664 -> 
  custom:audio-decoder-ogg-vorbis: bf7c407c2cedff20999df2af8eb42d56 -> 
  custom:audio-encoder-webm-vorbis: bf7c407c2cedff20999df2af8eb42d56 -> 
========================================================================
Received Import Request.
  Time since last request: 45,994184 seconds.
  path: Assets/Characters/Crystal_Elementals_Crystal_Mauler_Free_v1.0/animations/PNG/sp_atk/sp_atk_3.png
  artifactKey: Guid(c8269c173c1c8304d81150fb84c4daf1) Importer(815301076,1909f56bfc062723c751e8b465ee728b)
Start importing Assets/Characters/Crystal_Elementals_Crystal_Mauler_Free_v1.0/animations/PNG/sp_atk/sp_atk_3.png using Guid(c8269c173c1c8304d81150fb84c4daf1) Importer(815301076,1909f56bfc062723c751e8b465ee728b)  -> (artifact id: '572f4814dd4e75f54fe17d7153365646') in 0,068359 seconds
Number of updated asset objects reloaded before import = 0
Number of asset objects unloaded after import = 3
========================================================================
Received Import Request.
  Time since last request: 0,000058 seconds.
  path: Assets/Characters/Crystal_Elementals_Crystal_Mauler_Free_v1.0/animations/PNG/sp_atk/sp_atk_13.png
  artifactKey: Guid(11edfeb45ea08264e91d979139fc0043) Importer(815301076,1909f56bfc062723c751e8b465ee728b)
Start importing Assets/Characters/Crystal_Elementals_Crystal_Mauler_Free_v1.0/animations/PNG/sp_atk/sp_atk_13.png using Guid(11edfeb45ea08264e91d979139fc0043) Importer(815301076,1909f56bfc062723c751e8b465ee728b)  -> (artifact id: '70c292d167758594fc549efc19539768') in 0,011494 seconds
Number of updated asset objects reloaded before import = 0
Number of asset objects unloaded after import = 3
========================================================================
Received Import Request.
  Time since last request: 0,000017 seconds.
  path: Assets/Characters/Crystal_Elementals_Crystal_Mauler_Free_v1.0/animations/PNG/sp_atk/sp_atk_5.png
  artifactKey: Guid(ed1419af8abb6a4448e86ce7c4edf90f) Importer(815301076,1909f56bfc062723c751e8b465ee728b)
Start importing Assets/Characters/Crystal_Elementals_Crystal_Mauler_Free_v1.0/animations/PNG/sp_atk/sp_atk_5.png using Guid(ed1419af8abb6a4448e86ce7c4edf90f) Importer(815301076,1909f56bfc062723c751e8b465ee728b)  -> (artifact id: 'c6ee4a20116f19d305c78a42bf96f184') in 0,019232 seconds
Number of updated asset objects reloaded before import = 0
Number of asset objects unloaded after import = 3
========================================================================
Received Import Request.
  Time since last request: 0,000012 seconds.
  path: Assets/Characters/Crystal_Elementals_Crystal_Mauler_Free_v1.0/animations/PNG/sp_atk/sp_atk_9.png
  artifactKey: Guid(31a8da61220b0a04ebcf372c99f52acf) Importer(815301076,1909f56bfc062723c751e8b465ee728b)
Start importing Assets/Characters/Crystal_Elementals_Crystal_Mauler_Free_v1.0/animations/PNG/sp_atk/sp_atk_9.png using Guid(31a8da61220b0a04ebcf372c99f52acf) Importer(815301076,1909f56bfc062723c751e8b465ee728b)  -> (artifact id: 'ffee109d37775e4781cf63814b7db1a9') in 0,029523 seconds
Number of updated asset objects reloaded before import = 0
Number of asset objects unloaded after import = 3
========================================================================
Received Import Request.
  Time since last request: 0,000013 seconds.
  path: Assets/Characters/Crystal_Elementals_Crystal_Mauler_Free_v1.0/animations/PNG/sp_atk/sp_atk_12.png
  artifactKey: Guid(c2d03de730f1fe6459e202faa5d766ec) Importer(815301076,1909f56bfc062723c751e8b465ee728b)
Start importing Assets/Characters/Crystal_Elementals_Crystal_Mauler_Free_v1.0/animations/PNG/sp_atk/sp_atk_12.png using Guid(c2d03de730f1fe6459e202faa5d766ec) Importer(815301076,1909f56bfc062723c751e8b465ee728b)  -> (artifact id: '142c7de228ab58d3c7b9a4be9e759d81') in 0,015269 seconds
Number of updated asset objects reloaded before import = 0
Number of asset objects unloaded after import = 3
========================================================================
Received Import Request.
  Time since last request: 3,230800 seconds.
  path: Assets/Characters/Crystal_Elementals_Crystal_Mauler_Free_v1.0/animations/PNG/take_hit/take_hit_3.png
  artifactKey: Guid(2379ec7c6e0f84d41a71bbc240de316e) Importer(815301076,1909f56bfc062723c751e8b465ee728b)
Start importing Assets/Characters/Crystal_Elementals_Crystal_Mauler_Free_v1.0/animations/PNG/take_hit/take_hit_3.png using Guid(2379ec7c6e0f84d41a71bbc240de316e) Importer(815301076,1909f56bfc062723c751e8b465ee728b)  -> (artifact id: '4b8d26847f5351ce3fe7a4a701f511d9') in 0,019566 seconds
Number of updated asset objects reloaded before import = 0
Number of asset objects unloaded after import = 3
========================================================================
Received Import Request.
  Time since last request: 0,000013 seconds.
  path: Assets/Characters/Crystal_Elementals_Crystal_Mauler_Free_v1.0/animations/PNG/take_hit/take_hit_4.png
  artifactKey: Guid(d330e60529c47a845aeda23ca82dbdb4) Importer(815301076,1909f56bfc062723c751e8b465ee728b)
Start importing Assets/Characters/Crystal_Elementals_Crystal_Mauler_Free_v1.0/animations/PNG/take_hit/take_hit_4.png using Guid(d330e60529c47a845aeda23ca82dbdb4) Importer(815301076,1909f56bfc062723c751e8b465ee728b)  -> (artifact id: 'f5f5d01f9b8237cb61fb8dced206aaa0') in 0,023042 seconds
Number of updated asset objects reloaded before import = 0
Number of asset objects unloaded after import = 3
========================================================================
Received Import Request.
  Time since last request: 5,249246 seconds.
  path: Assets/Characters/Crystal_Elementals_Crystal_Mauler_Free_v1.0/animations/PNG/take_hit/take_hit_3.png
  artifactKey: Guid(2379ec7c6e0f84d41a71bbc240de316e) Importer(815301076,1909f56bfc062723c751e8b465ee728b)
Start importing Assets/Characters/Crystal_Elementals_Crystal_Mauler_Free_v1.0/animations/PNG/take_hit/take_hit_3.png using Guid(2379ec7c6e0f84d41a71bbc240de316e) Importer(815301076,1909f56bfc062723c751e8b465ee728b)  -> (artifact id: 'c1168876e1c5e38c21083a7eb404f2bb') in 0,019673 seconds
Number of updated asset objects reloaded before import = 0
Number of asset objects unloaded after import = 3
Editor requested this worker to shutdown with reason: Scaling down because of idle timeout
TcpMessagingSession - receive error: operation aborted. errorcode: 125, details: Operation aborted.
AssetImportWorker is now disconnected from the server
Process exiting
Thread: ID 140463368197056, CleanupSafetyData: safetyData 7fbf80077560
Thread: ID 140463368197056, CleanupSafetyData: safetyData 7fbf80076330
Thread: ID 140463368197056, CleanupSafetyData: safetyData 7fbf80074500
Thread: ID 140463368197056, CleanupSafetyData: safetyData 7fbf80f7a7b0
Assertion failed on expression: 'm_PodArrays.empty()'
Checking for leaked weakptr:
  Found no leaked weakptrs.
All object instances wasn't destroyed before shutting down
Calling Deallocate on pointer, that can not be deallocated by allocator ALLOC_TEMP_AUDIO_FMOD stream thread
Assertion failed on expression: 'm_MemoryFSRefCount == 0'
Memory Statistics:
[ALLOC_TEMP_TLS] TLS Allocator
  StackAllocators : 

=================================================================
    [ALLOC_TEMP_AUDIO_FMOD stream thread]
	Native Crash Reporting
=================================================================
      Initial Block Size 64,0 KB
Got a SIGSEGV while executing native code. This usually indicates
      Current Block Size 64,0 KB
a fatal error in the mono runtime or one of the native libraries 
      Peak Allocated Bytes 362 B
used by your application.
      Overflow Count 0
=================================================================
    [ALLOC_TEMP_Loading.PreloadManager]
      Peak usage frame count: [0-1,0 KB]: 1 frames
      Initial Block Size 32,0 MB
      Current Block Size 32,0 MB
      Peak Allocated Bytes 0 B
      Overflow Count 0
    [ALLOC_TEMP_BakingJobs.worker 15]
      Initial Block Size 256,0 KB
      Current Block Size 256,0 KB
      Peak Allocated Bytes 0 B
      Overflow Count 0
    [ALLOC_TEMP_BakingJobs.worker 14]
      Initial Block Size 256,0 KB
      Current Block Size 256,0 KB
      Peak Allocated Bytes 0 B
      Overflow Count 0
    [ALLOC_TEMP_BakingJobs.worker 13]
      Initial Block Size 256,0 KB
      Current Block Size 256,0 KB
      Peak Allocated Bytes 0 B
      Overflow Count 0
    [ALLOC_TEMP_BakingJobs.worker 12]
      Initial Block Size 256,0 KB
      Current Block Size 256,0 KB
      Peak Allocated Bytes 0 B
      Overflow Count 0
    [ALLOC_TEMP_BakingJobs.worker 11]
      Initial Block Size 256,0 KB
      Current Block Size 256,0 KB
      Peak Allocated Bytes 0 B
      Overflow Count 0
    [ALLOC_TEMP_BakingJobs.worker 10]
      Initial Block Size 256,0 KB
      Current Block Size 256,0 KB
      Peak Allocated Bytes 0 B
      Overflow Count 0
    [ALLOC_TEMP_BakingJobs.worker 9]
      Initial Block Size 256,0 KB
      Current Block Size 256,0 KB
      Peak Allocated Bytes 0 B
      Overflow Count 0
    [ALLOC_TEMP_BakingJobs.worker 8]
      Initial Block Size 256,0 KB
      Current Block Size 256,0 KB
      Peak Allocated Bytes 0 B
      Overflow Count 0
    [ALLOC_TEMP_BakingJobs.worker 7]
      Initial Block Size 256,0 KB
      Current Block Size 256,0 KB
      Peak Allocated Bytes 0 B
      Overflow Count 0
    [ALLOC_TEMP_BakingJobs.worker 6]
      Initial Block Size 256,0 KB
      Current Block Size 256,0 KB
      Peak Allocated Bytes 0 B
      Overflow Count 0
    [ALLOC_TEMP_BakingJobs.worker 5]
      Initial Block Size 256,0 KB
      Current Block Size 256,0 KB
      Peak Allocated Bytes 0 B
      Overflow Count 0
    [ALLOC_TEMP_BakingJobs.worker 4]
      Initial Block Size 256,0 KB
      Current Block Size 256,0 KB
      Peak Allocated Bytes 0 B
      Overflow Count 0
    [ALLOC_TEMP_BakingJobs.worker 3]
      Initial Block Size 256,0 KB
      Current Block Size 256,0 KB
      Peak Allocated Bytes 0 B
      Overflow Count 0
    [ALLOC_TEMP_BakingJobs.worker 2]
      Initial Block Size 256,0 KB
      Current Block Size 256,0 KB
      Peak Allocated Bytes 0 B
      Overflow Count 0
    [ALLOC_TEMP_BakingJobs.worker 1]
      Initial Block Size 256,0 KB
      Current Block Size 256,0 KB
      Peak Allocated Bytes 0 B
      Overflow Count 0
    [ALLOC_TEMP_BakingJobs.worker 0]
      Initial Block Size 256,0 KB
      Current Block Size 256,0 KB
      Peak Allocated Bytes 0 B
      Overflow Count 0
    [ALLOC_TEMP_AUDIO_FMOD stream thread]
      Initial Block Size 64,0 KB
      Current Block Size 64,0 KB
      Peak Allocated Bytes 49 B
      Overflow Count 0
    [ALLOC_TEMP_AssetDatabase.FileHasherHasher]
      Initial Block Size 64,0 KB
      Current Block Size 64,0 KB
      Peak Allocated Bytes 31 B
      Overflow Count 0
    [ALLOC_TEMP_AssetDatabase.FileHasherReader]
      Initial Block Size 64,0 KB
      Current Block Size 64,0 KB
      Peak Allocated Bytes 31 B
      Overflow Count 0
    [ALLOC_TEMP_AssetDatabase.FileHasherHasher]
      Initial Block Size 64,0 KB
      Current Block Size 64,0 KB
      Peak Allocated Bytes 31 B
      Overflow Count 0
    [ALLOC_TEMP_AssetDatabase.FileHasherReader]
      Initial Block Size 64,0 KB
      Current Block Size 64,0 KB
      Peak Allocated Bytes 31 B
      Overflow Count 0
    [ALLOC_TEMP_AssetDatabase.FileHasherHasher]
      Initial Block Size 64,0 KB
      Current Block Size 64,0 KB
      Peak Allocated Bytes 31 B
      Overflow Count 0
    [ALLOC_TEMP_AssetDatabase.FileHasherReader]
      Initial Block Size 64,0 KB
      Current Block Size 64,0 KB
      Peak Allocated Bytes 31 B
      Overflow Count 0
    [ALLOC_TEMP_AssetDatabase.FileHasherHasher]
      Initial Block Size 64,0 KB
      Current Block Size 64,0 KB
      Peak Allocated Bytes 31 B
      Overflow Count 0
    [ALLOC_TEMP_AssetDatabase.FileHasherReader]
      Initial Block Size 64,0 KB
      Current Block Size 64,0 KB
      Peak Allocated Bytes 31 B
      Overflow Count 0
    [ALLOC_TEMP_Loading.AsyncRead]
      Initial Block Size 64,0 KB
      Current Block Size 64,0 KB
      Peak Allocated Bytes 0 B
      Overflow Count 0
    [ALLOC_TEMP_BatchDeleteObjects]
      Initial Block Size 64,0 KB
      Current Block Size 64,0 KB
      Peak Allocated Bytes 0 B
      Overflow Count 0
    [ALLOC_TEMP_Background Job.worker 15]
      Initial Block Size 32,0 KB
      Current Block Size 32,0 KB
      Peak Allocated Bytes 0 B
      Overflow Count 0
    [ALLOC_TEMP_Background Job.worker 14]
      Initial Block Size 32,0 KB
      Current Block Size 32,0 KB
      Peak Allocated Bytes 0 B
      Overflow Count 0
    [ALLOC_TEMP_Background Job.worker 13]
      Initial Block Size 32,0 KB
      Current Block Size 32,0 KB
      Peak Allocated Bytes 0 B
      Overflow Count 0
    [ALLOC_TEMP_Background Job.worker 12]
      Initial Block Size 32,0 KB
      Current Block Size 32,0 KB
      Peak Allocated Bytes 0 B
      Overflow Count 0
    [ALLOC_TEMP_Background Job.worker 11]
      Initial Block Size 32,0 KB
      Current Block Size 32,0 KB
      Peak Allocated Bytes 0 B
      Overflow Count 0
    [ALLOC_TEMP_Background Job.worker 10]
      Initial Block Size 32,0 KB
      Current Block Size 32,0 KB
      Peak Allocated Bytes 0 B
      Overflow Count 0
    [ALLOC_TEMP_Background Job.worker 9]
      Initial Block Size 32,0 KB
      Current Block Size 32,0 KB
      Peak Allocated Bytes 0 B
      Overflow Count 0
    [ALLOC_TEMP_Background Job.worker 8]
      Initial Block Size 32,0 KB
      Current Block Size 32,0 KB
      Peak Allocated Bytes 0 B
      Overflow Count 0
    [ALLOC_TEMP_Background Job.worker 7]
      Initial Block Size 32,0 KB
      Current Block Size 32,0 KB
      Peak Allocated Bytes 0 B
      Overflow Count 0
    [ALLOC_TEMP_Background Job.worker 6]
      Initial Block Size 32,0 KB
      Current Block Size 32,0 KB
      Peak Allocated Bytes 0 B
      Overflow Count 0
    [ALLOC_TEMP_Background Job.worker 5]
      Initial Block Size 32,0 KB
      Current Block Size 32,0 KB
      Peak Allocated Bytes 0 B
      Overflow Count 0
    [ALLOC_TEMP_Background Job.worker 4]
      Initial Block Size 32,0 KB
      Current Block Size 32,0 KB
      Peak Allocated Bytes 0 B
      Overflow Count 0
    [ALLOC_TEMP_Background Job.worker 3]
      Initial Block Size 32,0 KB
      Current Block Size 32,0 KB
      Peak Allocated Bytes 0 B
      Overflow Count 0
    [ALLOC_TEMP_Background Job.worker 2]
      Initial Block Size 32,0 KB
      Current Block Size 32,0 KB
      Peak Allocated Bytes 0 B
      Overflow Count 0
    [ALLOC_TEMP_Background Job.worker 1]
      Initial Block Size 32,0 KB
      Current Block Size 32,0 KB
      Peak Allocated Bytes 6,9 KB
      Overflow Count 0
    [ALLOC_TEMP_Background Job.worker 0]
      Initial Block Size 32,0 KB
      Current Block Size 32,0 KB
      Peak Allocated Bytes 0 B
      Overflow Count 0
    [ALLOC_TEMP_Job.worker 14]
      Initial Block Size 256,0 KB
      Current Block Size 256,0 KB
      Peak Allocated Bytes 0 B
      Overflow Count 0
    [ALLOC_TEMP_Job.worker 13]
      Initial Block Size 256,0 KB
      Current Block Size 256,0 KB
      Peak Allocated Bytes 0 B
      Overflow Count 0
    [ALLOC_TEMP_Job.worker 12]
      Initial Block Size 256,0 KB
      Current Block Size 256,0 KB
      Peak Allocated Bytes 0 B
      Overflow Count 0
    [ALLOC_TEMP_Job.worker 11]
      Initial Block Size 256,0 KB
      Current Block Size 256,0 KB
      Peak Allocated Bytes 0 B
      Overflow Count 0
    [ALLOC_TEMP_Job.worker 10]
      Initial Block Size 256,0 KB
      Current Block Size 256,0 KB
      Peak Allocated Bytes 0 B
      Overflow Count 0
    [ALLOC_TEMP_Job.worker 9]
      Initial Block Size 256,0 KB
      Current Block Size 256,0 KB
      Peak Allocated Bytes 0 B
      Overflow Count 0
    [ALLOC_TEMP_Job.worker 8]
      Initial Block Size 256,0 KB
      Current Block Size 256,0 KB
      Peak Allocated Bytes 0 B
      Overflow Count 0
    [ALLOC_TEMP_Job.worker 7]
      Initial Block Size 256,0 KB
      Current Block Size 256,0 KB
      Peak Allocated Bytes 0 B
      Overflow Count 0
    [ALLOC_TEMP_Job.worker 6]
      Initial Block Size 256,0 KB
      Current Block Size 256,0 KB
      Peak Allocated Bytes 0 B
      Overflow Count 0
    [ALLOC_TEMP_Job.worker 5]
      Initial Block Size 256,0 KB
      Current Block Size 256,0 KB
      Peak Allocated Bytes 0 B
      Overflow Count 0
    [ALLOC_TEMP_Job.worker 4]
      Initial Block Size 256,0 KB
      Current Block Size 256,0 KB
      Peak Allocated Bytes 0 B
      Overflow Count 0
    [ALLOC_TEMP_Job.worker 3]
      Initial Block Size 256,0 KB
      Current Block Size 256,0 KB
      Peak Allocated Bytes 0 B
      Overflow Count 0
    [ALLOC_TEMP_Job.worker 2]
      Initial Block Size 256,0 KB
      Current Block Size 256,0 KB
      Peak Allocated Bytes 0 B
      Overflow Count 0
    [ALLOC_TEMP_Job.worker 1]
      Initial Block Size 256,0 KB
      Current Block Size 256,0 KB
      Peak Allocated Bytes 0,6 KB
      Overflow Count 0
    [ALLOC_TEMP_Job.worker 0]
      Initial Block Size 256,0 KB
      Current Block Size 256,0 KB
      Peak Allocated Bytes 0 B
      Overflow Count 0
    [ALLOC_TEMP_MAIN]
      Peak usage frame count: [1,0 MB-2,0 MB]: 58 frames, [8,0 MB-16,0 MB]: 2 frames
      Initial Block Size 16,0 MB
      Current Block Size 16,0 MB
      Peak Allocated Bytes 9,4 MB
      Overflow Count 0
    [ALLOC_TEMP_CoreBusinessMetricsCache]
      Initial Block Size 64,0 KB
      Current Block Size 64,0 KB
      Peak Allocated Bytes 0 B
      Overflow Count 0
    [ALLOC_TEMP_AssetDatabase.IOService]
      Initial Block Size 64,0 KB
      Current Block Size 64,0 KB
      Peak Allocated Bytes 32,6 KB
      Overflow Count 0
    [ALLOC_TEMP_Loading.PreloadManager]
      Initial Block Size 32,0 MB
      Current Block Size 32,0 MB
      Peak Allocated Bytes 0 B
      Overflow Count 0
    [ALLOC_TEMP_Profiler.Dispatcher]
      Initial Block Size 64,0 KB
      Current Block Size 64,0 KB
      Peak Allocated Bytes 0 B
      Overflow Count 0
    [ALLOC_TEMP_AssetGarbageCollectorHelper] x 15
      Initial Block Size 64,0 KB
      Current Block Size 64,0 KB
      Peak Allocated Bytes 0 B
      Overflow Count 0
[ALLOC_MEMORYPROFILER]
  Peak usage frame count: [256,0 KB-0,5 MB]: 58 frames, [0,5 MB-1,0 MB]: 2 frames
  Requested Block Size 1,0 MB
  Peak Block count 1
  Peak Allocated memory 0,7 MB
  Peak Large allocation bytes 0 B
[ALLOC_DEFAULT] Dual Thread Allocator
  Peak main deferred allocation count 832
    [ALLOC_BUCKET]
      Large Block size 32,0 MB
      Used Block count 1
      Peak Allocated bytes 8,9 MB
    [ALLOC_DEFAULT_MAIN]
      Peak usage frame count: [32,0 MB-64,0 MB]: 60 frames
      Requested Block Size 16,0 MB
      Peak Block count 4
      Peak Allocated memory 55,7 MB
      Peak Large allocation bytes 0 B
    [ALLOC_DEFAULT_THREAD]
      Peak usage frame count: [4,0 MB-8,0 MB]: 60 frames
      Requested Block Size 16,0 MB
      Peak Block count 1
      Peak Allocated memory 7,0 MB
      Peak Large allocation bytes 0 B
[ALLOC_TEMP_JOB_1_FRAME]
  Initial Block Size 2,0 MB
  Used Block Count 0
  Overflow Count (too large) 0
  Overflow Count (full) 0
[ALLOC_TEMP_JOB_2_FRAMES]
  Initial Block Size 2,0 MB
  Used Block Count 0
  Overflow Count (too large) 0
  Overflow Count (full) 0
[ALLOC_TEMP_JOB_4_FRAMES (JobTemp)]
  Initial Block Size 2,0 MB
  Used Block Count 1
  Overflow Count (too large) 0
  Overflow Count (full) 0
[ALLOC_TEMP_JOB_ASYNC (Background)]
  Initial Block Size 1,0 MB
  Used Block Count 1
  Overflow Count (too large) 0
  Overflow Count (full) 0
[ALLOC_GFX] Dual Thread Allocator
  Peak main deferred allocation count 0
    [ALLOC_BUCKET]
      Large Block size 32,0 MB
      Used Block count 1
      Peak Allocated bytes 8,9 MB
    [ALLOC_GFX_MAIN]
      Peak usage frame count: [128,0 KB-256,0 KB]: 60 frames
      Requested Block Size 16,0 MB
      Peak Block count 1
      Peak Allocated memory 157,1 KB
      Peak Large allocation bytes 0 B
    [ALLOC_GFX_THREAD]
      Peak usage frame count: [0-1,0 KB]: 60 frames
      Requested Block Size 16,0 MB
      Peak Block count 0
      Peak Allocated memory 0 B
      Peak Large allocation bytes 0 B
[ALLOC_CACHEOBJECTS] Dual Thread Allocator
  Peak main deferred allocation count 20277
    [ALLOC_BUCKET]
      Large Block size 32,0 MB
      Used Block count 1
      Peak Allocated bytes 8,9 MB
    [ALLOC_CACHEOBJECTS_MAIN]
      Peak usage frame count: [4,0 MB-8,0 MB]: 58 frames, [32,0 MB-64,0 MB]: 1 frames, [64,0 MB-128,0 MB]: 1 frames
      Requested Block Size 4,0 MB
      Peak Block count 20
      Peak Allocated memory 90,1 MB
      Peak Large allocation bytes 14,4 MB
    [ALLOC_CACHEOBJECTS_THREAD]
      Peak usage frame count: [0-1,0 KB]: 60 frames
      Requested Block Size 4,0 MB
      Peak Block count 0
      Peak Allocated memory 0 B
      Peak Large allocation bytes 0 B
[ALLOC_TYPETREE] Dual Thread Allocator
  Peak main deferred allocation count 32570
    [ALLOC_BUCKET]
      Large Block size 32,0 MB
      Used Block count 1
      Peak Allocated bytes 8,9 MB
    [ALLOC_TYPETREE_MAIN]
      Peak usage frame count: [128,0 KB-256,0 KB]: 6 frames, [256,0 KB-0,5 MB]: 51 frames, [1,0 MB-2,0 MB]: 1 frames, [16,0 MB-32,0 MB]: 2 frames
      Requested Block Size 2,0 MB
      Peak Block count 12
      Peak Allocated memory 20,5 MB
      Peak Large allocation bytes 0 B
    [ALLOC_TYPETREE_THREAD]
      Peak usage frame count: [0-1,0 KB]: 60 frames
      Requested Block Size 2,0 MB
      Peak Block count 0
      Peak Allocated memory 0 B
      Peak Large allocation bytes 0 B
[ALLOC_PROFILER]
  Peak usage frame count: [64,0 KB-128,0 KB]: 60 frames
  Requested Block Size 16,0 MB
  Peak Block count 1
  Peak Allocated memory 77,0 KB
  Peak Large allocation bytes 0 B
    [ALLOC_PROFILER_BUCKET]
      Large Block size 32,0 MB
      Used Block count 1
      Peak Allocated bytes 2,8 KB
[ALLOC_PROFILER_EDITOR]
  Peak usage frame count: [0-1,0 KB]: 60 frames
  Requested Block Size 1,0 MB
  Peak Block count 0
  Peak Allocated memory 0 B
  Peak Large allocation bytes 0 B
    [ALLOC_PROFILER_BUCKET]
      Large Block size 32,0 MB
      Used Block count 1
      Peak Allocated bytes 2,8 KB
##utp:{"type":"MemoryLeaks","version":2,"phase":"Immediate","time":1709293290338,"processId":20805,"allocatedMemory":48864624,"memoryLabels":[{"Default":91875},{"Permanent":18419},{"Thread":1086544},{"Manager":4168707},{"VertexData":204},{"Geometry":408},{"Particles":17888},{"VFX":44},{"Texture":78433},{"Shader":160994},{"Material":4784},{"GfxDevice":225448},{"Animation":15054},{"Audio":13660},{"FMODOther":2085494},{"Font":1792},{"FontEngine":336},{"Physics":274205},{"Physics2D":153296},{"Serialization":6036258},{"Input":59520},{"JobScheduler":13087104},{"GarbageCollector":1049152},{"Mono":92},{"ScriptingNativeRuntime":191864},{"BaseObject":1839379},{"Resource":1300},{"Renderer":8796},{"Transform":48},{"File":12599},{"Network":3332},{"WebCam":40},{"Culling":48},{"Terrain":1073},{"TerrainPhysics":8},{"Wind":24},{"STL":152064},{"String":800973},{"DynamicArray":896684},{"HashMap":1293135},{"Utility":4761574},{"PoolAlloc":1496},{"AI":59720},{"TypeTree":4549},{"ScriptManager":1545145},{"MonoScriptCache":636768},{"RuntimeInitializeOnLoadManager":80},{"AncestorCache":40},{"SpriteAtlas":128},{"GI":16472},{"Director":7928},{"WebRequest":720},{"VR":46041},{"SceneManager":600},{"Video":256},{"LazyScriptCache":40},{"ManagedAttributeManager":1},{"TextureStreaming":1416},{"NativeArray":18097},{"ScreenCapture":8},{"Camera":25},{"Secure":1},{"CrashReporter":1040},{"SerializationCache":1576},{"APIUpdating":11856},{"Subsystems":392},{"VirtualTexturing":59712},{"StaticSafetyDebugInfo":327680},{"EditorGui":4728292},{"EditorUtility":43066},{"VersionControl":4},{"Undo":736},{"AssetDatabase":2386424},{"AssetImporter":288747},{"RestService":2880},{"EditorGi":24624},{"ProgressiveLightmapper":11304},{"License":3144},{"UnityConnect":25496},{"Collab":25},{"Upm":1272},{"DrivenProperties":96},{"LocalIPC":120},{"ProfilerEditor":10999},{"CoreBusinessMetrics":2876},{"AssetReference":40},{"IPCStream":40}]}
