Using pre-set license
Built from '2022.3/staging' branch; Version is '2022.3.17f1 (4fc78088f837) revision 5228416'; Using compiler version '192829333'; Build Type 'Release'
OS: 'Windows 10  (10.0.19045) 64bit ProfessionalWorkstation' Language: 'es' Physical Memory: 16087 MB
BatchMode: 1, IsHumanControllingUs: 0, StartBugReporterOnCrash: 0, Is64bit: 1, IsPro: 1

COMMAND LINE ARGUMENTS:
C:\Program Files\Unity\Hub\Editor\2022.3.17f1\Editor\Unity.exe
-adb2
-batchMode
-noUpm
-name
AssetImportWorker13
-projectPath
C:/Users/Usuario/Documents/GitHub/DAM_UF2_Proyecto/UF2_Proyecto
-logFile
Logs/AssetImportWorker13.log
-srvPort
51342
Successfully changed project path to: C:/Users/Usuario/Documents/GitHub/DAM_UF2_Proyecto/UF2_Proyecto
C:/Users/Usuario/Documents/GitHub/DAM_UF2_Proyecto/UF2_Proyecto
[UnityMemory] Configuration Parameters - Can be set up in boot.config
    "memorysetup-bucket-allocator-granularity=16"
    "memorysetup-bucket-allocator-bucket-count=8"
    "memorysetup-bucket-allocator-block-size=33554432"
    "memorysetup-bucket-allocator-block-count=8"
    "memorysetup-main-allocator-block-size=16777216"
    "memorysetup-thread-allocator-block-size=16777216"
    "memorysetup-gfx-main-allocator-block-size=16777216"
    "memorysetup-gfx-thread-allocator-block-size=16777216"
    "memorysetup-cache-allocator-block-size=4194304"
    "memorysetup-typetree-allocator-block-size=2097152"
    "memorysetup-profiler-bucket-allocator-granularity=16"
    "memorysetup-profiler-bucket-allocator-bucket-count=8"
    "memorysetup-profiler-bucket-allocator-block-size=33554432"
    "memorysetup-profiler-bucket-allocator-block-count=8"
    "memorysetup-profiler-allocator-block-size=16777216"
    "memorysetup-profiler-editor-allocator-block-size=1048576"
    "memorysetup-temp-allocator-size-main=16777216"
    "memorysetup-job-temp-allocator-block-size=2097152"
    "memorysetup-job-temp-allocator-block-size-background=1048576"
    "memorysetup-job-temp-allocator-reduction-small-platforms=262144"
    "memorysetup-allocator-temp-initial-block-size-main=262144"
    "memorysetup-allocator-temp-initial-block-size-worker=262144"
    "memorysetup-temp-allocator-size-background-worker=32768"
    "memorysetup-temp-allocator-size-job-worker=262144"
    "memorysetup-temp-allocator-size-preload-manager=33554432"
    "memorysetup-temp-allocator-size-nav-mesh-worker=65536"
    "memorysetup-temp-allocator-size-audio-worker=65536"
    "memorysetup-temp-allocator-size-cloud-worker=32768"
    "memorysetup-temp-allocator-size-gi-baking-worker=262144"
    "memorysetup-temp-allocator-size-gfx=262144"
Player connection [36744] Host "[IP] 192.168.1.131 [Port] 0 [Flags] 2 [Guid] 4290900757 [EditorId] 4290900757 [Version] 1048832 [Id] WindowsEditor(7,DESKTOP-3P4O3T5) [Debug] 1 [PackageName] WindowsEditor [ProjectName] Editor" joined multi-casting on [225.0.0.222:54997]...

Player connection [36744] Host "[IP] 192.168.1.131 [Port] 0 [Flags] 2 [Guid] 4290900757 [EditorId] 4290900757 [Version] 1048832 [Id] WindowsEditor(7,DESKTOP-3P4O3T5) [Debug] 1 [PackageName] WindowsEditor [ProjectName] Editor" joined alternative multi-casting on [225.0.0.222:34997]...

[Physics::Module] Initialized MultithreadedJobDispatcher with 11 workers.
Refreshing native plugins compatible for Editor in 16.76 ms, found 4 plugins.
Preloading 0 native plugins for Editor in 0.00 ms.
Initialize engine version: 2022.3.17f1 (4fc78088f837)
[Subsystems] Discovering subsystems at path C:/Program Files/Unity/Hub/Editor/2022.3.17f1/Editor/Data/Resources/UnitySubsystems
[Subsystems] Discovering subsystems at path C:/Users/Usuario/Documents/GitHub/DAM_UF2_Proyecto/UF2_Proyecto/Assets
GfxDevice: creating device client; threaded=0; jobified=0
Direct3D:
    Version:  Direct3D 11.0 [level 11.1]
    Renderer: Intel(R) Iris(R) Xe Graphics (ID=0xa7a1)
    Vendor:   Intel
    VRAM:     8043 MB
    Driver:   31.0.101.4314
Initialize mono
Mono path[0] = 'C:/Program Files/Unity/Hub/Editor/2022.3.17f1/Editor/Data/Managed'
Mono path[1] = 'C:/Program Files/Unity/Hub/Editor/2022.3.17f1/Editor/Data/MonoBleedingEdge/lib/mono/unityjit-win32'
Mono config path = 'C:/Program Files/Unity/Hub/Editor/2022.3.17f1/Editor/Data/MonoBleedingEdge/etc'
Using monoOptions --debugger-agent=transport=dt_socket,embedding=1,server=y,suspend=n,address=127.0.0.1:56048
Begin MonoManager ReloadAssembly
Registering precompiled unity dll's ...
Register platform support module: C:/Program Files/Unity/Hub/Editor/2022.3.17f1/Editor/Data/PlaybackEngines/WindowsStandaloneSupport/UnityEditor.WindowsStandalone.Extensions.dll
Registered in 0.011215 seconds.
- Loaded All Assemblies, in  0.582 seconds
Native extension for WindowsStandalone target not found
Mono: successfully reloaded assembly
- Finished resetting the current domain, in  0.476 seconds
Domain Reload Profiling: 1056ms
	BeginReloadAssembly (203ms)
		ExecutionOrderSort (0ms)
		DisableScriptedObjects (0ms)
		BackupInstance (0ms)
		ReleaseScriptingObjects (0ms)
		CreateAndSetChildDomain (2ms)
	RebuildCommonClasses (52ms)
	RebuildNativeTypeToScriptingClass (15ms)
	initialDomainReloadingComplete (93ms)
	LoadAllAssembliesAndSetupDomain (216ms)
		LoadAssemblies (199ms)
		RebuildTransferFunctionScriptingTraits (0ms)
		AnalyzeDomain (213ms)
			TypeCache.Refresh (211ms)
				TypeCache.ScanAssembly (191ms)
			ScanForSourceGeneratedMonoScriptInfo (0ms)
			ResolveRequiredComponents (1ms)
	FinalizeReload (477ms)
		ReleaseScriptCaches (0ms)
		RebuildScriptCaches (0ms)
		SetupLoadedEditorAssemblies (381ms)
			LogAssemblyErrors (0ms)
			InitializePlatformSupportModulesInManaged (24ms)
			SetLoadedEditorAssemblies (16ms)
			RefreshPlugins (0ms)
			BeforeProcessingInitializeOnLoad (3ms)
			ProcessInitializeOnLoadAttributes (259ms)
			ProcessInitializeOnLoadMethodAttributes (78ms)
			AfterProcessingInitializeOnLoad (0ms)
			EditorAssembliesLoaded (0ms)
		ExecutionOrderSort2 (0ms)
		AwakeInstancesAfterBackupRestoration (0ms)
========================================================================
Worker process is ready to serve import requests
Begin MonoManager ReloadAssembly
- Loaded All Assemblies, in  1.281 seconds
Refreshing native plugins compatible for Editor in 6.68 ms, found 4 plugins.
Native extension for WindowsStandalone target not found
Package Manager log level set to [2]
[Package Manager] Server::EnsureServerProcessIsRunning -- launch failed, reason: Unity was launched with the -noUpm command-line argument
[Package Manager] UpmClient::Send -- Unable to send message (not connected to UPM process).
[Package Manager] Cannot connect to Unity Package Manager local server
Mono: successfully reloaded assembly
- Finished resetting the current domain, in  1.041 seconds
Domain Reload Profiling: 2309ms
	BeginReloadAssembly (297ms)
		ExecutionOrderSort (0ms)
		DisableScriptedObjects (11ms)
		BackupInstance (0ms)
		ReleaseScriptingObjects (0ms)
		CreateAndSetChildDomain (43ms)
	RebuildCommonClasses (53ms)
	RebuildNativeTypeToScriptingClass (17ms)
	initialDomainReloadingComplete (93ms)
	LoadAllAssembliesAndSetupDomain (808ms)
		LoadAssemblies (723ms)
		RebuildTransferFunctionScriptingTraits (0ms)
		AnalyzeDomain (269ms)
			TypeCache.Refresh (225ms)
				TypeCache.ScanAssembly (193ms)
			ScanForSourceGeneratedMonoScriptInfo (36ms)
			ResolveRequiredComponents (6ms)
	FinalizeReload (1041ms)
		ReleaseScriptCaches (0ms)
		RebuildScriptCaches (0ms)
		SetupLoadedEditorAssemblies (820ms)
			LogAssemblyErrors (0ms)
			InitializePlatformSupportModulesInManaged (13ms)
			SetLoadedEditorAssemblies (5ms)
			RefreshPlugins (0ms)
			BeforeProcessingInitializeOnLoad (152ms)
			ProcessInitializeOnLoadAttributes (567ms)
			ProcessInitializeOnLoadMethodAttributes (72ms)
			AfterProcessingInitializeOnLoad (12ms)
			EditorAssembliesLoaded (0ms)
		ExecutionOrderSort2 (0ms)
		AwakeInstancesAfterBackupRestoration (10ms)
Failed to load shader (instanceID 416, GUID bedd19944f451ba4d83e7ed69be98d5c)
Failed to load shader (instanceID 418, GUID 9c442dc870b456e48b615cd8add0e9ef)
Failed to load shader (instanceID 412, GUID 603d454d711fe784cba9ce08dd22b881)
Failed to load shader (instanceID 408, GUID 0a8f4dcd626bcd14bbbfa5a5e116b16e)
Launched and connected shader compiler UnityShaderCompiler.exe after 0.07 seconds
Refreshing native plugins compatible for Editor in 3.39 ms, found 4 plugins.
Preloading 0 native plugins for Editor in 0.00 ms.
Unloading 1020 Unused Serialized files (Serialized files now loaded: 0)
Unloading 31 unused Assets / (109.2 KB). Loaded Objects now: 1487.
Memory consumption went from 91.4 MB to 91.3 MB.
Total: 5.506700 ms (FindLiveObjects: 0.131800 ms CreateObjectMapping: 0.034400 ms MarkObjects: 5.093200 ms  DeleteObjects: 0.245400 ms)

AssetImportParameters requested are different than current active one (requested -> active):
  custom:container-demuxer-ogg: 62fdf1f143b41e24485cea50d1cbac27 -> 
  custom:video-decoder-ogg-theora: a1e56fd34408186e4bbccfd4996cb3dc -> 
  custom:framework-win-MediaFoundation: 216162199b28c13a410421893ffa2e32 -> 
  custom:CustomObjectIndexerAttribute: 6d391050e5a25f67b0a2c618074f2cd9 -> 
  custom:container-demuxer-webm: 4f35f7cbe854078d1ac9338744f61a02 -> 
  custom:container-muxer-webm: aa71ff27fc2769a1b78a27578f13a17b -> 
  custom:video-decoder-webm-vp8: 9c59270c3fd7afecdb556c50c9e8de78 -> 
  custom:SearchIndexIgnoredProperties: e643bd26f0fe6173181afceb89e7c659 -> 
  custom:AudioImporter_EditorPlatform: d09bf68614088b80899f8185d706f6e7 -> 
  custom:video-encoder-webm-vp8: eb34c28f22e8b96e1ab97ce403110664 -> 
  custom:audio-decoder-ogg-vorbis: bf7c407c2cedff20999df2af8eb42d56 -> 
  custom:audio-encoder-webm-vorbis: bf7c407c2cedff20999df2af8eb42d56 -> 
========================================================================
Received Import Request.
  Time since last request: 80589.659383 seconds.
  path: Assets/DownloadedContent/Characters/Ground_monk_FREE_v1.3/png/idle/idle_3.png
  artifactKey: Guid(c7cf32269a54ac5448625a1b9b050590) Importer(815301076,1909f56bfc062723c751e8b465ee728b)
Start importing Assets/DownloadedContent/Characters/Ground_monk_FREE_v1.3/png/idle/idle_3.png using Guid(c7cf32269a54ac5448625a1b9b050590) Importer(815301076,1909f56bfc062723c751e8b465ee728b)  -> (artifact id: '2eb327fce8d1c1616bc4ce27b2b0e669') in 0.251547 seconds
Number of updated asset objects reloaded before import = 0
Number of asset objects unloaded after import = 3
========================================================================
Received Import Request.
  Time since last request: 208.129508 seconds.
  path: Assets/DownloadedContent/Characters/Leaf_ranger_Free_v1.0/animations/PNG/idle/idle_2.png
  artifactKey: Guid(0386ad7314a439d4f9cc0e9ffe2c0d27) Importer(815301076,1909f56bfc062723c751e8b465ee728b)
Start importing Assets/DownloadedContent/Characters/Leaf_ranger_Free_v1.0/animations/PNG/idle/idle_2.png using Guid(0386ad7314a439d4f9cc0e9ffe2c0d27) Importer(815301076,1909f56bfc062723c751e8b465ee728b)  -> (artifact id: '0b8dd1f112f739b15b14219e0fa24bae') in 0.092871 seconds
Number of updated asset objects reloaded before import = 0
Number of asset objects unloaded after import = 3
========================================================================
Received Import Request.
  Time since last request: 0.000028 seconds.
  path: Assets/DownloadedContent/Characters/Leaf_ranger_Free_v1.0/animations/PNG/idle/idle_9.png
  artifactKey: Guid(23e4dac5e3ad8fa468dee9613974e001) Importer(815301076,1909f56bfc062723c751e8b465ee728b)
Start importing Assets/DownloadedContent/Characters/Leaf_ranger_Free_v1.0/animations/PNG/idle/idle_9.png using Guid(23e4dac5e3ad8fa468dee9613974e001) Importer(815301076,1909f56bfc062723c751e8b465ee728b)  -> (artifact id: 'ce33dfee615a122370a34d6e20dc3415') in 0.081279 seconds
Number of updated asset objects reloaded before import = 0
Number of asset objects unloaded after import = 3
========================================================================
Received Import Request.
  Time since last request: 0.000074 seconds.
  path: Assets/DownloadedContent/Characters/Leaf_ranger_Free_v1.0/animations/PNG/idle/idle_6.png
  artifactKey: Guid(eef566a14912fed41ae9ea8a6877d1b7) Importer(815301076,1909f56bfc062723c751e8b465ee728b)
Start importing Assets/DownloadedContent/Characters/Leaf_ranger_Free_v1.0/animations/PNG/idle/idle_6.png using Guid(eef566a14912fed41ae9ea8a6877d1b7) Importer(815301076,1909f56bfc062723c751e8b465ee728b)  -> (artifact id: '47ead7e5e2f40eaa57ba6a64079cf3f7') in 0.066467 seconds
Number of updated asset objects reloaded before import = 0
Number of asset objects unloaded after import = 3
========================================================================
Received Import Request.
  Time since last request: 0.000040 seconds.
  path: Assets/DownloadedContent/Characters/Leaf_ranger_Free_v1.0/animations/PNG/idle/idle_12.png
  artifactKey: Guid(df7edad99cad0e44194a2800bab716eb) Importer(815301076,1909f56bfc062723c751e8b465ee728b)
Start importing Assets/DownloadedContent/Characters/Leaf_ranger_Free_v1.0/animations/PNG/idle/idle_12.png using Guid(df7edad99cad0e44194a2800bab716eb) Importer(815301076,1909f56bfc062723c751e8b465ee728b)  -> (artifact id: '9d391913cb064c494aec2951fdb57faf') in 0.046005 seconds
Number of updated asset objects reloaded before import = 0
Number of asset objects unloaded after import = 3
========================================================================
Received Import Request.
  Time since last request: 0.000130 seconds.
  path: Assets/DownloadedContent/Characters/Leaf_ranger_Free_v1.0/animations/PNG/idle/idle_11.png
  artifactKey: Guid(09511facf76233846a78b65da84dc8e5) Importer(815301076,1909f56bfc062723c751e8b465ee728b)
Start importing Assets/DownloadedContent/Characters/Leaf_ranger_Free_v1.0/animations/PNG/idle/idle_11.png using Guid(09511facf76233846a78b65da84dc8e5) Importer(815301076,1909f56bfc062723c751e8b465ee728b)  -> (artifact id: 'eed9b49a318bbd63e5e3689f6e6a1a8d') in 0.054925 seconds
Number of updated asset objects reloaded before import = 0
Number of asset objects unloaded after import = 3
========================================================================
Received Import Request.
  Time since last request: 0.000108 seconds.
  path: Assets/DownloadedContent/Characters/Leaf_ranger_Free_v1.0/animations/PNG/idle/idle_4.png
  artifactKey: Guid(aee96e764071a4f448e4253a5c13b933) Importer(815301076,1909f56bfc062723c751e8b465ee728b)
Start importing Assets/DownloadedContent/Characters/Leaf_ranger_Free_v1.0/animations/PNG/idle/idle_4.png using Guid(aee96e764071a4f448e4253a5c13b933) Importer(815301076,1909f56bfc062723c751e8b465ee728b)  -> (artifact id: '021621b50d140c441abf8750475862b0') in 0.042374 seconds
Number of updated asset objects reloaded before import = 0
Number of asset objects unloaded after import = 3
========================================================================
Received Import Request.
  Time since last request: 22.902936 seconds.
  path: Assets/DownloadedContent/Characters/Leaf_ranger_Free_v1.0/animations/PNG/idle/idle_2.png
  artifactKey: Guid(0386ad7314a439d4f9cc0e9ffe2c0d27) Importer(815301076,1909f56bfc062723c751e8b465ee728b)
Start importing Assets/DownloadedContent/Characters/Leaf_ranger_Free_v1.0/animations/PNG/idle/idle_2.png using Guid(0386ad7314a439d4f9cc0e9ffe2c0d27) Importer(815301076,1909f56bfc062723c751e8b465ee728b)  -> (artifact id: '82edd1578b67b6afe84b3d0c39746cf5') in 0.052467 seconds
Number of updated asset objects reloaded before import = 0
Number of asset objects unloaded after import = 3
========================================================================
Received Import Request.
  Time since last request: 0.000033 seconds.
  path: Assets/DownloadedContent/Characters/Leaf_ranger_Free_v1.0/animations/PNG/idle/idle_9.png
  artifactKey: Guid(23e4dac5e3ad8fa468dee9613974e001) Importer(815301076,1909f56bfc062723c751e8b465ee728b)
Start importing Assets/DownloadedContent/Characters/Leaf_ranger_Free_v1.0/animations/PNG/idle/idle_9.png using Guid(23e4dac5e3ad8fa468dee9613974e001) Importer(815301076,1909f56bfc062723c751e8b465ee728b)  -> (artifact id: '6502eca55b8d249fae224fd4cdff0880') in 0.044212 seconds
Number of updated asset objects reloaded before import = 0
Number of asset objects unloaded after import = 3
========================================================================
Received Import Request.
  Time since last request: 0.000055 seconds.
  path: Assets/DownloadedContent/Characters/Leaf_ranger_Free_v1.0/animations/PNG/idle/idle_6.png
  artifactKey: Guid(eef566a14912fed41ae9ea8a6877d1b7) Importer(815301076,1909f56bfc062723c751e8b465ee728b)
Start importing Assets/DownloadedContent/Characters/Leaf_ranger_Free_v1.0/animations/PNG/idle/idle_6.png using Guid(eef566a14912fed41ae9ea8a6877d1b7) Importer(815301076,1909f56bfc062723c751e8b465ee728b)  -> (artifact id: 'e225f717a66af7dadeb67a6904be8356') in 0.048247 seconds
Number of updated asset objects reloaded before import = 0
Number of asset objects unloaded after import = 3
========================================================================
Received Import Request.
  Time since last request: 0.000047 seconds.
  path: Assets/DownloadedContent/Characters/Leaf_ranger_Free_v1.0/animations/PNG/idle/idle_10.png
  artifactKey: Guid(2f81d420ceba4844ba0071c39b76e0c5) Importer(815301076,1909f56bfc062723c751e8b465ee728b)
Start importing Assets/DownloadedContent/Characters/Leaf_ranger_Free_v1.0/animations/PNG/idle/idle_10.png using Guid(2f81d420ceba4844ba0071c39b76e0c5) Importer(815301076,1909f56bfc062723c751e8b465ee728b)  -> (artifact id: 'c7d94610809137de2c818ae35525a0b9') in 0.042461 seconds
Number of updated asset objects reloaded before import = 0
Number of asset objects unloaded after import = 3
========================================================================
Received Import Request.
  Time since last request: 0.000262 seconds.
  path: Assets/DownloadedContent/Characters/Leaf_ranger_Free_v1.0/animations/PNG/idle/idle_11.png
  artifactKey: Guid(09511facf76233846a78b65da84dc8e5) Importer(815301076,1909f56bfc062723c751e8b465ee728b)
Start importing Assets/DownloadedContent/Characters/Leaf_ranger_Free_v1.0/animations/PNG/idle/idle_11.png using Guid(09511facf76233846a78b65da84dc8e5) Importer(815301076,1909f56bfc062723c751e8b465ee728b)  -> (artifact id: 'd60aed7806d5127b5069d1559df1a562') in 0.049187 seconds
Number of updated asset objects reloaded before import = 0
Number of asset objects unloaded after import = 3
========================================================================
Received Import Request.
  Time since last request: 0.000031 seconds.
  path: Assets/DownloadedContent/Characters/Leaf_ranger_Free_v1.0/animations/PNG/idle/idle_4.png
  artifactKey: Guid(aee96e764071a4f448e4253a5c13b933) Importer(815301076,1909f56bfc062723c751e8b465ee728b)
Start importing Assets/DownloadedContent/Characters/Leaf_ranger_Free_v1.0/animations/PNG/idle/idle_4.png using Guid(aee96e764071a4f448e4253a5c13b933) Importer(815301076,1909f56bfc062723c751e8b465ee728b)  -> (artifact id: '048847d76cd3b97a148a100ea41d9ca1') in 0.042663 seconds
Number of updated asset objects reloaded before import = 0
Number of asset objects unloaded after import = 3
========================================================================
Received Import Request.
  Time since last request: 19.330722 seconds.
  path: Assets/DownloadedContent/Characters/Metal_Elementals_metal_bladekeeper_FREE_v1.1/aseprite/projectile_and_trap.aseprite
  artifactKey: Guid(4f305cd400e52e345860d99b8883873f) Importer(815301076,1909f56bfc062723c751e8b465ee728b)
Start importing Assets/DownloadedContent/Characters/Metal_Elementals_metal_bladekeeper_FREE_v1.1/aseprite/projectile_and_trap.aseprite using Guid(4f305cd400e52e345860d99b8883873f) Importer(815301076,1909f56bfc062723c751e8b465ee728b)  -> (artifact id: 'bbe20f1c4534bf51502fe62de1fe71b8') in 0.254399 seconds
Number of updated asset objects reloaded before import = 0
Number of asset objects unloaded after import = 33
========================================================================
Received Import Request.
  Time since last request: 408.696957 seconds.
  path: Assets/DownloadedContent/Characters/Wind_hashashin_FREE_v1.1/wind_hashashin_FREE_v1.1.aseprite
  artifactKey: Guid(71c037938d9751545975cbbf7011ed19) Importer(815301076,1909f56bfc062723c751e8b465ee728b)
Start importing Assets/DownloadedContent/Characters/Wind_hashashin_FREE_v1.1/wind_hashashin_FREE_v1.1.aseprite using Guid(71c037938d9751545975cbbf7011ed19) Importer(815301076,1909f56bfc062723c751e8b465ee728b)  -> (artifact id: '7044f79fd147419b91151bbbdda971be') in 1.178707 seconds
Number of updated asset objects reloaded before import = 0
Number of asset objects unloaded after import = 199
========================================================================
Received Import Request.
  Time since last request: 3.396641 seconds.
  path: Assets/DownloadedContent/Characters/Wind_hashashin_FREE_v1.1/PNG/idle/idle_2.png
  artifactKey: Guid(3300510c2a18e2b4ab66572a81627406) Importer(815301076,1909f56bfc062723c751e8b465ee728b)
Start importing Assets/DownloadedContent/Characters/Wind_hashashin_FREE_v1.1/PNG/idle/idle_2.png using Guid(3300510c2a18e2b4ab66572a81627406) Importer(815301076,1909f56bfc062723c751e8b465ee728b)  -> (artifact id: '7311041c060052000953e81e56c73d42') in 0.047426 seconds
Number of updated asset objects reloaded before import = 0
Number of asset objects unloaded after import = 3
========================================================================
Received Import Request.
  Time since last request: 0.000959 seconds.
  path: Assets/DownloadedContent/Characters/Wind_hashashin_FREE_v1.1/PNG/idle/idle_3.png
  artifactKey: Guid(012c512ade8634449b8928b64ac2de4d) Importer(815301076,1909f56bfc062723c751e8b465ee728b)
Start importing Assets/DownloadedContent/Characters/Wind_hashashin_FREE_v1.1/PNG/idle/idle_3.png using Guid(012c512ade8634449b8928b64ac2de4d) Importer(815301076,1909f56bfc062723c751e8b465ee728b)  -> (artifact id: 'f90112cf909c1adb625f91031a7f7dc3') in 0.037863 seconds
Number of updated asset objects reloaded before import = 0
Number of asset objects unloaded after import = 3
========================================================================
Received Import Request.
  Time since last request: 0.000107 seconds.
  path: Assets/DownloadedContent/Characters/Wind_hashashin_FREE_v1.1/PNG/idle/idle_8.png
  artifactKey: Guid(ef7e0f721c7362246a8ddec9105ad86a) Importer(815301076,1909f56bfc062723c751e8b465ee728b)
Start importing Assets/DownloadedContent/Characters/Wind_hashashin_FREE_v1.1/PNG/idle/idle_8.png using Guid(ef7e0f721c7362246a8ddec9105ad86a) Importer(815301076,1909f56bfc062723c751e8b465ee728b)  -> (artifact id: '8830dae3c4685360b10e33801bf1e69c') in 0.038478 seconds
Number of updated asset objects reloaded before import = 0
Number of asset objects unloaded after import = 3
========================================================================
Received Import Request.
  Time since last request: 0.000052 seconds.
  path: Assets/DownloadedContent/Characters/Wind_hashashin_FREE_v1.1/PNG/idle/idle_6.png
  artifactKey: Guid(e00dddc06abdca246be1f3f47a54e862) Importer(815301076,1909f56bfc062723c751e8b465ee728b)
Start importing Assets/DownloadedContent/Characters/Wind_hashashin_FREE_v1.1/PNG/idle/idle_6.png using Guid(e00dddc06abdca246be1f3f47a54e862) Importer(815301076,1909f56bfc062723c751e8b465ee728b)  -> (artifact id: 'b4b0196e1fee9fbf864c84702bbfd168') in 0.041114 seconds
Number of updated asset objects reloaded before import = 0
Number of asset objects unloaded after import = 3
========================================================================
Received Import Request.
  Time since last request: 14.176150 seconds.
  path: Assets/DownloadedContent/Characters/Wind_hashashin_FREE_v1.1/PNG/idle/idle_3.png
  artifactKey: Guid(012c512ade8634449b8928b64ac2de4d) Importer(815301076,1909f56bfc062723c751e8b465ee728b)
Start importing Assets/DownloadedContent/Characters/Wind_hashashin_FREE_v1.1/PNG/idle/idle_3.png using Guid(012c512ade8634449b8928b64ac2de4d) Importer(815301076,1909f56bfc062723c751e8b465ee728b)  -> (artifact id: '13b3116f2960bbe1671b017e5d81c833') in 0.134432 seconds
Number of updated asset objects reloaded before import = 0
Number of asset objects unloaded after import = 3
========================================================================
Received Import Request.
  Time since last request: 0.000125 seconds.
  path: Assets/DownloadedContent/Characters/Wind_hashashin_FREE_v1.1/PNG/idle/idle_8.png
  artifactKey: Guid(ef7e0f721c7362246a8ddec9105ad86a) Importer(815301076,1909f56bfc062723c751e8b465ee728b)
Start importing Assets/DownloadedContent/Characters/Wind_hashashin_FREE_v1.1/PNG/idle/idle_8.png using Guid(ef7e0f721c7362246a8ddec9105ad86a) Importer(815301076,1909f56bfc062723c751e8b465ee728b)  -> (artifact id: '414922fd65ca397ec726ac5a2ee7c483') in 0.079825 seconds
Number of updated asset objects reloaded before import = 0
Number of asset objects unloaded after import = 3
========================================================================
Received Import Request.
  Time since last request: 0.000059 seconds.
  path: Assets/DownloadedContent/Characters/Wind_hashashin_FREE_v1.1/PNG/idle/idle_6.png
  artifactKey: Guid(e00dddc06abdca246be1f3f47a54e862) Importer(815301076,1909f56bfc062723c751e8b465ee728b)
Start importing Assets/DownloadedContent/Characters/Wind_hashashin_FREE_v1.1/PNG/idle/idle_6.png using Guid(e00dddc06abdca246be1f3f47a54e862) Importer(815301076,1909f56bfc062723c751e8b465ee728b)  -> (artifact id: '67cffebaedc167c4e0256e53ff666cb0') in 0.079052 seconds
Number of updated asset objects reloaded before import = 0
Number of asset objects unloaded after import = 3
========================================================================
Received Import Request.
  Time since last request: 0.000095 seconds.
  path: Assets/DownloadedContent/Characters/Wind_hashashin_FREE_v1.1/PNG/idle/idle_4.png
  artifactKey: Guid(c6f0e34d866dd564cb6e052e8688281e) Importer(815301076,1909f56bfc062723c751e8b465ee728b)
Start importing Assets/DownloadedContent/Characters/Wind_hashashin_FREE_v1.1/PNG/idle/idle_4.png using Guid(c6f0e34d866dd564cb6e052e8688281e) Importer(815301076,1909f56bfc062723c751e8b465ee728b)  -> (artifact id: '25f8a9e0f1e6577c32aa799cdef9e4a7') in 0.044809 seconds
Number of updated asset objects reloaded before import = 0
Number of asset objects unloaded after import = 3
========================================================================
Received Prepare
Begin MonoManager ReloadAssembly
- Loaded All Assemblies, in  1.698 seconds
Refreshing native plugins compatible for Editor in 23.96 ms, found 4 plugins.
Native extension for WindowsStandalone target not found
[Package Manager] Server::EnsureServerProcessIsRunning -- launch failed, reason: Unity was launched with the -noUpm command-line argument
[Package Manager] UpmClient::Send -- Unable to send message (not connected to UPM process).
[Package Manager] Cannot connect to Unity Package Manager local server
Mono: successfully reloaded assembly
- Finished resetting the current domain, in  4.114 seconds
Domain Reload Profiling: 5807ms
	BeginReloadAssembly (317ms)
		ExecutionOrderSort (0ms)
		DisableScriptedObjects (24ms)
		BackupInstance (0ms)
		ReleaseScriptingObjects (0ms)
		CreateAndSetChildDomain (62ms)
	RebuildCommonClasses (60ms)
	RebuildNativeTypeToScriptingClass (23ms)
	initialDomainReloadingComplete (60ms)
	LoadAllAssembliesAndSetupDomain (1231ms)
		LoadAssemblies (1322ms)
		RebuildTransferFunctionScriptingTraits (0ms)
		AnalyzeDomain (88ms)
			TypeCache.Refresh (52ms)
				TypeCache.ScanAssembly (0ms)
			ScanForSourceGeneratedMonoScriptInfo (1ms)
			ResolveRequiredComponents (31ms)
	FinalizeReload (4116ms)
		ReleaseScriptCaches (0ms)
		RebuildScriptCaches (0ms)
		SetupLoadedEditorAssemblies (2520ms)
			LogAssemblyErrors (0ms)
			InitializePlatformSupportModulesInManaged (29ms)
			SetLoadedEditorAssemblies (30ms)
			RefreshPlugins (0ms)
			BeforeProcessingInitializeOnLoad (422ms)
			ProcessInitializeOnLoadAttributes (1827ms)
			ProcessInitializeOnLoadMethodAttributes (181ms)
			AfterProcessingInitializeOnLoad (29ms)
			EditorAssembliesLoaded (1ms)
		ExecutionOrderSort2 (0ms)
		AwakeInstancesAfterBackupRestoration (76ms)
Failed to load shader (instanceID 416, GUID bedd19944f451ba4d83e7ed69be98d5c)
Failed to load shader (instanceID 418, GUID 9c442dc870b456e48b615cd8add0e9ef)
Failed to load shader (instanceID 412, GUID 603d454d711fe784cba9ce08dd22b881)
Failed to load shader (instanceID 408, GUID 0a8f4dcd626bcd14bbbfa5a5e116b16e)
Refreshing native plugins compatible for Editor in 29.84 ms, found 4 plugins.
Preloading 0 native plugins for Editor in 0.00 ms.
Unloading 1013 Unused Serialized files (Serialized files now loaded: 0)
Unloading 22 unused Assets / (81.4 KB). Loaded Objects now: 1527.
Memory consumption went from 96.2 MB to 96.1 MB.
Total: 15.445600 ms (FindLiveObjects: 0.220800 ms CreateObjectMapping: 0.061100 ms MarkObjects: 14.545100 ms  DeleteObjects: 0.614200 ms)

Prepare: number of updated asset objects reloaded= 0
AssetImportParameters requested are different than current active one (requested -> active):
  custom:container-demuxer-ogg: 62fdf1f143b41e24485cea50d1cbac27 -> 
  custom:video-decoder-ogg-theora: a1e56fd34408186e4bbccfd4996cb3dc -> 
  custom:framework-win-MediaFoundation: 216162199b28c13a410421893ffa2e32 -> 
  custom:CustomObjectIndexerAttribute: 6d391050e5a25f67b0a2c618074f2cd9 -> 
  custom:container-demuxer-webm: 4f35f7cbe854078d1ac9338744f61a02 -> 
  custom:container-muxer-webm: aa71ff27fc2769a1b78a27578f13a17b -> 
  custom:video-decoder-webm-vp8: 9c59270c3fd7afecdb556c50c9e8de78 -> 
  custom:SearchIndexIgnoredProperties: e643bd26f0fe6173181afceb89e7c659 -> 
  custom:AudioImporter_EditorPlatform: d09bf68614088b80899f8185d706f6e7 -> 
  custom:video-encoder-webm-vp8: eb34c28f22e8b96e1ab97ce403110664 -> 
  custom:audio-decoder-ogg-vorbis: bf7c407c2cedff20999df2af8eb42d56 -> 
  custom:audio-encoder-webm-vorbis: bf7c407c2cedff20999df2af8eb42d56 -> 
========================================================================
Received Import Request.
  Time since last request: 328.527089 seconds.
  path: Assets/DownloadedContent/Nurse/stage_three.png
  artifactKey: Guid(e2550deba27124a448b3bfb1504b1442) Importer(815301076,1909f56bfc062723c751e8b465ee728b)
Start importing Assets/DownloadedContent/Nurse/stage_three.png using Guid(e2550deba27124a448b3bfb1504b1442) Importer(815301076,1909f56bfc062723c751e8b465ee728b)  -> (artifact id: '68c7eaf697e006f82bc971f4d6e93105') in 0.298353 seconds
Number of updated asset objects reloaded before import = 0
Number of asset objects unloaded after import = 3
========================================================================
Received Import Request.
  Time since last request: 19.523835 seconds.
  path: Assets/DownloadedContent/Characters/Metal_bladekeeper_FREE_v1.1/aseprite/projectile_and_trap.aseprite
  artifactKey: Guid(7f656e4e45a400e439f4f787edd66dab) Importer(815301076,1909f56bfc062723c751e8b465ee728b)
Start importing Assets/DownloadedContent/Characters/Metal_bladekeeper_FREE_v1.1/aseprite/projectile_and_trap.aseprite using Guid(7f656e4e45a400e439f4f787edd66dab) Importer(815301076,1909f56bfc062723c751e8b465ee728b)  -> (artifact id: 'a1050d66e985debd00f492c243489134') in 0.219611 seconds
Number of updated asset objects reloaded before import = 0
Number of asset objects unloaded after import = 33
========================================================================
Received Import Request.
  Time since last request: 26.621518 seconds.
  path: Assets/DownloadedContent/Characters/Metal_bladekeeper_FREE_v1.1/PNG animations/01_idle/01_idle_2.png
  artifactKey: Guid(5e1d20a4b06a36947ad8a00345370390) Importer(815301076,1909f56bfc062723c751e8b465ee728b)
Start importing Assets/DownloadedContent/Characters/Metal_bladekeeper_FREE_v1.1/PNG animations/01_idle/01_idle_2.png using Guid(5e1d20a4b06a36947ad8a00345370390) Importer(815301076,1909f56bfc062723c751e8b465ee728b)  -> (artifact id: 'ac01bbdcd97d5045894cfc7d7b3bfa75') in 0.044653 seconds
Number of updated asset objects reloaded before import = 0
Number of asset objects unloaded after import = 3
========================================================================
Received Import Request.
  Time since last request: 0.000031 seconds.
  path: Assets/DownloadedContent/Characters/Metal_bladekeeper_FREE_v1.1/PNG animations/01_idle/01_idle_8.png
  artifactKey: Guid(0bd69264fcdedfb488ae9b98cec36da1) Importer(815301076,1909f56bfc062723c751e8b465ee728b)
Start importing Assets/DownloadedContent/Characters/Metal_bladekeeper_FREE_v1.1/PNG animations/01_idle/01_idle_8.png using Guid(0bd69264fcdedfb488ae9b98cec36da1) Importer(815301076,1909f56bfc062723c751e8b465ee728b)  -> (artifact id: 'e365f6b106e16a2320d871edf3f8de02') in 0.073993 seconds
Number of updated asset objects reloaded before import = 0
Number of asset objects unloaded after import = 3
========================================================================
Received Import Request.
  Time since last request: 0.000100 seconds.
  path: Assets/DownloadedContent/Characters/Metal_bladekeeper_FREE_v1.1/PNG animations/01_idle/01_idle_5.png
  artifactKey: Guid(dc51790c0e935a241b6ae789c2da51d3) Importer(815301076,1909f56bfc062723c751e8b465ee728b)
Start importing Assets/DownloadedContent/Characters/Metal_bladekeeper_FREE_v1.1/PNG animations/01_idle/01_idle_5.png using Guid(dc51790c0e935a241b6ae789c2da51d3) Importer(815301076,1909f56bfc062723c751e8b465ee728b)  -> (artifact id: '6b63d9155b822898921d5547298dcff8') in 0.059037 seconds
Number of updated asset objects reloaded before import = 0
Number of asset objects unloaded after import = 3
========================================================================
Received Import Request.
  Time since last request: 0.000046 seconds.
  path: Assets/DownloadedContent/Characters/Metal_bladekeeper_FREE_v1.1/PNG animations/01_idle/01_idle_7.png
  artifactKey: Guid(56d663702d966db4ba700c5cb3b8a9da) Importer(815301076,1909f56bfc062723c751e8b465ee728b)
Start importing Assets/DownloadedContent/Characters/Metal_bladekeeper_FREE_v1.1/PNG animations/01_idle/01_idle_7.png using Guid(56d663702d966db4ba700c5cb3b8a9da) Importer(815301076,1909f56bfc062723c751e8b465ee728b)  -> (artifact id: '6ffc9463b8f917c061596e37b57771b2') in 0.045050 seconds
Number of updated asset objects reloaded before import = 0
Number of asset objects unloaded after import = 3
========================================================================
Received Import Request.
  Time since last request: 8.536388 seconds.
  path: Assets/DownloadedContent/Characters/Metal_bladekeeper_FREE_v1.1/PNG animations/01_idle/01_idle_1.png
  artifactKey: Guid(5971e28e45041ad4b820d66caa85b3cf) Importer(815301076,1909f56bfc062723c751e8b465ee728b)
Start importing Assets/DownloadedContent/Characters/Metal_bladekeeper_FREE_v1.1/PNG animations/01_idle/01_idle_1.png using Guid(5971e28e45041ad4b820d66caa85b3cf) Importer(815301076,1909f56bfc062723c751e8b465ee728b)  -> (artifact id: 'd9725f82923bc12af41542bcb4fdceef') in 0.033119 seconds
Number of updated asset objects reloaded before import = 0
Number of asset objects unloaded after import = 3
========================================================================
Received Import Request.
  Time since last request: 0.000273 seconds.
  path: Assets/DownloadedContent/Characters/Metal_bladekeeper_FREE_v1.1/PNG animations/01_idle/01_idle_4.png
  artifactKey: Guid(e158f75366c27cf4e9fd36453b9f7a75) Importer(815301076,1909f56bfc062723c751e8b465ee728b)
Start importing Assets/DownloadedContent/Characters/Metal_bladekeeper_FREE_v1.1/PNG animations/01_idle/01_idle_4.png using Guid(e158f75366c27cf4e9fd36453b9f7a75) Importer(815301076,1909f56bfc062723c751e8b465ee728b)  -> (artifact id: '125098e308ed0d71402a6c484cdaa0a2') in 0.037052 seconds
Number of updated asset objects reloaded before import = 0
Number of asset objects unloaded after import = 3
========================================================================
Received Import Request.
  Time since last request: 0.000030 seconds.
  path: Assets/DownloadedContent/Characters/Metal_bladekeeper_FREE_v1.1/PNG animations/01_idle/01_idle_6.png
  artifactKey: Guid(c72d6b8e6b51ab843b6b72046eae429e) Importer(815301076,1909f56bfc062723c751e8b465ee728b)
Start importing Assets/DownloadedContent/Characters/Metal_bladekeeper_FREE_v1.1/PNG animations/01_idle/01_idle_6.png using Guid(c72d6b8e6b51ab843b6b72046eae429e) Importer(815301076,1909f56bfc062723c751e8b465ee728b)  -> (artifact id: 'ee23ab0238da668dcd07e83a32ae35ad') in 0.047646 seconds
Number of updated asset objects reloaded before import = 0
Number of asset objects unloaded after import = 3
Editor requested this worker to shutdown with reason: Scaling down because of idle timeout
TcpMessagingSession - receive error: operation aborted. errorcode: 995, details: La operación de E/S se anuló por una salida de subproceso o por una solicitud de aplicación.
AssetImportWorker is now disconnected from the server
Process exiting
Exiting without the bug reporter. Application will terminate with return code 0