Using pre-set license
Built from '2022.3/staging' branch; Version is '2022.3.17f1 (4fc78088f837) revision 5228416'; Using compiler version '192829333'; Build Type 'Release'
OS: 'Windows 10  (10.0.19045) 64bit ProfessionalWorkstation' Language: 'es' Physical Memory: 16087 MB
BatchMode: 1, IsHumanControllingUs: 0, StartBugReporterOnCrash: 0, Is64bit: 1, IsPro: 1

COMMAND LINE ARGUMENTS:
C:\Program Files\Unity\Hub\Editor\2022.3.17f1\Editor\Unity.exe
-adb2
-batchMode
-noUpm
-name
AssetImportWorker9
-projectPath
C:/Users/Usuario/Documents/GitHub/DAM_UF2_Proyecto/UF2_Proyecto
-logFile
Logs/AssetImportWorker9.log
-srvPort
51342
Successfully changed project path to: C:/Users/Usuario/Documents/GitHub/DAM_UF2_Proyecto/UF2_Proyecto
C:/Users/Usuario/Documents/GitHub/DAM_UF2_Proyecto/UF2_Proyecto
[UnityMemory] Configuration Parameters - Can be set up in boot.config
    "memorysetup-bucket-allocator-granularity=16"
    "memorysetup-bucket-allocator-bucket-count=8"
    "memorysetup-bucket-allocator-block-size=33554432"
    "memorysetup-bucket-allocator-block-count=8"
    "memorysetup-main-allocator-block-size=16777216"
    "memorysetup-thread-allocator-block-size=16777216"
    "memorysetup-gfx-main-allocator-block-size=16777216"
    "memorysetup-gfx-thread-allocator-block-size=16777216"
    "memorysetup-cache-allocator-block-size=4194304"
    "memorysetup-typetree-allocator-block-size=2097152"
    "memorysetup-profiler-bucket-allocator-granularity=16"
    "memorysetup-profiler-bucket-allocator-bucket-count=8"
    "memorysetup-profiler-bucket-allocator-block-size=33554432"
    "memorysetup-profiler-bucket-allocator-block-count=8"
    "memorysetup-profiler-allocator-block-size=16777216"
    "memorysetup-profiler-editor-allocator-block-size=1048576"
    "memorysetup-temp-allocator-size-main=16777216"
    "memorysetup-job-temp-allocator-block-size=2097152"
    "memorysetup-job-temp-allocator-block-size-background=1048576"
    "memorysetup-job-temp-allocator-reduction-small-platforms=262144"
    "memorysetup-allocator-temp-initial-block-size-main=262144"
    "memorysetup-allocator-temp-initial-block-size-worker=262144"
    "memorysetup-temp-allocator-size-background-worker=32768"
    "memorysetup-temp-allocator-size-job-worker=262144"
    "memorysetup-temp-allocator-size-preload-manager=33554432"
    "memorysetup-temp-allocator-size-nav-mesh-worker=65536"
    "memorysetup-temp-allocator-size-audio-worker=65536"
    "memorysetup-temp-allocator-size-cloud-worker=32768"
    "memorysetup-temp-allocator-size-gi-baking-worker=262144"
    "memorysetup-temp-allocator-size-gfx=262144"
Player connection [60428] Host "[IP] 192.168.1.131 [Port] 0 [Flags] 2 [Guid] 3536948565 [EditorId] 3536948565 [Version] 1048832 [Id] WindowsEditor(7,DESKTOP-3P4O3T5) [Debug] 1 [PackageName] WindowsEditor [ProjectName] Editor" joined multi-casting on [225.0.0.222:54997]...

Player connection [60428] Host "[IP] 192.168.1.131 [Port] 0 [Flags] 2 [Guid] 3536948565 [EditorId] 3536948565 [Version] 1048832 [Id] WindowsEditor(7,DESKTOP-3P4O3T5) [Debug] 1 [PackageName] WindowsEditor [ProjectName] Editor" joined alternative multi-casting on [225.0.0.222:34997]...

[Physics::Module] Initialized MultithreadedJobDispatcher with 11 workers.
Refreshing native plugins compatible for Editor in 15.85 ms, found 4 plugins.
Preloading 0 native plugins for Editor in 0.00 ms.
Initialize engine version: 2022.3.17f1 (4fc78088f837)
[Subsystems] Discovering subsystems at path C:/Program Files/Unity/Hub/Editor/2022.3.17f1/Editor/Data/Resources/UnitySubsystems
[Subsystems] Discovering subsystems at path C:/Users/Usuario/Documents/GitHub/DAM_UF2_Proyecto/UF2_Proyecto/Assets
GfxDevice: creating device client; threaded=0; jobified=0
Direct3D:
    Version:  Direct3D 11.0 [level 11.1]
    Renderer: Intel(R) Iris(R) Xe Graphics (ID=0xa7a1)
    Vendor:   Intel
    VRAM:     8043 MB
    Driver:   31.0.101.4314
Initialize mono
Mono path[0] = 'C:/Program Files/Unity/Hub/Editor/2022.3.17f1/Editor/Data/Managed'
Mono path[1] = 'C:/Program Files/Unity/Hub/Editor/2022.3.17f1/Editor/Data/MonoBleedingEdge/lib/mono/unityjit-win32'
Mono config path = 'C:/Program Files/Unity/Hub/Editor/2022.3.17f1/Editor/Data/MonoBleedingEdge/etc'
Using monoOptions --debugger-agent=transport=dt_socket,embedding=1,server=y,suspend=n,address=127.0.0.1:56364
Begin MonoManager ReloadAssembly
Registering precompiled unity dll's ...
Register platform support module: C:/Program Files/Unity/Hub/Editor/2022.3.17f1/Editor/Data/PlaybackEngines/WindowsStandaloneSupport/UnityEditor.WindowsStandalone.Extensions.dll
Registered in 0.013540 seconds.
- Loaded All Assemblies, in  0.671 seconds
Native extension for WindowsStandalone target not found
Mono: successfully reloaded assembly
- Finished resetting the current domain, in  0.514 seconds
Domain Reload Profiling: 1183ms
	BeginReloadAssembly (190ms)
		ExecutionOrderSort (0ms)
		DisableScriptedObjects (0ms)
		BackupInstance (0ms)
		ReleaseScriptingObjects (0ms)
		CreateAndSetChildDomain (1ms)
	RebuildCommonClasses (82ms)
	RebuildNativeTypeToScriptingClass (15ms)
	initialDomainReloadingComplete (99ms)
	LoadAllAssembliesAndSetupDomain (282ms)
		LoadAssemblies (187ms)
		RebuildTransferFunctionScriptingTraits (0ms)
		AnalyzeDomain (279ms)
			TypeCache.Refresh (277ms)
				TypeCache.ScanAssembly (255ms)
			ScanForSourceGeneratedMonoScriptInfo (0ms)
			ResolveRequiredComponents (1ms)
	FinalizeReload (515ms)
		ReleaseScriptCaches (0ms)
		RebuildScriptCaches (0ms)
		SetupLoadedEditorAssemblies (422ms)
			LogAssemblyErrors (0ms)
			InitializePlatformSupportModulesInManaged (14ms)
			SetLoadedEditorAssemblies (13ms)
			RefreshPlugins (0ms)
			BeforeProcessingInitializeOnLoad (3ms)
			ProcessInitializeOnLoadAttributes (292ms)
			ProcessInitializeOnLoadMethodAttributes (99ms)
			AfterProcessingInitializeOnLoad (0ms)
			EditorAssembliesLoaded (0ms)
		ExecutionOrderSort2 (0ms)
		AwakeInstancesAfterBackupRestoration (0ms)
========================================================================
Worker process is ready to serve import requests
Begin MonoManager ReloadAssembly
- Loaded All Assemblies, in  1.228 seconds
Refreshing native plugins compatible for Editor in 8.66 ms, found 4 plugins.
Native extension for WindowsStandalone target not found
Package Manager log level set to [2]
[Package Manager] Server::EnsureServerProcessIsRunning -- launch failed, reason: Unity was launched with the -noUpm command-line argument
[Package Manager] UpmClient::Send -- Unable to send message (not connected to UPM process).
[Package Manager] Cannot connect to Unity Package Manager local server
Mono: successfully reloaded assembly
- Finished resetting the current domain, in  1.121 seconds
Domain Reload Profiling: 2346ms
	BeginReloadAssembly (285ms)
		ExecutionOrderSort (0ms)
		DisableScriptedObjects (9ms)
		BackupInstance (0ms)
		ReleaseScriptingObjects (0ms)
		CreateAndSetChildDomain (43ms)
	RebuildCommonClasses (73ms)
	RebuildNativeTypeToScriptingClass (16ms)
	initialDomainReloadingComplete (69ms)
	LoadAllAssembliesAndSetupDomain (781ms)
		LoadAssemblies (650ms)
		RebuildTransferFunctionScriptingTraits (0ms)
		AnalyzeDomain (311ms)
			TypeCache.Refresh (243ms)
				TypeCache.ScanAssembly (218ms)
			ScanForSourceGeneratedMonoScriptInfo (58ms)
			ResolveRequiredComponents (9ms)
	FinalizeReload (1123ms)
		ReleaseScriptCaches (0ms)
		RebuildScriptCaches (0ms)
		SetupLoadedEditorAssemblies (846ms)
			LogAssemblyErrors (0ms)
			InitializePlatformSupportModulesInManaged (10ms)
			SetLoadedEditorAssemblies (5ms)
			RefreshPlugins (0ms)
			BeforeProcessingInitializeOnLoad (134ms)
			ProcessInitializeOnLoadAttributes (627ms)
			ProcessInitializeOnLoadMethodAttributes (59ms)
			AfterProcessingInitializeOnLoad (11ms)
			EditorAssembliesLoaded (0ms)
		ExecutionOrderSort2 (0ms)
		AwakeInstancesAfterBackupRestoration (11ms)
Failed to load shader (instanceID 416, GUID bedd19944f451ba4d83e7ed69be98d5c)
Failed to load shader (instanceID 418, GUID 9c442dc870b456e48b615cd8add0e9ef)
Failed to load shader (instanceID 412, GUID 603d454d711fe784cba9ce08dd22b881)
Failed to load shader (instanceID 408, GUID 0a8f4dcd626bcd14bbbfa5a5e116b16e)
Launched and connected shader compiler UnityShaderCompiler.exe after 0.06 seconds
Refreshing native plugins compatible for Editor in 7.31 ms, found 4 plugins.
Preloading 0 native plugins for Editor in 0.00 ms.
Unloading 1019 Unused Serialized files (Serialized files now loaded: 0)
Unloading 31 unused Assets / (109.6 KB). Loaded Objects now: 1486.
Memory consumption went from 91.4 MB to 91.3 MB.
Total: 3.133900 ms (FindLiveObjects: 0.232200 ms CreateObjectMapping: 0.055800 ms MarkObjects: 2.704000 ms  DeleteObjects: 0.139800 ms)

AssetImportParameters requested are different than current active one (requested -> active):
  custom:container-demuxer-ogg: 62fdf1f143b41e24485cea50d1cbac27 -> 
  custom:video-decoder-ogg-theora: a1e56fd34408186e4bbccfd4996cb3dc -> 
  custom:framework-win-MediaFoundation: 216162199b28c13a410421893ffa2e32 -> 
  custom:CustomObjectIndexerAttribute: 6d391050e5a25f67b0a2c618074f2cd9 -> 
  custom:container-demuxer-webm: 4f35f7cbe854078d1ac9338744f61a02 -> 
  custom:container-muxer-webm: aa71ff27fc2769a1b78a27578f13a17b -> 
  custom:video-decoder-webm-vp8: 9c59270c3fd7afecdb556c50c9e8de78 -> 
  custom:SearchIndexIgnoredProperties: e643bd26f0fe6173181afceb89e7c659 -> 
  custom:AudioImporter_EditorPlatform: d09bf68614088b80899f8185d706f6e7 -> 
  custom:video-encoder-webm-vp8: eb34c28f22e8b96e1ab97ce403110664 -> 
  custom:audio-decoder-ogg-vorbis: bf7c407c2cedff20999df2af8eb42d56 -> 
  custom:audio-encoder-webm-vorbis: bf7c407c2cedff20999df2af8eb42d56 -> 
========================================================================
Received Prepare
Begin MonoManager ReloadAssembly
- Loaded All Assemblies, in  1.319 seconds
Refreshing native plugins compatible for Editor in 23.30 ms, found 4 plugins.
Native extension for WindowsStandalone target not found
[Package Manager] Server::EnsureServerProcessIsRunning -- launch failed, reason: Unity was launched with the -noUpm command-line argument
[Package Manager] UpmClient::Send -- Unable to send message (not connected to UPM process).
[Package Manager] Cannot connect to Unity Package Manager local server
Mono: successfully reloaded assembly
- Finished resetting the current domain, in  4.311 seconds
Domain Reload Profiling: 5626ms
	BeginReloadAssembly (325ms)
		ExecutionOrderSort (0ms)
		DisableScriptedObjects (23ms)
		BackupInstance (0ms)
		ReleaseScriptingObjects (0ms)
		CreateAndSetChildDomain (62ms)
	RebuildCommonClasses (58ms)
	RebuildNativeTypeToScriptingClass (18ms)
	initialDomainReloadingComplete (98ms)
	LoadAllAssembliesAndSetupDomain (816ms)
		LoadAssemblies (915ms)
		RebuildTransferFunctionScriptingTraits (0ms)
		AnalyzeDomain (70ms)
			TypeCache.Refresh (46ms)
				TypeCache.ScanAssembly (0ms)
			ScanForSourceGeneratedMonoScriptInfo (1ms)
			ResolveRequiredComponents (20ms)
	FinalizeReload (4312ms)
		ReleaseScriptCaches (0ms)
		RebuildScriptCaches (0ms)
		SetupLoadedEditorAssemblies (2518ms)
			LogAssemblyErrors (0ms)
			InitializePlatformSupportModulesInManaged (36ms)
			SetLoadedEditorAssemblies (18ms)
			RefreshPlugins (0ms)
			BeforeProcessingInitializeOnLoad (386ms)
			ProcessInitializeOnLoadAttributes (1817ms)
			ProcessInitializeOnLoadMethodAttributes (168ms)
			AfterProcessingInitializeOnLoad (92ms)
			EditorAssembliesLoaded (1ms)
		ExecutionOrderSort2 (0ms)
		AwakeInstancesAfterBackupRestoration (72ms)
Failed to load shader (instanceID 416, GUID bedd19944f451ba4d83e7ed69be98d5c)
Failed to load shader (instanceID 418, GUID 9c442dc870b456e48b615cd8add0e9ef)
Failed to load shader (instanceID 412, GUID 603d454d711fe784cba9ce08dd22b881)
Failed to load shader (instanceID 408, GUID 0a8f4dcd626bcd14bbbfa5a5e116b16e)
Refreshing native plugins compatible for Editor in 25.10 ms, found 4 plugins.
Preloading 0 native plugins for Editor in 0.00 ms.
Unloading 1013 Unused Serialized files (Serialized files now loaded: 0)
Unloading 22 unused Assets / (81.6 KB). Loaded Objects now: 1491.
Memory consumption went from 91.9 MB to 91.8 MB.
Total: 14.268800 ms (FindLiveObjects: 1.277700 ms CreateObjectMapping: 0.637400 ms MarkObjects: 11.520900 ms  DeleteObjects: 0.826400 ms)

Prepare: number of updated asset objects reloaded= 0
AssetImportParameters requested are different than current active one (requested -> active):
  custom:container-demuxer-ogg: 62fdf1f143b41e24485cea50d1cbac27 -> 
  custom:video-decoder-ogg-theora: a1e56fd34408186e4bbccfd4996cb3dc -> 
  custom:framework-win-MediaFoundation: 216162199b28c13a410421893ffa2e32 -> 
  custom:CustomObjectIndexerAttribute: 6d391050e5a25f67b0a2c618074f2cd9 -> 
  custom:container-demuxer-webm: 4f35f7cbe854078d1ac9338744f61a02 -> 
  custom:container-muxer-webm: aa71ff27fc2769a1b78a27578f13a17b -> 
  custom:video-decoder-webm-vp8: 9c59270c3fd7afecdb556c50c9e8de78 -> 
  custom:SearchIndexIgnoredProperties: e643bd26f0fe6173181afceb89e7c659 -> 
  custom:AudioImporter_EditorPlatform: d09bf68614088b80899f8185d706f6e7 -> 
  custom:video-encoder-webm-vp8: eb34c28f22e8b96e1ab97ce403110664 -> 
  custom:audio-decoder-ogg-vorbis: bf7c407c2cedff20999df2af8eb42d56 -> 
  custom:audio-encoder-webm-vorbis: bf7c407c2cedff20999df2af8eb42d56 -> 
========================================================================
Received Prepare
Begin MonoManager ReloadAssembly
- Loaded All Assemblies, in  1.135 seconds
Refreshing native plugins compatible for Editor in 7.06 ms, found 4 plugins.
Native extension for WindowsStandalone target not found
[Package Manager] Server::EnsureServerProcessIsRunning -- launch failed, reason: Unity was launched with the -noUpm command-line argument
[Package Manager] UpmClient::Send -- Unable to send message (not connected to UPM process).
[Package Manager] Cannot connect to Unity Package Manager local server
Mono: successfully reloaded assembly
- Finished resetting the current domain, in  1.471 seconds
Domain Reload Profiling: 2598ms
	BeginReloadAssembly (365ms)
		ExecutionOrderSort (0ms)
		DisableScriptedObjects (20ms)
		BackupInstance (0ms)
		ReleaseScriptingObjects (0ms)
		CreateAndSetChildDomain (74ms)
	RebuildCommonClasses (52ms)
	RebuildNativeTypeToScriptingClass (48ms)
	initialDomainReloadingComplete (72ms)
	LoadAllAssembliesAndSetupDomain (589ms)
		LoadAssemblies (734ms)
		RebuildTransferFunctionScriptingTraits (0ms)
		AnalyzeDomain (43ms)
			TypeCache.Refresh (18ms)
				TypeCache.ScanAssembly (0ms)
			ScanForSourceGeneratedMonoScriptInfo (16ms)
			ResolveRequiredComponents (8ms)
	FinalizeReload (1472ms)
		ReleaseScriptCaches (0ms)
		RebuildScriptCaches (0ms)
		SetupLoadedEditorAssemblies (986ms)
			LogAssemblyErrors (0ms)
			InitializePlatformSupportModulesInManaged (19ms)
			SetLoadedEditorAssemblies (5ms)
			RefreshPlugins (0ms)
			BeforeProcessingInitializeOnLoad (116ms)
			ProcessInitializeOnLoadAttributes (755ms)
			ProcessInitializeOnLoadMethodAttributes (79ms)
			AfterProcessingInitializeOnLoad (12ms)
			EditorAssembliesLoaded (0ms)
		ExecutionOrderSort2 (0ms)
		AwakeInstancesAfterBackupRestoration (21ms)
Failed to load shader (instanceID 416, GUID bedd19944f451ba4d83e7ed69be98d5c)
Failed to load shader (instanceID 418, GUID 9c442dc870b456e48b615cd8add0e9ef)
Failed to load shader (instanceID 412, GUID 603d454d711fe784cba9ce08dd22b881)
Failed to load shader (instanceID 408, GUID 0a8f4dcd626bcd14bbbfa5a5e116b16e)
Refreshing native plugins compatible for Editor in 7.74 ms, found 4 plugins.
Preloading 0 native plugins for Editor in 0.00 ms.
Unloading 1013 Unused Serialized files (Serialized files now loaded: 0)
Unloading 22 unused Assets / (81.6 KB). Loaded Objects now: 1495.
Memory consumption went from 93.8 MB to 93.7 MB.
Total: 4.649500 ms (FindLiveObjects: 0.221200 ms CreateObjectMapping: 0.051000 ms MarkObjects: 4.207800 ms  DeleteObjects: 0.167500 ms)

Prepare: number of updated asset objects reloaded= 0
AssetImportParameters requested are different than current active one (requested -> active):
  custom:container-demuxer-ogg: 62fdf1f143b41e24485cea50d1cbac27 -> 
  custom:video-decoder-ogg-theora: a1e56fd34408186e4bbccfd4996cb3dc -> 
  custom:framework-win-MediaFoundation: 216162199b28c13a410421893ffa2e32 -> 
  custom:CustomObjectIndexerAttribute: 6d391050e5a25f67b0a2c618074f2cd9 -> 
  custom:container-demuxer-webm: 4f35f7cbe854078d1ac9338744f61a02 -> 
  custom:container-muxer-webm: aa71ff27fc2769a1b78a27578f13a17b -> 
  custom:video-decoder-webm-vp8: 9c59270c3fd7afecdb556c50c9e8de78 -> 
  custom:SearchIndexIgnoredProperties: e643bd26f0fe6173181afceb89e7c659 -> 
  custom:AudioImporter_EditorPlatform: d09bf68614088b80899f8185d706f6e7 -> 
  custom:video-encoder-webm-vp8: eb34c28f22e8b96e1ab97ce403110664 -> 
  custom:audio-decoder-ogg-vorbis: bf7c407c2cedff20999df2af8eb42d56 -> 
  custom:audio-encoder-webm-vorbis: bf7c407c2cedff20999df2af8eb42d56 -> 
========================================================================
Received Prepare
Begin MonoManager ReloadAssembly
- Loaded All Assemblies, in  1.172 seconds
Refreshing native plugins compatible for Editor in 10.47 ms, found 4 plugins.
Native extension for WindowsStandalone target not found
[Package Manager] Server::EnsureServerProcessIsRunning -- launch failed, reason: Unity was launched with the -noUpm command-line argument
[Package Manager] UpmClient::Send -- Unable to send message (not connected to UPM process).
[Package Manager] Cannot connect to Unity Package Manager local server
Mono: successfully reloaded assembly
- Finished resetting the current domain, in  1.322 seconds
Domain Reload Profiling: 2487ms
	BeginReloadAssembly (294ms)
		ExecutionOrderSort (0ms)
		DisableScriptedObjects (19ms)
		BackupInstance (0ms)
		ReleaseScriptingObjects (0ms)
		CreateAndSetChildDomain (56ms)
	RebuildCommonClasses (76ms)
	RebuildNativeTypeToScriptingClass (20ms)
	initialDomainReloadingComplete (58ms)
	LoadAllAssembliesAndSetupDomain (717ms)
		LoadAssemblies (811ms)
		RebuildTransferFunctionScriptingTraits (0ms)
		AnalyzeDomain (83ms)
			TypeCache.Refresh (37ms)
				TypeCache.ScanAssembly (2ms)
			ScanForSourceGeneratedMonoScriptInfo (34ms)
			ResolveRequiredComponents (10ms)
	FinalizeReload (1323ms)
		ReleaseScriptCaches (0ms)
		RebuildScriptCaches (0ms)
		SetupLoadedEditorAssemblies (691ms)
			LogAssemblyErrors (0ms)
			InitializePlatformSupportModulesInManaged (16ms)
			SetLoadedEditorAssemblies (9ms)
			RefreshPlugins (0ms)
			BeforeProcessingInitializeOnLoad (131ms)
			ProcessInitializeOnLoadAttributes (465ms)
			ProcessInitializeOnLoadMethodAttributes (60ms)
			AfterProcessingInitializeOnLoad (10ms)
			EditorAssembliesLoaded (0ms)
		ExecutionOrderSort2 (0ms)
		AwakeInstancesAfterBackupRestoration (17ms)
Script is not up to date after domain reload: guid(55c0510154457b249a2b6a692c1a8425) path("Assets/Scripts/SongController.cs") state(2)
Failed to load shader (instanceID 416, GUID bedd19944f451ba4d83e7ed69be98d5c)
Failed to load shader (instanceID 418, GUID 9c442dc870b456e48b615cd8add0e9ef)
Failed to load shader (instanceID 412, GUID 603d454d711fe784cba9ce08dd22b881)
Failed to load shader (instanceID 408, GUID 0a8f4dcd626bcd14bbbfa5a5e116b16e)
Refreshing native plugins compatible for Editor in 7.24 ms, found 4 plugins.
Preloading 0 native plugins for Editor in 0.00 ms.
Unloading 1013 Unused Serialized files (Serialized files now loaded: 0)
Unloading 22 unused Assets / (81.8 KB). Loaded Objects now: 1499.
Memory consumption went from 95.7 MB to 95.7 MB.
Total: 4.630400 ms (FindLiveObjects: 0.144800 ms CreateObjectMapping: 0.037000 ms MarkObjects: 4.298400 ms  DeleteObjects: 0.148600 ms)

Prepare: number of updated asset objects reloaded= 0
AssetImportParameters requested are different than current active one (requested -> active):
  custom:container-demuxer-ogg: 62fdf1f143b41e24485cea50d1cbac27 -> 
  custom:video-decoder-ogg-theora: a1e56fd34408186e4bbccfd4996cb3dc -> 
  custom:framework-win-MediaFoundation: 216162199b28c13a410421893ffa2e32 -> 
  custom:CustomObjectIndexerAttribute: 6d391050e5a25f67b0a2c618074f2cd9 -> 
  custom:container-demuxer-webm: 4f35f7cbe854078d1ac9338744f61a02 -> 
  custom:container-muxer-webm: aa71ff27fc2769a1b78a27578f13a17b -> 
  custom:video-decoder-webm-vp8: 9c59270c3fd7afecdb556c50c9e8de78 -> 
  custom:SearchIndexIgnoredProperties: e643bd26f0fe6173181afceb89e7c659 -> 
  custom:AudioImporter_EditorPlatform: d09bf68614088b80899f8185d706f6e7 -> 
  custom:video-encoder-webm-vp8: eb34c28f22e8b96e1ab97ce403110664 -> 
  custom:audio-decoder-ogg-vorbis: bf7c407c2cedff20999df2af8eb42d56 -> 
  custom:audio-encoder-webm-vorbis: bf7c407c2cedff20999df2af8eb42d56 -> 
========================================================================
Received Prepare
Begin MonoManager ReloadAssembly
- Loaded All Assemblies, in  1.090 seconds
Refreshing native plugins compatible for Editor in 7.24 ms, found 4 plugins.
Native extension for WindowsStandalone target not found
[Package Manager] Server::EnsureServerProcessIsRunning -- launch failed, reason: Unity was launched with the -noUpm command-line argument
[Package Manager] UpmClient::Send -- Unable to send message (not connected to UPM process).
[Package Manager] Cannot connect to Unity Package Manager local server
Mono: successfully reloaded assembly
- Finished resetting the current domain, in  1.297 seconds
Domain Reload Profiling: 2378ms
	BeginReloadAssembly (347ms)
		ExecutionOrderSort (0ms)
		DisableScriptedObjects (19ms)
		BackupInstance (0ms)
		ReleaseScriptingObjects (0ms)
		CreateAndSetChildDomain (64ms)
	RebuildCommonClasses (64ms)
	RebuildNativeTypeToScriptingClass (22ms)
	initialDomainReloadingComplete (127ms)
	LoadAllAssembliesAndSetupDomain (520ms)
		LoadAssemblies (666ms)
		RebuildTransferFunctionScriptingTraits (0ms)
		AnalyzeDomain (41ms)
			TypeCache.Refresh (15ms)
				TypeCache.ScanAssembly (0ms)
			ScanForSourceGeneratedMonoScriptInfo (16ms)
			ResolveRequiredComponents (9ms)
	FinalizeReload (1298ms)
		ReleaseScriptCaches (0ms)
		RebuildScriptCaches (0ms)
		SetupLoadedEditorAssemblies (794ms)
			LogAssemblyErrors (0ms)
			InitializePlatformSupportModulesInManaged (11ms)
			SetLoadedEditorAssemblies (5ms)
			RefreshPlugins (0ms)
			BeforeProcessingInitializeOnLoad (131ms)
			ProcessInitializeOnLoadAttributes (578ms)
			ProcessInitializeOnLoadMethodAttributes (57ms)
			AfterProcessingInitializeOnLoad (12ms)
			EditorAssembliesLoaded (1ms)
		ExecutionOrderSort2 (0ms)
		AwakeInstancesAfterBackupRestoration (20ms)
Failed to load shader (instanceID 416, GUID bedd19944f451ba4d83e7ed69be98d5c)
Failed to load shader (instanceID 418, GUID 9c442dc870b456e48b615cd8add0e9ef)
Failed to load shader (instanceID 412, GUID 603d454d711fe784cba9ce08dd22b881)
Failed to load shader (instanceID 408, GUID 0a8f4dcd626bcd14bbbfa5a5e116b16e)
Refreshing native plugins compatible for Editor in 8.31 ms, found 4 plugins.
Preloading 0 native plugins for Editor in 0.00 ms.
Unloading 1014 Unused Serialized files (Serialized files now loaded: 0)
Unloading 22 unused Assets / (81.7 KB). Loaded Objects now: 1504.
Memory consumption went from 97.7 MB to 97.6 MB.
Total: 5.822100 ms (FindLiveObjects: 0.148000 ms CreateObjectMapping: 0.034700 ms MarkObjects: 5.377700 ms  DeleteObjects: 0.260200 ms)

Prepare: number of updated asset objects reloaded= 0
AssetImportParameters requested are different than current active one (requested -> active):
  custom:container-demuxer-ogg: 62fdf1f143b41e24485cea50d1cbac27 -> 
  custom:video-decoder-ogg-theora: a1e56fd34408186e4bbccfd4996cb3dc -> 
  custom:framework-win-MediaFoundation: 216162199b28c13a410421893ffa2e32 -> 
  custom:CustomObjectIndexerAttribute: 6d391050e5a25f67b0a2c618074f2cd9 -> 
  custom:container-demuxer-webm: 4f35f7cbe854078d1ac9338744f61a02 -> 
  custom:container-muxer-webm: aa71ff27fc2769a1b78a27578f13a17b -> 
  custom:video-decoder-webm-vp8: 9c59270c3fd7afecdb556c50c9e8de78 -> 
  custom:SearchIndexIgnoredProperties: e643bd26f0fe6173181afceb89e7c659 -> 
  custom:AudioImporter_EditorPlatform: d09bf68614088b80899f8185d706f6e7 -> 
  custom:video-encoder-webm-vp8: eb34c28f22e8b96e1ab97ce403110664 -> 
  custom:audio-decoder-ogg-vorbis: bf7c407c2cedff20999df2af8eb42d56 -> 
  custom:audio-encoder-webm-vorbis: bf7c407c2cedff20999df2af8eb42d56 -> 
========================================================================
Received Prepare
Begin MonoManager ReloadAssembly
- Loaded All Assemblies, in  0.786 seconds
Refreshing native plugins compatible for Editor in 7.75 ms, found 4 plugins.
Native extension for WindowsStandalone target not found
[Package Manager] Server::EnsureServerProcessIsRunning -- launch failed, reason: Unity was launched with the -noUpm command-line argument
[Package Manager] UpmClient::Send -- Unable to send message (not connected to UPM process).
[Package Manager] Cannot connect to Unity Package Manager local server
Mono: successfully reloaded assembly
- Finished resetting the current domain, in  1.557 seconds
Domain Reload Profiling: 2338ms
	BeginReloadAssembly (254ms)
		ExecutionOrderSort (0ms)
		DisableScriptedObjects (17ms)
		BackupInstance (0ms)
		ReleaseScriptingObjects (0ms)
		CreateAndSetChildDomain (61ms)
	RebuildCommonClasses (52ms)
	RebuildNativeTypeToScriptingClass (16ms)
	initialDomainReloadingComplete (53ms)
	LoadAllAssembliesAndSetupDomain (405ms)
		LoadAssemblies (516ms)
		RebuildTransferFunctionScriptingTraits (0ms)
		AnalyzeDomain (23ms)
			TypeCache.Refresh (13ms)
				TypeCache.ScanAssembly (0ms)
			ScanForSourceGeneratedMonoScriptInfo (0ms)
			ResolveRequiredComponents (8ms)
	FinalizeReload (1558ms)
		ReleaseScriptCaches (0ms)
		RebuildScriptCaches (0ms)
		SetupLoadedEditorAssemblies (1048ms)
			LogAssemblyErrors (0ms)
			InitializePlatformSupportModulesInManaged (19ms)
			SetLoadedEditorAssemblies (11ms)
			RefreshPlugins (0ms)
			BeforeProcessingInitializeOnLoad (174ms)
			ProcessInitializeOnLoadAttributes (757ms)
			ProcessInitializeOnLoadMethodAttributes (73ms)
			AfterProcessingInitializeOnLoad (14ms)
			EditorAssembliesLoaded (1ms)
		ExecutionOrderSort2 (0ms)
		AwakeInstancesAfterBackupRestoration (29ms)
Failed to load shader (instanceID 416, GUID bedd19944f451ba4d83e7ed69be98d5c)
Failed to load shader (instanceID 418, GUID 9c442dc870b456e48b615cd8add0e9ef)
Failed to load shader (instanceID 412, GUID 603d454d711fe784cba9ce08dd22b881)
Failed to load shader (instanceID 408, GUID 0a8f4dcd626bcd14bbbfa5a5e116b16e)
Refreshing native plugins compatible for Editor in 14.75 ms, found 4 plugins.
Preloading 0 native plugins for Editor in 0.00 ms.
Unloading 1014 Unused Serialized files (Serialized files now loaded: 0)
Unloading 22 unused Assets / (81.8 KB). Loaded Objects now: 1508.
Memory consumption went from 99.6 MB to 99.6 MB.
Total: 8.715200 ms (FindLiveObjects: 0.413600 ms CreateObjectMapping: 0.106600 ms MarkObjects: 7.983900 ms  DeleteObjects: 0.206500 ms)

Prepare: number of updated asset objects reloaded= 0
AssetImportParameters requested are different than current active one (requested -> active):
  custom:container-demuxer-ogg: 62fdf1f143b41e24485cea50d1cbac27 -> 
  custom:video-decoder-ogg-theora: a1e56fd34408186e4bbccfd4996cb3dc -> 
  custom:framework-win-MediaFoundation: 216162199b28c13a410421893ffa2e32 -> 
  custom:CustomObjectIndexerAttribute: 6d391050e5a25f67b0a2c618074f2cd9 -> 
  custom:container-demuxer-webm: 4f35f7cbe854078d1ac9338744f61a02 -> 
  custom:container-muxer-webm: aa71ff27fc2769a1b78a27578f13a17b -> 
  custom:video-decoder-webm-vp8: 9c59270c3fd7afecdb556c50c9e8de78 -> 
  custom:SearchIndexIgnoredProperties: e643bd26f0fe6173181afceb89e7c659 -> 
  custom:AudioImporter_EditorPlatform: d09bf68614088b80899f8185d706f6e7 -> 
  custom:video-encoder-webm-vp8: eb34c28f22e8b96e1ab97ce403110664 -> 
  custom:audio-decoder-ogg-vorbis: bf7c407c2cedff20999df2af8eb42d56 -> 
  custom:audio-encoder-webm-vorbis: bf7c407c2cedff20999df2af8eb42d56 -> 
========================================================================
Received Import Request.
  Time since last request: 26207.790725 seconds.
  path: Assets/DownloadedContent/Characters/Ground_Elementals_ground_monk_FREE_v1.3/gifs/00_all_animations.gif
  artifactKey: Guid(d83e003326f19f04290e1bae333ea4d7) Importer(815301076,1909f56bfc062723c751e8b465ee728b)
Start importing Assets/DownloadedContent/Characters/Ground_Elementals_ground_monk_FREE_v1.3/gifs/00_all_animations.gif using Guid(d83e003326f19f04290e1bae333ea4d7) Importer(815301076,1909f56bfc062723c751e8b465ee728b)  -> (artifact id: 'f7143078d2d6ae8e820002c2b07b5d1e') in 0.019950 seconds
Number of updated asset objects reloaded before import = 0
Number of asset objects unloaded after import = 0
========================================================================
Received Import Request.
  Time since last request: 1.199024 seconds.
  path: Assets/DownloadedContent/Characters/Crystal_Elementals_Crystal_Mauler_Free_v1.0/animations/PNG/1_atk/1_atk_1.png
  artifactKey: Guid(25d48ee1406aa93428fb9fd31d601571) Importer(815301076,1909f56bfc062723c751e8b465ee728b)
Start importing Assets/DownloadedContent/Characters/Crystal_Elementals_Crystal_Mauler_Free_v1.0/animations/PNG/1_atk/1_atk_1.png using Guid(25d48ee1406aa93428fb9fd31d601571) Importer(815301076,1909f56bfc062723c751e8b465ee728b)  -> (artifact id: '114c7e0cd86e87670139e9e7c4a0c3f2') in 0.251557 seconds
Number of updated asset objects reloaded before import = 0
Number of asset objects unloaded after import = 3
========================================================================
Received Import Request.
  Time since last request: 0.223653 seconds.
  path: Assets/DownloadedContent/Characters/Crystal_Elementals_Crystal_Mauler_Free_v1.0/animations/PNG/1_atk/1_atk_2.png
  artifactKey: Guid(1af5f0cdd6f329b4c812f5395d3f5b32) Importer(815301076,1909f56bfc062723c751e8b465ee728b)
Start importing Assets/DownloadedContent/Characters/Crystal_Elementals_Crystal_Mauler_Free_v1.0/animations/PNG/1_atk/1_atk_2.png using Guid(1af5f0cdd6f329b4c812f5395d3f5b32) Importer(815301076,1909f56bfc062723c751e8b465ee728b)  -> (artifact id: '18b89f0839721eb0ffc1cb68bc7b0240') in 0.088502 seconds
Number of updated asset objects reloaded before import = 0
Number of asset objects unloaded after import = 3
========================================================================
Received Import Request.
  Time since last request: 0.797103 seconds.
  path: Assets/DownloadedContent/Characters/Wind_elementals_wind_hashashin_FREE_v1.1/PNG/1_atk/1_atk_3.png
  artifactKey: Guid(a88cdabc69627624e8ccc82822ee2d6f) Importer(815301076,1909f56bfc062723c751e8b465ee728b)
Start importing Assets/DownloadedContent/Characters/Wind_elementals_wind_hashashin_FREE_v1.1/PNG/1_atk/1_atk_3.png using Guid(a88cdabc69627624e8ccc82822ee2d6f) Importer(815301076,1909f56bfc062723c751e8b465ee728b)  -> (artifact id: 'd6dbf12f0fe12210f4f2176d7b540c8c') in 0.062318 seconds
Number of updated asset objects reloaded before import = 0
Number of asset objects unloaded after import = 3
========================================================================
Received Import Request.
  Time since last request: 0.005694 seconds.
  path: Assets/DownloadedContent/Characters/Ground_Elementals_ground_monk_FREE_v1.3/png/1_atk/1_atk_3.png
  artifactKey: Guid(7bfee2a62fc144e4e96137a4d18bf512) Importer(815301076,1909f56bfc062723c751e8b465ee728b)
Start importing Assets/DownloadedContent/Characters/Ground_Elementals_ground_monk_FREE_v1.3/png/1_atk/1_atk_3.png using Guid(7bfee2a62fc144e4e96137a4d18bf512) Importer(815301076,1909f56bfc062723c751e8b465ee728b)  -> (artifact id: '2cce00e7c19ef6151f9281c5ff0eb37b') in 0.047806 seconds
Number of updated asset objects reloaded before import = 0
Number of asset objects unloaded after import = 3
========================================================================
Received Import Request.
  Time since last request: 0.469232 seconds.
  path: Assets/DownloadedContent/Characters/Ground_Elementals_ground_monk_FREE_v1.3/png/1_atk/1_atk_4.png
  artifactKey: Guid(05a67cff5cc0acb4083e42df823959a8) Importer(815301076,1909f56bfc062723c751e8b465ee728b)
Start importing Assets/DownloadedContent/Characters/Ground_Elementals_ground_monk_FREE_v1.3/png/1_atk/1_atk_4.png using Guid(05a67cff5cc0acb4083e42df823959a8) Importer(815301076,1909f56bfc062723c751e8b465ee728b)  -> (artifact id: 'e6659f992b9efd3c6361d7a3f5e494bd') in 0.038210 seconds
Number of updated asset objects reloaded before import = 0
Number of asset objects unloaded after import = 3
========================================================================
Received Import Request.
  Time since last request: 0.035460 seconds.
  path: Assets/DownloadedContent/Characters/Crystal_Elementals_Crystal_Mauler_Free_v1.0/animations/PNG/1_atk/1_atk_5.png
  artifactKey: Guid(74d4d42eadd23c14d875e5c29c2e695a) Importer(815301076,1909f56bfc062723c751e8b465ee728b)
Start importing Assets/DownloadedContent/Characters/Crystal_Elementals_Crystal_Mauler_Free_v1.0/animations/PNG/1_atk/1_atk_5.png using Guid(74d4d42eadd23c14d875e5c29c2e695a) Importer(815301076,1909f56bfc062723c751e8b465ee728b)  -> (artifact id: '82a948e6023580dd2af0067f8de9ca05') in 0.123977 seconds
Number of updated asset objects reloaded before import = 0
Number of asset objects unloaded after import = 3
========================================================================
Received Import Request.
  Time since last request: 3.942200 seconds.
  path: Assets/DownloadedContent/Characters/Wind_elementals_wind_hashashin_FREE_v1.1/PNG/1_atk/1_atk_7.png
  artifactKey: Guid(c68016ba66f5910458dc7986075a38cb) Importer(815301076,1909f56bfc062723c751e8b465ee728b)
Start importing Assets/DownloadedContent/Characters/Wind_elementals_wind_hashashin_FREE_v1.1/PNG/1_atk/1_atk_7.png using Guid(c68016ba66f5910458dc7986075a38cb) Importer(815301076,1909f56bfc062723c751e8b465ee728b)  -> (artifact id: '4be3e8f788ff72306f97be31aefe9d95') in 0.001120 seconds
Number of updated asset objects reloaded before import = 0
Number of asset objects unloaded after import = 0
========================================================================
Received Import Request.
  Time since last request: 0.338678 seconds.
  path: Assets/DownloadedContent/Characters/Fire_Elementals_fire_knight_FREE_v1.1/png/05_1_atk/1_atk_10.png
  artifactKey: Guid(6179d37c646ce51fbba88ffa25729f6b) Importer(815301076,1909f56bfc062723c751e8b465ee728b)
Start importing Assets/DownloadedContent/Characters/Fire_Elementals_fire_knight_FREE_v1.1/png/05_1_atk/1_atk_10.png using Guid(6179d37c646ce51fbba88ffa25729f6b) Importer(815301076,1909f56bfc062723c751e8b465ee728b)  -> (artifact id: '7a68cfee8ff520b8bb42faa6e80c8e12') in 0.139933 seconds
Number of updated asset objects reloaded before import = 0
Number of asset objects unloaded after import = 3
========================================================================
Received Import Request.
  Time since last request: 0.536308 seconds.
  path: Assets/DownloadedContent/Characters/Metal_Elementals_metal_bladekeeper_FREE_v1.1/PNG animations/01_idle/01_idle_8.png
  artifactKey: Guid(8c772229aee4cd34fb7e0b48c2d05e00) Importer(815301076,1909f56bfc062723c751e8b465ee728b)
Start importing Assets/DownloadedContent/Characters/Metal_Elementals_metal_bladekeeper_FREE_v1.1/PNG animations/01_idle/01_idle_8.png using Guid(8c772229aee4cd34fb7e0b48c2d05e00) Importer(815301076,1909f56bfc062723c751e8b465ee728b)  -> (artifact id: 'e2a41737e59d1fa8c068230d86856143') in 0.093196 seconds
Number of updated asset objects reloaded before import = 0
Number of asset objects unloaded after import = 3
========================================================================
Received Import Request.
  Time since last request: 0.803441 seconds.
  path: Assets/DownloadedContent/Characters/Wind_elementals_wind_hashashin_FREE_v1.1/PNG/2_atk/2_atk_1.png
  artifactKey: Guid(d55e89783d51fd6429a62764af42858f) Importer(815301076,1909f56bfc062723c751e8b465ee728b)
Start importing Assets/DownloadedContent/Characters/Wind_elementals_wind_hashashin_FREE_v1.1/PNG/2_atk/2_atk_1.png using Guid(d55e89783d51fd6429a62764af42858f) Importer(815301076,1909f56bfc062723c751e8b465ee728b)  -> (artifact id: 'f3990d624f526a3fe71e4f93d1505de2') in 0.001174 seconds
Number of updated asset objects reloaded before import = 0
Number of asset objects unloaded after import = 0
========================================================================
Received Import Request.
  Time since last request: 0.007102 seconds.
  path: Assets/DownloadedContent/Characters/Leaf_Elementals_Leaf_ranger_Free_v1.0/animations/PNG/2_atk/2_atk_1.png
  artifactKey: Guid(78af86db141ccfc458315c41bbb0a42f) Importer(815301076,1909f56bfc062723c751e8b465ee728b)
Start importing Assets/DownloadedContent/Characters/Leaf_Elementals_Leaf_ranger_Free_v1.0/animations/PNG/2_atk/2_atk_1.png using Guid(78af86db141ccfc458315c41bbb0a42f) Importer(815301076,1909f56bfc062723c751e8b465ee728b)  -> (artifact id: '1c2bb6cd2432789ce50ee712fae9f123') in 0.001621 seconds
Number of updated asset objects reloaded before import = 0
Number of asset objects unloaded after import = 0
========================================================================
Received Import Request.
  Time since last request: 0.512117 seconds.
  path: Assets/DownloadedContent/Characters/Fire_Elementals_fire_knight_FREE_v1.1/png/06_2_atk/2_atk_2.png
  artifactKey: Guid(f9f296559e0feeaf6a2364a83032fd17) Importer(815301076,1909f56bfc062723c751e8b465ee728b)
Start importing Assets/DownloadedContent/Characters/Fire_Elementals_fire_knight_FREE_v1.1/png/06_2_atk/2_atk_2.png using Guid(f9f296559e0feeaf6a2364a83032fd17) Importer(815301076,1909f56bfc062723c751e8b465ee728b)  -> (artifact id: 'd68e04815da71b051541398f36ef80dc') in 0.096699 seconds
Number of updated asset objects reloaded before import = 0
Number of asset objects unloaded after import = 3
========================================================================
Received Import Request.
  Time since last request: 348.932963 seconds.
  path: Assets/DownloadedContent/Doctor/stage_three.png
  artifactKey: Guid(149d8ac0511f4084e8950210168efdce) Importer(815301076,1909f56bfc062723c751e8b465ee728b)
Start importing Assets/DownloadedContent/Doctor/stage_three.png using Guid(149d8ac0511f4084e8950210168efdce) Importer(815301076,1909f56bfc062723c751e8b465ee728b)  -> (artifact id: '9c2967412297eec62c1f7cc7956f34c8') in 0.049953 seconds
Number of updated asset objects reloaded before import = 0
Number of asset objects unloaded after import = 3
========================================================================
Received Import Request.
  Time since last request: 5802.090493 seconds.
  path: Assets/DownloadedContent/NPCs/Idle1/2.png
  artifactKey: Guid(9ec7289e9046e3545b6b1ca5f7a3a7c9) Importer(815301076,1909f56bfc062723c751e8b465ee728b)
Start importing Assets/DownloadedContent/NPCs/Idle1/2.png using Guid(9ec7289e9046e3545b6b1ca5f7a3a7c9) Importer(815301076,1909f56bfc062723c751e8b465ee728b)  -> (artifact id: 'ec91b670a25a2e97dc2499f0e14eb7b0') in 0.116712 seconds
Number of updated asset objects reloaded before import = 0
Number of asset objects unloaded after import = 3
========================================================================
Received Import Request.
  Time since last request: 56.704592 seconds.
  path: Assets/DownloadedContent/NPCs/Idle2/2.png
  artifactKey: Guid(d571d050f35b38e449813e8d0700518e) Importer(815301076,1909f56bfc062723c751e8b465ee728b)
Start importing Assets/DownloadedContent/NPCs/Idle2/2.png using Guid(d571d050f35b38e449813e8d0700518e) Importer(815301076,1909f56bfc062723c751e8b465ee728b)  -> (artifact id: 'aa3ed1aaed8d57c99fa45a6efab85cb4') in 0.041365 seconds
Number of updated asset objects reloaded before import = 0
Number of asset objects unloaded after import = 3
========================================================================
Received Import Request.
  Time since last request: 0.000047 seconds.
  path: Assets/DownloadedContent/NPCs/Idle2/3.png
  artifactKey: Guid(796781a7e02bae443a1709c13d7a5c8b) Importer(815301076,1909f56bfc062723c751e8b465ee728b)
Start importing Assets/DownloadedContent/NPCs/Idle2/3.png using Guid(796781a7e02bae443a1709c13d7a5c8b) Importer(815301076,1909f56bfc062723c751e8b465ee728b)  -> (artifact id: 'bfc8ed0e415463549d26057902faa884') in 0.034464 seconds
Number of updated asset objects reloaded before import = 0
Number of asset objects unloaded after import = 3
========================================================================
Received Import Request.
  Time since last request: 3.077061 seconds.
  path: Assets/DownloadedContent/NPCs/Idle3/2.png
  artifactKey: Guid(c127c7d58c6e33e4d98e7450183bdbd1) Importer(815301076,1909f56bfc062723c751e8b465ee728b)
Start importing Assets/DownloadedContent/NPCs/Idle3/2.png using Guid(c127c7d58c6e33e4d98e7450183bdbd1) Importer(815301076,1909f56bfc062723c751e8b465ee728b)  -> (artifact id: '33a579e5800b9fd75c0aca5b34c3f9f6') in 0.037338 seconds
Number of updated asset objects reloaded before import = 0
Number of asset objects unloaded after import = 3
========================================================================
Received Import Request.
  Time since last request: 0.000025 seconds.
  path: Assets/DownloadedContent/NPCs/Idle3/3.png
  artifactKey: Guid(479b1fe6ff74d9c4ca07aff75f9f1487) Importer(815301076,1909f56bfc062723c751e8b465ee728b)
Start importing Assets/DownloadedContent/NPCs/Idle3/3.png using Guid(479b1fe6ff74d9c4ca07aff75f9f1487) Importer(815301076,1909f56bfc062723c751e8b465ee728b)  -> (artifact id: '910f5761dd1d018241de58cd09839ca4') in 0.042880 seconds
Number of updated asset objects reloaded before import = 0
Number of asset objects unloaded after import = 3
========================================================================
Received Import Request.
  Time since last request: 54.054150 seconds.
  path: Assets/DownloadedContent/NPCs/Idle1/2.png
  artifactKey: Guid(9ec7289e9046e3545b6b1ca5f7a3a7c9) Importer(815301076,1909f56bfc062723c751e8b465ee728b)
Start importing Assets/DownloadedContent/NPCs/Idle1/2.png using Guid(9ec7289e9046e3545b6b1ca5f7a3a7c9) Importer(815301076,1909f56bfc062723c751e8b465ee728b)  -> (artifact id: '1612991af74a0b8b65417a27e0f1ddeb') in 0.046604 seconds
Number of updated asset objects reloaded before import = 0
Number of asset objects unloaded after import = 3
========================================================================
Received Import Request.
  Time since last request: 0.000040 seconds.
  path: Assets/DownloadedContent/NPCs/Idle1/3.png
  artifactKey: Guid(d10b6651e3425594fbd2f2fe31ffcbea) Importer(815301076,1909f56bfc062723c751e8b465ee728b)
Start importing Assets/DownloadedContent/NPCs/Idle1/3.png using Guid(d10b6651e3425594fbd2f2fe31ffcbea) Importer(815301076,1909f56bfc062723c751e8b465ee728b)  -> (artifact id: '502d2177f93405b6df18b673b23c5db1') in 0.081440 seconds
Number of updated asset objects reloaded before import = 0
Number of asset objects unloaded after import = 3
========================================================================
Received Prepare
Begin MonoManager ReloadAssembly
- Loaded All Assemblies, in  3.381 seconds
Refreshing native plugins compatible for Editor in 23.47 ms, found 4 plugins.
Native extension for WindowsStandalone target not found
[Package Manager] Server::EnsureServerProcessIsRunning -- launch failed, reason: Unity was launched with the -noUpm command-line argument
[Package Manager] UpmClient::Send -- Unable to send message (not connected to UPM process).
[Package Manager] Cannot connect to Unity Package Manager local server
Mono: successfully reloaded assembly
- Finished resetting the current domain, in  4.187 seconds
Domain Reload Profiling: 7533ms
	BeginReloadAssembly (986ms)
		ExecutionOrderSort (0ms)
		DisableScriptedObjects (40ms)
		BackupInstance (0ms)
		ReleaseScriptingObjects (0ms)
		CreateAndSetChildDomain (220ms)
	RebuildCommonClasses (165ms)
	RebuildNativeTypeToScriptingClass (41ms)
	initialDomainReloadingComplete (293ms)
	LoadAllAssembliesAndSetupDomain (1860ms)
		LoadAssemblies (2430ms)
		RebuildTransferFunctionScriptingTraits (0ms)
		AnalyzeDomain (83ms)
			TypeCache.Refresh (44ms)
				TypeCache.ScanAssembly (0ms)
			ScanForSourceGeneratedMonoScriptInfo (1ms)
			ResolveRequiredComponents (29ms)
	FinalizeReload (4188ms)
		ReleaseScriptCaches (0ms)
		RebuildScriptCaches (0ms)
		SetupLoadedEditorAssemblies (750ms)
			LogAssemblyErrors (0ms)
			InitializePlatformSupportModulesInManaged (11ms)
			SetLoadedEditorAssemblies (6ms)
			RefreshPlugins (0ms)
			BeforeProcessingInitializeOnLoad (122ms)
			ProcessInitializeOnLoadAttributes (540ms)
			ProcessInitializeOnLoadMethodAttributes (60ms)
			AfterProcessingInitializeOnLoad (9ms)
			EditorAssembliesLoaded (0ms)
		ExecutionOrderSort2 (0ms)
		AwakeInstancesAfterBackupRestoration (20ms)
Failed to load shader (instanceID 416, GUID bedd19944f451ba4d83e7ed69be98d5c)
Failed to load shader (instanceID 418, GUID 9c442dc870b456e48b615cd8add0e9ef)
Failed to load shader (instanceID 412, GUID 603d454d711fe784cba9ce08dd22b881)
Failed to load shader (instanceID 408, GUID 0a8f4dcd626bcd14bbbfa5a5e116b16e)
Refreshing native plugins compatible for Editor in 10.71 ms, found 4 plugins.
Preloading 0 native plugins for Editor in 0.00 ms.
Unloading 1013 Unused Serialized files (Serialized files now loaded: 0)
Unloading 22 unused Assets / (81.7 KB). Loaded Objects now: 1522.
Memory consumption went from 105.7 MB to 105.6 MB.
Total: 8.495400 ms (FindLiveObjects: 0.150900 ms CreateObjectMapping: 0.035400 ms MarkObjects: 8.057900 ms  DeleteObjects: 0.248900 ms)

Prepare: number of updated asset objects reloaded= 0
AssetImportParameters requested are different than current active one (requested -> active):
  custom:container-demuxer-ogg: 62fdf1f143b41e24485cea50d1cbac27 -> 
  custom:video-decoder-ogg-theora: a1e56fd34408186e4bbccfd4996cb3dc -> 
  custom:framework-win-MediaFoundation: 216162199b28c13a410421893ffa2e32 -> 
  custom:CustomObjectIndexerAttribute: 6d391050e5a25f67b0a2c618074f2cd9 -> 
  custom:container-demuxer-webm: 4f35f7cbe854078d1ac9338744f61a02 -> 
  custom:container-muxer-webm: aa71ff27fc2769a1b78a27578f13a17b -> 
  custom:video-decoder-webm-vp8: 9c59270c3fd7afecdb556c50c9e8de78 -> 
  custom:SearchIndexIgnoredProperties: e643bd26f0fe6173181afceb89e7c659 -> 
  custom:AudioImporter_EditorPlatform: d09bf68614088b80899f8185d706f6e7 -> 
  custom:video-encoder-webm-vp8: eb34c28f22e8b96e1ab97ce403110664 -> 
  custom:audio-decoder-ogg-vorbis: bf7c407c2cedff20999df2af8eb42d56 -> 
  custom:audio-encoder-webm-vorbis: bf7c407c2cedff20999df2af8eb42d56 -> 
========================================================================
Received Prepare
Begin MonoManager ReloadAssembly
- Loaded All Assemblies, in  1.965 seconds
Refreshing native plugins compatible for Editor in 30.96 ms, found 4 plugins.
Native extension for WindowsStandalone target not found
[Package Manager] Server::EnsureServerProcessIsRunning -- launch failed, reason: Unity was launched with the -noUpm command-line argument
[Package Manager] UpmClient::Send -- Unable to send message (not connected to UPM process).
[Package Manager] Cannot connect to Unity Package Manager local server
Mono: successfully reloaded assembly
- Finished resetting the current domain, in  3.451 seconds
Domain Reload Profiling: 5397ms
	BeginReloadAssembly (324ms)
		ExecutionOrderSort (0ms)
		DisableScriptedObjects (21ms)
		BackupInstance (0ms)
		ReleaseScriptingObjects (0ms)
		CreateAndSetChildDomain (62ms)
	RebuildCommonClasses (117ms)
	RebuildNativeTypeToScriptingClass (36ms)
	initialDomainReloadingComplete (155ms)
	LoadAllAssembliesAndSetupDomain (1312ms)
		LoadAssemblies (1427ms)
		RebuildTransferFunctionScriptingTraits (0ms)
		AnalyzeDomain (70ms)
			TypeCache.Refresh (36ms)
				TypeCache.ScanAssembly (0ms)
			ScanForSourceGeneratedMonoScriptInfo (0ms)
			ResolveRequiredComponents (29ms)
	FinalizeReload (3452ms)
		ReleaseScriptCaches (0ms)
		RebuildScriptCaches (0ms)
		SetupLoadedEditorAssemblies (2104ms)
			LogAssemblyErrors (0ms)
			InitializePlatformSupportModulesInManaged (23ms)
			SetLoadedEditorAssemblies (10ms)
			RefreshPlugins (0ms)
			BeforeProcessingInitializeOnLoad (287ms)
			ProcessInitializeOnLoadAttributes (1496ms)
			ProcessInitializeOnLoadMethodAttributes (207ms)
			AfterProcessingInitializeOnLoad (80ms)
			EditorAssembliesLoaded (1ms)
		ExecutionOrderSort2 (0ms)
		AwakeInstancesAfterBackupRestoration (59ms)
Failed to load shader (instanceID 416, GUID bedd19944f451ba4d83e7ed69be98d5c)
Failed to load shader (instanceID 418, GUID 9c442dc870b456e48b615cd8add0e9ef)
Failed to load shader (instanceID 412, GUID 603d454d711fe784cba9ce08dd22b881)
Failed to load shader (instanceID 408, GUID 0a8f4dcd626bcd14bbbfa5a5e116b16e)
Refreshing native plugins compatible for Editor in 24.61 ms, found 4 plugins.
Preloading 0 native plugins for Editor in 0.00 ms.
Unloading 1014 Unused Serialized files (Serialized files now loaded: 0)
Unloading 22 unused Assets / (81.7 KB). Loaded Objects now: 1526.
Memory consumption went from 107.9 MB to 107.8 MB.
Total: 7.583800 ms (FindLiveObjects: 0.166600 ms CreateObjectMapping: 0.071600 ms MarkObjects: 6.781800 ms  DeleteObjects: 0.561400 ms)

Prepare: number of updated asset objects reloaded= 0
AssetImportParameters requested are different than current active one (requested -> active):
  custom:container-demuxer-ogg: 62fdf1f143b41e24485cea50d1cbac27 -> 
  custom:video-decoder-ogg-theora: a1e56fd34408186e4bbccfd4996cb3dc -> 
  custom:framework-win-MediaFoundation: 216162199b28c13a410421893ffa2e32 -> 
  custom:CustomObjectIndexerAttribute: 6d391050e5a25f67b0a2c618074f2cd9 -> 
  custom:container-demuxer-webm: 4f35f7cbe854078d1ac9338744f61a02 -> 
  custom:container-muxer-webm: aa71ff27fc2769a1b78a27578f13a17b -> 
  custom:video-decoder-webm-vp8: 9c59270c3fd7afecdb556c50c9e8de78 -> 
  custom:SearchIndexIgnoredProperties: e643bd26f0fe6173181afceb89e7c659 -> 
  custom:AudioImporter_EditorPlatform: d09bf68614088b80899f8185d706f6e7 -> 
  custom:video-encoder-webm-vp8: eb34c28f22e8b96e1ab97ce403110664 -> 
  custom:audio-decoder-ogg-vorbis: bf7c407c2cedff20999df2af8eb42d56 -> 
  custom:audio-encoder-webm-vorbis: bf7c407c2cedff20999df2af8eb42d56 -> 
========================================================================
Received Import Request.
  Time since last request: 6195.223881 seconds.
  path: Assets/DownloadedContent/NPCs/Speak1/2.png
  artifactKey: Guid(c6cd2bea72f73d34795cb374813fec2a) Importer(815301076,1909f56bfc062723c751e8b465ee728b)
Start importing Assets/DownloadedContent/NPCs/Speak1/2.png using Guid(c6cd2bea72f73d34795cb374813fec2a) Importer(815301076,1909f56bfc062723c751e8b465ee728b)  -> (artifact id: '0e499b09f4b7e67d07b6f634ca5a5c6c') in 0.391346 seconds
Number of updated asset objects reloaded before import = 0
Number of asset objects unloaded after import = 3
========================================================================
Received Import Request.
  Time since last request: 0.000176 seconds.
  path: Assets/DownloadedContent/NPCs/Speak1/3.png
  artifactKey: Guid(ae78817adb6e1d5438d3e91266371cfc) Importer(815301076,1909f56bfc062723c751e8b465ee728b)
Start importing Assets/DownloadedContent/NPCs/Speak1/3.png using Guid(ae78817adb6e1d5438d3e91266371cfc) Importer(815301076,1909f56bfc062723c751e8b465ee728b)  -> (artifact id: '26698dc3ab523c5febfc609a7981b11f') in 0.044403 seconds
Number of updated asset objects reloaded before import = 0
Number of asset objects unloaded after import = 3
========================================================================
Received Import Request.
  Time since last request: 1066.299303 seconds.
  path: Assets/DownloadedContent/NPCs/Speak3/2.png
  artifactKey: Guid(b317e6175ee93514498137af1e7bc3a4) Importer(815301076,1909f56bfc062723c751e8b465ee728b)
Start importing Assets/DownloadedContent/NPCs/Speak3/2.png using Guid(b317e6175ee93514498137af1e7bc3a4) Importer(815301076,1909f56bfc062723c751e8b465ee728b)  -> (artifact id: 'd6dea611dfd858401094ec5a65ffc2c0') in 0.076749 seconds
Number of updated asset objects reloaded before import = 0
Number of asset objects unloaded after import = 3
========================================================================
Received Import Request.
  Time since last request: 0.000099 seconds.
  path: Assets/DownloadedContent/NPCs/Speak3/4.png
  artifactKey: Guid(dd01e2077a76e7a4eb2727fece158800) Importer(815301076,1909f56bfc062723c751e8b465ee728b)
Start importing Assets/DownloadedContent/NPCs/Speak3/4.png using Guid(dd01e2077a76e7a4eb2727fece158800) Importer(815301076,1909f56bfc062723c751e8b465ee728b)  -> (artifact id: '5595b6225ea8d6c978b78fad6ea0dabc') in 0.053077 seconds
Number of updated asset objects reloaded before import = 0
Number of asset objects unloaded after import = 3
========================================================================
Received Import Request.
  Time since last request: 40309.875347 seconds.
  path: Assets/DownloadedContent/Characters/Crystal_Elementals_Crystal_Mauler_Free_v1.0/animations/PNG/idle/idle_3.png
  artifactKey: Guid(8eca4d475c1ee4f4381ac1538844d91e) Importer(815301076,1909f56bfc062723c751e8b465ee728b)
Start importing Assets/DownloadedContent/Characters/Crystal_Elementals_Crystal_Mauler_Free_v1.0/animations/PNG/idle/idle_3.png using Guid(8eca4d475c1ee4f4381ac1538844d91e) Importer(815301076,1909f56bfc062723c751e8b465ee728b)  -> (artifact id: '6407d466d2aa047d78adc36007e848f6') in 0.060500 seconds
Number of updated asset objects reloaded before import = 0
Number of asset objects unloaded after import = 3
========================================================================
Received Import Request.
  Time since last request: 0.000098 seconds.
  path: Assets/DownloadedContent/Characters/Crystal_Elementals_Crystal_Mauler_Free_v1.0/animations/PNG/idle/idle_8.png
  artifactKey: Guid(3dfa0cfb6de3b3447a40fe5c659552c3) Importer(815301076,1909f56bfc062723c751e8b465ee728b)
Start importing Assets/DownloadedContent/Characters/Crystal_Elementals_Crystal_Mauler_Free_v1.0/animations/PNG/idle/idle_8.png using Guid(3dfa0cfb6de3b3447a40fe5c659552c3) Importer(815301076,1909f56bfc062723c751e8b465ee728b)  -> (artifact id: '0cd7a1fdc343bfcd4e525dc860adc552') in 0.076726 seconds
Number of updated asset objects reloaded before import = 0
Number of asset objects unloaded after import = 3
========================================================================
Received Import Request.
  Time since last request: 0.000088 seconds.
  path: Assets/DownloadedContent/Characters/Crystal_Elementals_Crystal_Mauler_Free_v1.0/animations/PNG/idle/idle_6.png
  artifactKey: Guid(92d278f92e3196646b93ffc5b6663560) Importer(815301076,1909f56bfc062723c751e8b465ee728b)
Start importing Assets/DownloadedContent/Characters/Crystal_Elementals_Crystal_Mauler_Free_v1.0/animations/PNG/idle/idle_6.png using Guid(92d278f92e3196646b93ffc5b6663560) Importer(815301076,1909f56bfc062723c751e8b465ee728b)  -> (artifact id: '4763e7cb5440531258d5fcf1d158cd8a') in 0.073391 seconds
Number of updated asset objects reloaded before import = 0
Number of asset objects unloaded after import = 3
========================================================================
Received Import Request.
  Time since last request: 129.226657 seconds.
  path: Assets/DownloadedContent/Characters/Fire_Elementals_fire_knight_FREE_v1.1/png/01_idle/idle_2.png
  artifactKey: Guid(a725904b408dfa48e96a2f9a13138c62) Importer(815301076,1909f56bfc062723c751e8b465ee728b)
Start importing Assets/DownloadedContent/Characters/Fire_Elementals_fire_knight_FREE_v1.1/png/01_idle/idle_2.png using Guid(a725904b408dfa48e96a2f9a13138c62) Importer(815301076,1909f56bfc062723c751e8b465ee728b)  -> (artifact id: '01a26e7e49c1fdd13e56425c63006701') in 0.054802 seconds
Number of updated asset objects reloaded before import = 0
Number of asset objects unloaded after import = 3
========================================================================
Received Import Request.
  Time since last request: 0.000084 seconds.
  path: Assets/DownloadedContent/Characters/Fire_Elementals_fire_knight_FREE_v1.1/png/01_idle/idle_5.png
  artifactKey: Guid(31edccd1529a08b9b99ca8d8a7e28440) Importer(815301076,1909f56bfc062723c751e8b465ee728b)
Start importing Assets/DownloadedContent/Characters/Fire_Elementals_fire_knight_FREE_v1.1/png/01_idle/idle_5.png using Guid(31edccd1529a08b9b99ca8d8a7e28440) Importer(815301076,1909f56bfc062723c751e8b465ee728b)  -> (artifact id: '46040ff998ad893ae1f4db1a72c12df0') in 0.067893 seconds
Number of updated asset objects reloaded before import = 0
Number of asset objects unloaded after import = 3
========================================================================
Received Import Request.
  Time since last request: 0.000061 seconds.
  path: Assets/DownloadedContent/Characters/Fire_Elementals_fire_knight_FREE_v1.1/png/01_idle/idle_4.png
  artifactKey: Guid(b2fd09a719c167b51bc75ef6d60dda8e) Importer(815301076,1909f56bfc062723c751e8b465ee728b)
Start importing Assets/DownloadedContent/Characters/Fire_Elementals_fire_knight_FREE_v1.1/png/01_idle/idle_4.png using Guid(b2fd09a719c167b51bc75ef6d60dda8e) Importer(815301076,1909f56bfc062723c751e8b465ee728b)  -> (artifact id: '9483c6864c1dc3baa2d7ceffaebfdc0f') in 0.065703 seconds
Number of updated asset objects reloaded before import = 0
Number of asset objects unloaded after import = 3
========================================================================
Received Import Request.
  Time since last request: 0.000027 seconds.
  path: Assets/DownloadedContent/Characters/Fire_Elementals_fire_knight_FREE_v1.1/png/01_idle/idle_3.png
  artifactKey: Guid(4d328341657214ffbbec70bbe0f4fad3) Importer(815301076,1909f56bfc062723c751e8b465ee728b)
Start importing Assets/DownloadedContent/Characters/Fire_Elementals_fire_knight_FREE_v1.1/png/01_idle/idle_3.png using Guid(4d328341657214ffbbec70bbe0f4fad3) Importer(815301076,1909f56bfc062723c751e8b465ee728b)  -> (artifact id: 'b568a54c66f1a1e073bfc5b70cf2df0d') in 0.062661 seconds
Number of updated asset objects reloaded before import = 0
Number of asset objects unloaded after import = 3
========================================================================
Received Import Request.
  Time since last request: 0.000067 seconds.
  path: Assets/DownloadedContent/Characters/Fire_Elementals_fire_knight_FREE_v1.1/png/01_idle/idle_7.png
  artifactKey: Guid(cedec58e62c11de119b762b940086bcd) Importer(815301076,1909f56bfc062723c751e8b465ee728b)
Start importing Assets/DownloadedContent/Characters/Fire_Elementals_fire_knight_FREE_v1.1/png/01_idle/idle_7.png using Guid(cedec58e62c11de119b762b940086bcd) Importer(815301076,1909f56bfc062723c751e8b465ee728b)  -> (artifact id: '5500da000e162d1cf979c5c048f176de') in 0.048993 seconds
Number of updated asset objects reloaded before import = 0
Number of asset objects unloaded after import = 3
========================================================================
Received Import Request.
  Time since last request: 22.251461 seconds.
  path: Assets/DownloadedContent/Characters/Fire_Elementals_fire_knight_FREE_v1.1/png/02_run/run_3.png
  artifactKey: Guid(cc804a7535cf9386db3cc4ad03d2c905) Importer(815301076,1909f56bfc062723c751e8b465ee728b)
Start importing Assets/DownloadedContent/Characters/Fire_Elementals_fire_knight_FREE_v1.1/png/02_run/run_3.png using Guid(cc804a7535cf9386db3cc4ad03d2c905) Importer(815301076,1909f56bfc062723c751e8b465ee728b)  -> (artifact id: '1e6586a80ad9f4eba59412dc020c3d1d') in 0.068096 seconds
Number of updated asset objects reloaded before import = 0
Number of asset objects unloaded after import = 3
========================================================================
Received Import Request.
  Time since last request: 0.000035 seconds.
  path: Assets/DownloadedContent/Characters/Fire_Elementals_fire_knight_FREE_v1.1/png/02_run/run_6.png
  artifactKey: Guid(3c045b85734e3802c951b6aebe7f5e5a) Importer(815301076,1909f56bfc062723c751e8b465ee728b)
Start importing Assets/DownloadedContent/Characters/Fire_Elementals_fire_knight_FREE_v1.1/png/02_run/run_6.png using Guid(3c045b85734e3802c951b6aebe7f5e5a) Importer(815301076,1909f56bfc062723c751e8b465ee728b)  -> (artifact id: '2dfa5c566e917e5388945eb2821bd704') in 0.093214 seconds
Number of updated asset objects reloaded before import = 0
Number of asset objects unloaded after import = 3
========================================================================
Received Import Request.
  Time since last request: 0.000045 seconds.
  path: Assets/DownloadedContent/Characters/Fire_Elementals_fire_knight_FREE_v1.1/png/02_run/run_5.png
  artifactKey: Guid(c7db0fa1309f68f4ca7b997040e1137c) Importer(815301076,1909f56bfc062723c751e8b465ee728b)
Start importing Assets/DownloadedContent/Characters/Fire_Elementals_fire_knight_FREE_v1.1/png/02_run/run_5.png using Guid(c7db0fa1309f68f4ca7b997040e1137c) Importer(815301076,1909f56bfc062723c751e8b465ee728b)  -> (artifact id: '02f2f84c427216436f94ad122a6c622d') in 0.058821 seconds
Number of updated asset objects reloaded before import = 0
Number of asset objects unloaded after import = 3
========================================================================
Received Import Request.
  Time since last request: 2.608234 seconds.
  path: Assets/DownloadedContent/Characters/Fire_Elementals_fire_knight_FREE_v1.1/png/03_jump/jump_3.png
  artifactKey: Guid(30984b42f561fb4539d50893fecea343) Importer(815301076,1909f56bfc062723c751e8b465ee728b)
Start importing Assets/DownloadedContent/Characters/Fire_Elementals_fire_knight_FREE_v1.1/png/03_jump/jump_3.png using Guid(30984b42f561fb4539d50893fecea343) Importer(815301076,1909f56bfc062723c751e8b465ee728b)  -> (artifact id: '2b28b3dfa1c0f8a42c361ae58d9ef30e') in 0.029627 seconds
Number of updated asset objects reloaded before import = 0
Number of asset objects unloaded after import = 3
========================================================================
Received Import Request.
  Time since last request: 0.000052 seconds.
  path: Assets/DownloadedContent/Characters/Fire_Elementals_fire_knight_FREE_v1.1/png/03_jump/jump_8.png
  artifactKey: Guid(5035380c694a8e4fa94bbb61ed228476) Importer(815301076,1909f56bfc062723c751e8b465ee728b)
Start importing Assets/DownloadedContent/Characters/Fire_Elementals_fire_knight_FREE_v1.1/png/03_jump/jump_8.png using Guid(5035380c694a8e4fa94bbb61ed228476) Importer(815301076,1909f56bfc062723c751e8b465ee728b)  -> (artifact id: '0ba581a3e559ccf40cb598e8ccb3479a') in 0.070348 seconds
Number of updated asset objects reloaded before import = 0
Number of asset objects unloaded after import = 3
========================================================================
Received Import Request.
  Time since last request: 0.000064 seconds.
  path: Assets/DownloadedContent/Characters/Fire_Elementals_fire_knight_FREE_v1.1/png/03_jump/jump_19.png
  artifactKey: Guid(304968057d638ad99a80d7d8dc2f227c) Importer(815301076,1909f56bfc062723c751e8b465ee728b)
Start importing Assets/DownloadedContent/Characters/Fire_Elementals_fire_knight_FREE_v1.1/png/03_jump/jump_19.png using Guid(304968057d638ad99a80d7d8dc2f227c) Importer(815301076,1909f56bfc062723c751e8b465ee728b)  -> (artifact id: 'c4a4e220ee956d26d5d55ce238336d27') in 0.078959 seconds
Number of updated asset objects reloaded before import = 0
Number of asset objects unloaded after import = 3
========================================================================
Received Import Request.
  Time since last request: 0.000095 seconds.
  path: Assets/DownloadedContent/Characters/Fire_Elementals_fire_knight_FREE_v1.1/png/03_jump/jump_17.png
  artifactKey: Guid(e38387d07f95265be9d0653b1e7100f5) Importer(815301076,1909f56bfc062723c751e8b465ee728b)
Start importing Assets/DownloadedContent/Characters/Fire_Elementals_fire_knight_FREE_v1.1/png/03_jump/jump_17.png using Guid(e38387d07f95265be9d0653b1e7100f5) Importer(815301076,1909f56bfc062723c751e8b465ee728b)  -> (artifact id: '80cd3fcda57d37c1e39a83143469648f') in 0.084884 seconds
Number of updated asset objects reloaded before import = 0
Number of asset objects unloaded after import = 3
========================================================================
Received Import Request.
  Time since last request: 0.000032 seconds.
  path: Assets/DownloadedContent/Characters/Fire_Elementals_fire_knight_FREE_v1.1/png/03_jump/jump_13.png
  artifactKey: Guid(b404183fe65f55359aec1496cc6dae87) Importer(815301076,1909f56bfc062723c751e8b465ee728b)
Start importing Assets/DownloadedContent/Characters/Fire_Elementals_fire_knight_FREE_v1.1/png/03_jump/jump_13.png using Guid(b404183fe65f55359aec1496cc6dae87) Importer(815301076,1909f56bfc062723c751e8b465ee728b)  -> (artifact id: '963556e80c265878ec1807a0b3d2914d') in 0.061690 seconds
Number of updated asset objects reloaded before import = 0
Number of asset objects unloaded after import = 3
========================================================================
Received Import Request.
  Time since last request: 2.564479 seconds.
  path: Assets/DownloadedContent/Characters/Fire_Elementals_fire_knight_FREE_v1.1/png/04_roll/roll_3.png
  artifactKey: Guid(b0d3af2d3db1d7d379e9ee9c66b82c43) Importer(815301076,1909f56bfc062723c751e8b465ee728b)
Start importing Assets/DownloadedContent/Characters/Fire_Elementals_fire_knight_FREE_v1.1/png/04_roll/roll_3.png using Guid(b0d3af2d3db1d7d379e9ee9c66b82c43) Importer(815301076,1909f56bfc062723c751e8b465ee728b)  -> (artifact id: 'c919485f5193ef1854e59f0b511502ea') in 0.081283 seconds
Number of updated asset objects reloaded before import = 0
Number of asset objects unloaded after import = 3
========================================================================
Received Import Request.
  Time since last request: 0.000030 seconds.
  path: Assets/DownloadedContent/Characters/Fire_Elementals_fire_knight_FREE_v1.1/png/04_roll/roll_7.png
  artifactKey: Guid(09af3d73a3cd5a2ef9ef00f52a7d9bf7) Importer(815301076,1909f56bfc062723c751e8b465ee728b)
Start importing Assets/DownloadedContent/Characters/Fire_Elementals_fire_knight_FREE_v1.1/png/04_roll/roll_7.png using Guid(09af3d73a3cd5a2ef9ef00f52a7d9bf7) Importer(815301076,1909f56bfc062723c751e8b465ee728b)  -> (artifact id: 'b70cc37dc5850b41b7ed11df17de3242') in 0.061445 seconds
Number of updated asset objects reloaded before import = 0
Number of asset objects unloaded after import = 3
========================================================================
Received Import Request.
  Time since last request: 17.586437 seconds.
  path: Assets/DownloadedContent/Characters/Fire_Elementals_fire_knight_FREE_v1.1/png/09_defend/defend_3.png
  artifactKey: Guid(aac0cdf5732e3cef7b3215030fb3ea4f) Importer(815301076,1909f56bfc062723c751e8b465ee728b)
Start importing Assets/DownloadedContent/Characters/Fire_Elementals_fire_knight_FREE_v1.1/png/09_defend/defend_3.png using Guid(aac0cdf5732e3cef7b3215030fb3ea4f) Importer(815301076,1909f56bfc062723c751e8b465ee728b)  -> (artifact id: '7b01b90af4b133b780e39e31783ef96f') in 0.029570 seconds
Number of updated asset objects reloaded before import = 0
Number of asset objects unloaded after import = 3
========================================================================
Received Import Request.
  Time since last request: 0.000026 seconds.
  path: Assets/DownloadedContent/Characters/Fire_Elementals_fire_knight_FREE_v1.1/png/09_defend/defend_5.png
  artifactKey: Guid(bfc95f48684cc55c38a2144498c0a334) Importer(815301076,1909f56bfc062723c751e8b465ee728b)
Start importing Assets/DownloadedContent/Characters/Fire_Elementals_fire_knight_FREE_v1.1/png/09_defend/defend_5.png using Guid(bfc95f48684cc55c38a2144498c0a334) Importer(815301076,1909f56bfc062723c751e8b465ee728b)  -> (artifact id: '4c53375681db74f256a2fadf560a15f5') in 0.046539 seconds
Number of updated asset objects reloaded before import = 0
Number of asset objects unloaded after import = 3
========================================================================
Received Import Request.
  Time since last request: 0.000027 seconds.
  path: Assets/DownloadedContent/Characters/Fire_Elementals_fire_knight_FREE_v1.1/png/09_defend/defend_8.png
  artifactKey: Guid(8cede23b348ba24148a48c3c092d8e14) Importer(815301076,1909f56bfc062723c751e8b465ee728b)
Start importing Assets/DownloadedContent/Characters/Fire_Elementals_fire_knight_FREE_v1.1/png/09_defend/defend_8.png using Guid(8cede23b348ba24148a48c3c092d8e14) Importer(815301076,1909f56bfc062723c751e8b465ee728b)  -> (artifact id: 'f28918d529e49f080024b9c0956a12ab') in 0.045943 seconds
Number of updated asset objects reloaded before import = 0
Number of asset objects unloaded after import = 3
========================================================================
Received Import Request.
  Time since last request: 40.409200 seconds.
  path: Assets/DownloadedContent/Characters/Ground_Elementals_ground_monk_FREE_v1.3/png/idle/idle_3.png
  artifactKey: Guid(e2e19d0424123cd4dbdcba360cf515eb) Importer(815301076,1909f56bfc062723c751e8b465ee728b)
Start importing Assets/DownloadedContent/Characters/Ground_Elementals_ground_monk_FREE_v1.3/png/idle/idle_3.png using Guid(e2e19d0424123cd4dbdcba360cf515eb) Importer(815301076,1909f56bfc062723c751e8b465ee728b)  -> (artifact id: 'e59ed82356a9b39a0ffb8b40668a6ee1') in 0.003206 seconds
Number of updated asset objects reloaded before import = 0
Number of asset objects unloaded after import = 0
========================================================================
Received Import Request.
  Time since last request: 0.000034 seconds.
  path: Assets/DownloadedContent/Characters/Ground_Elementals_ground_monk_FREE_v1.3/png/idle/idle_4.png
  artifactKey: Guid(15786cd7501498e4d803487dab798963) Importer(815301076,1909f56bfc062723c751e8b465ee728b)
Start importing Assets/DownloadedContent/Characters/Ground_Elementals_ground_monk_FREE_v1.3/png/idle/idle_4.png using Guid(15786cd7501498e4d803487dab798963) Importer(815301076,1909f56bfc062723c751e8b465ee728b)  -> (artifact id: '519328a8a00c70d7f315bce730931d92') in 0.002301 seconds
Number of updated asset objects reloaded before import = 0
Number of asset objects unloaded after import = 0
========================================================================
Received Import Request.
  Time since last request: 16.757929 seconds.
  path: Assets/DownloadedContent/Characters/Ground_Elementals_ground_monk_FREE_v1.3/gifs/04_j_down.gif
  artifactKey: Guid(a9ffb8f42bf516045bd10fad01991065) Importer(815301076,1909f56bfc062723c751e8b465ee728b)
Start importing Assets/DownloadedContent/Characters/Ground_Elementals_ground_monk_FREE_v1.3/gifs/04_j_down.gif using Guid(a9ffb8f42bf516045bd10fad01991065) Importer(815301076,1909f56bfc062723c751e8b465ee728b)  -> (artifact id: '18900d8a76b2a8ba85b414ddc4dc387d') in 0.002371 seconds
Number of updated asset objects reloaded before import = 0
Number of asset objects unloaded after import = 0
========================================================================
Received Import Request.
  Time since last request: 0.000022 seconds.
  path: Assets/DownloadedContent/Characters/Ground_Elementals_ground_monk_FREE_v1.3/gifs/08_sp_atk.gif
  artifactKey: Guid(cee8e0334c61b2f46a4fc2eed501a931) Importer(815301076,1909f56bfc062723c751e8b465ee728b)
Start importing Assets/DownloadedContent/Characters/Ground_Elementals_ground_monk_FREE_v1.3/gifs/08_sp_atk.gif using Guid(cee8e0334c61b2f46a4fc2eed501a931) Importer(815301076,1909f56bfc062723c751e8b465ee728b)  -> (artifact id: '749541630a4b4481599c16b05230ac1b') in 0.029281 seconds
Number of updated asset objects reloaded before import = 0
Number of asset objects unloaded after import = 3
========================================================================
Received Import Request.
  Time since last request: 0.000103 seconds.
  path: Assets/DownloadedContent/Characters/Ground_Elementals_ground_monk_FREE_v1.3/gifs/air_atk.gif
  artifactKey: Guid(70178eeb7a4fa99468bd3abb4fd057c6) Importer(815301076,1909f56bfc062723c751e8b465ee728b)
Start importing Assets/DownloadedContent/Characters/Ground_Elementals_ground_monk_FREE_v1.3/gifs/air_atk.gif using Guid(70178eeb7a4fa99468bd3abb4fd057c6) Importer(815301076,1909f56bfc062723c751e8b465ee728b)  -> (artifact id: '7863b5294ea1825ac47baab339e0e7de') in 0.005977 seconds
Number of updated asset objects reloaded before import = 0
Number of asset objects unloaded after import = 0
========================================================================
Received Import Request.
  Time since last request: 3.636392 seconds.
  path: Assets/DownloadedContent/Characters/Ground_Elementals_ground_monk_FREE_v1.3/png/3_atk/3_atk_3.png
  artifactKey: Guid(7a3b608c86b67fa43adecc7126007f9e) Importer(815301076,1909f56bfc062723c751e8b465ee728b)
Start importing Assets/DownloadedContent/Characters/Ground_Elementals_ground_monk_FREE_v1.3/png/3_atk/3_atk_3.png using Guid(7a3b608c86b67fa43adecc7126007f9e) Importer(815301076,1909f56bfc062723c751e8b465ee728b)  -> (artifact id: '815361c13e35c2654a66ef01616ac0a4') in 0.026361 seconds
Number of updated asset objects reloaded before import = 0
Number of asset objects unloaded after import = 3
========================================================================
Received Import Request.
  Time since last request: 0.000024 seconds.
  path: Assets/DownloadedContent/Characters/Ground_Elementals_ground_monk_FREE_v1.3/png/3_atk/3_atk_10.png
  artifactKey: Guid(afbc178ed64106247b226a55ec292f9e) Importer(815301076,1909f56bfc062723c751e8b465ee728b)
Start importing Assets/DownloadedContent/Characters/Ground_Elementals_ground_monk_FREE_v1.3/png/3_atk/3_atk_10.png using Guid(afbc178ed64106247b226a55ec292f9e) Importer(815301076,1909f56bfc062723c751e8b465ee728b)  -> (artifact id: '4b352d3144fca50a1c64bdb258993c79') in 0.061814 seconds
Number of updated asset objects reloaded before import = 0
Number of asset objects unloaded after import = 3
========================================================================
Received Import Request.
  Time since last request: 0.000040 seconds.
  path: Assets/DownloadedContent/Characters/Ground_Elementals_ground_monk_FREE_v1.3/png/3_atk/3_atk_21.png
  artifactKey: Guid(b756c6d4def944648aaa8807be4c4a99) Importer(815301076,1909f56bfc062723c751e8b465ee728b)
Start importing Assets/DownloadedContent/Characters/Ground_Elementals_ground_monk_FREE_v1.3/png/3_atk/3_atk_21.png using Guid(b756c6d4def944648aaa8807be4c4a99) Importer(815301076,1909f56bfc062723c751e8b465ee728b)  -> (artifact id: 'c968d7fac601f9a7885b5bff9d21a907') in 0.106007 seconds
Number of updated asset objects reloaded before import = 0
Number of asset objects unloaded after import = 3
========================================================================
Received Import Request.
  Time since last request: 0.000038 seconds.
  path: Assets/DownloadedContent/Characters/Ground_Elementals_ground_monk_FREE_v1.3/png/3_atk/3_atk_20.png
  artifactKey: Guid(df39387594f4ae24182ba4ce52780d4d) Importer(815301076,1909f56bfc062723c751e8b465ee728b)
Start importing Assets/DownloadedContent/Characters/Ground_Elementals_ground_monk_FREE_v1.3/png/3_atk/3_atk_20.png using Guid(df39387594f4ae24182ba4ce52780d4d) Importer(815301076,1909f56bfc062723c751e8b465ee728b)  -> (artifact id: '3d7319c38aff99f096d20026ca8ffce7') in 0.069990 seconds
Number of updated asset objects reloaded before import = 0
Number of asset objects unloaded after import = 3
========================================================================
Received Import Request.
  Time since last request: 0.000052 seconds.
  path: Assets/DownloadedContent/Characters/Ground_Elementals_ground_monk_FREE_v1.3/png/3_atk/3_atk_16.png
  artifactKey: Guid(73c08b6b9db014742af23fad558020bc) Importer(815301076,1909f56bfc062723c751e8b465ee728b)
Start importing Assets/DownloadedContent/Characters/Ground_Elementals_ground_monk_FREE_v1.3/png/3_atk/3_atk_16.png using Guid(73c08b6b9db014742af23fad558020bc) Importer(815301076,1909f56bfc062723c751e8b465ee728b)  -> (artifact id: '5b389f1eaea3a7a14bd162398928abc8') in 0.057455 seconds
Number of updated asset objects reloaded before import = 0
Number of asset objects unloaded after import = 3
========================================================================
Received Import Request.
  Time since last request: 0.000040 seconds.
  path: Assets/DownloadedContent/Characters/Ground_Elementals_ground_monk_FREE_v1.3/png/3_atk/3_atk_12.png
  artifactKey: Guid(156deafa6c4054a4d875ca2aa4aa655f) Importer(815301076,1909f56bfc062723c751e8b465ee728b)
Start importing Assets/DownloadedContent/Characters/Ground_Elementals_ground_monk_FREE_v1.3/png/3_atk/3_atk_12.png using Guid(156deafa6c4054a4d875ca2aa4aa655f) Importer(815301076,1909f56bfc062723c751e8b465ee728b)  -> (artifact id: '14719fdfffbeb1b46bbfd6dcb8664f9e') in 0.064292 seconds
Number of updated asset objects reloaded before import = 0
Number of asset objects unloaded after import = 3
Editor requested this worker to shutdown with reason: Scaling down because of idle timeout
TcpMessagingSession - receive error: operation aborted. errorcode: 995, details: La operacin de E/S se anul por una salida de subproceso o por una solicitud de aplicacin.
AssetImportWorker is now disconnected from the server
Process exiting
Exiting without the bug reporter. Application will terminate with return code 0