Using pre-set license
Built from '2022.3/staging' branch; Version is '2022.3.17f1 (4fc78088f837) revision 5228416'; Using compiler version '192829333'; Build Type 'Release'
OS: 'Windows 10  (10.0.19045) 64bit ProfessionalWorkstation' Language: 'es' Physical Memory: 16087 MB
BatchMode: 1, IsHumanControllingUs: 0, StartBugReporterOnCrash: 0, Is64bit: 1, IsPro: 1

COMMAND LINE ARGUMENTS:
C:\Program Files\Unity\Hub\Editor\2022.3.17f1\Editor\Unity.exe
-adb2
-batchMode
-noUpm
-name
AssetImportWorker11
-projectPath
C:/Users/Usuario/Documents/GitHub/DAM_UF2_Proyecto/UF2_Proyecto
-logFile
Logs/AssetImportWorker11.log
-srvPort
51342
Successfully changed project path to: C:/Users/Usuario/Documents/GitHub/DAM_UF2_Proyecto/UF2_Proyecto
C:/Users/Usuario/Documents/GitHub/DAM_UF2_Proyecto/UF2_Proyecto
[UnityMemory] Configuration Parameters - Can be set up in boot.config
    "memorysetup-bucket-allocator-granularity=16"
    "memorysetup-bucket-allocator-bucket-count=8"
    "memorysetup-bucket-allocator-block-size=33554432"
    "memorysetup-bucket-allocator-block-count=8"
    "memorysetup-main-allocator-block-size=16777216"
    "memorysetup-thread-allocator-block-size=16777216"
    "memorysetup-gfx-main-allocator-block-size=16777216"
    "memorysetup-gfx-thread-allocator-block-size=16777216"
    "memorysetup-cache-allocator-block-size=4194304"
    "memorysetup-typetree-allocator-block-size=2097152"
    "memorysetup-profiler-bucket-allocator-granularity=16"
    "memorysetup-profiler-bucket-allocator-bucket-count=8"
    "memorysetup-profiler-bucket-allocator-block-size=33554432"
    "memorysetup-profiler-bucket-allocator-block-count=8"
    "memorysetup-profiler-allocator-block-size=16777216"
    "memorysetup-profiler-editor-allocator-block-size=1048576"
    "memorysetup-temp-allocator-size-main=16777216"
    "memorysetup-job-temp-allocator-block-size=2097152"
    "memorysetup-job-temp-allocator-block-size-background=1048576"
    "memorysetup-job-temp-allocator-reduction-small-platforms=262144"
    "memorysetup-allocator-temp-initial-block-size-main=262144"
    "memorysetup-allocator-temp-initial-block-size-worker=262144"
    "memorysetup-temp-allocator-size-background-worker=32768"
    "memorysetup-temp-allocator-size-job-worker=262144"
    "memorysetup-temp-allocator-size-preload-manager=33554432"
    "memorysetup-temp-allocator-size-nav-mesh-worker=65536"
    "memorysetup-temp-allocator-size-audio-worker=65536"
    "memorysetup-temp-allocator-size-cloud-worker=32768"
    "memorysetup-temp-allocator-size-gi-baking-worker=262144"
    "memorysetup-temp-allocator-size-gfx=262144"
Player connection [62752] Host "[IP] 192.168.1.131 [Port] 0 [Flags] 2 [Guid] 1170333988 [EditorId] 1170333988 [Version] 1048832 [Id] WindowsEditor(7,DESKTOP-3P4O3T5) [Debug] 1 [PackageName] WindowsEditor [ProjectName] Editor" joined multi-casting on [225.0.0.222:54997]...

Player connection [62752] Host "[IP] 192.168.1.131 [Port] 0 [Flags] 2 [Guid] 1170333988 [EditorId] 1170333988 [Version] 1048832 [Id] WindowsEditor(7,DESKTOP-3P4O3T5) [Debug] 1 [PackageName] WindowsEditor [ProjectName] Editor" joined alternative multi-casting on [225.0.0.222:34997]...

[Physics::Module] Initialized MultithreadedJobDispatcher with 11 workers.
Refreshing native plugins compatible for Editor in 54.17 ms, found 4 plugins.
Preloading 0 native plugins for Editor in 0.00 ms.
Initialize engine version: 2022.3.17f1 (4fc78088f837)
[Subsystems] Discovering subsystems at path C:/Program Files/Unity/Hub/Editor/2022.3.17f1/Editor/Data/Resources/UnitySubsystems
[Subsystems] Discovering subsystems at path C:/Users/Usuario/Documents/GitHub/DAM_UF2_Proyecto/UF2_Proyecto/Assets
GfxDevice: creating device client; threaded=0; jobified=0
Direct3D:
    Version:  Direct3D 11.0 [level 11.1]
    Renderer: Intel(R) Iris(R) Xe Graphics (ID=0xa7a1)
    Vendor:   Intel
    VRAM:     8043 MB
    Driver:   31.0.101.4314
Initialize mono
Mono path[0] = 'C:/Program Files/Unity/Hub/Editor/2022.3.17f1/Editor/Data/Managed'
Mono path[1] = 'C:/Program Files/Unity/Hub/Editor/2022.3.17f1/Editor/Data/MonoBleedingEdge/lib/mono/unityjit-win32'
Mono config path = 'C:/Program Files/Unity/Hub/Editor/2022.3.17f1/Editor/Data/MonoBleedingEdge/etc'
Using monoOptions --debugger-agent=transport=dt_socket,embedding=1,server=y,suspend=n,address=127.0.0.1:56624
Begin MonoManager ReloadAssembly
Registering precompiled unity dll's ...
Register platform support module: C:/Program Files/Unity/Hub/Editor/2022.3.17f1/Editor/Data/PlaybackEngines/WindowsStandaloneSupport/UnityEditor.WindowsStandalone.Extensions.dll
Registered in 0.016725 seconds.
- Loaded All Assemblies, in  0.756 seconds
Native extension for WindowsStandalone target not found
Mono: successfully reloaded assembly
- Finished resetting the current domain, in  0.481 seconds
Domain Reload Profiling: 1235ms
	BeginReloadAssembly (274ms)
		ExecutionOrderSort (0ms)
		DisableScriptedObjects (0ms)
		BackupInstance (0ms)
		ReleaseScriptingObjects (0ms)
		CreateAndSetChildDomain (1ms)
	RebuildCommonClasses (79ms)
	RebuildNativeTypeToScriptingClass (16ms)
	initialDomainReloadingComplete (108ms)
	LoadAllAssembliesAndSetupDomain (275ms)
		LoadAssemblies (271ms)
		RebuildTransferFunctionScriptingTraits (0ms)
		AnalyzeDomain (273ms)
			TypeCache.Refresh (270ms)
				TypeCache.ScanAssembly (249ms)
			ScanForSourceGeneratedMonoScriptInfo (1ms)
			ResolveRequiredComponents (1ms)
	FinalizeReload (482ms)
		ReleaseScriptCaches (0ms)
		RebuildScriptCaches (0ms)
		SetupLoadedEditorAssemblies (366ms)
			LogAssemblyErrors (0ms)
			InitializePlatformSupportModulesInManaged (14ms)
			SetLoadedEditorAssemblies (14ms)
			RefreshPlugins (0ms)
			BeforeProcessingInitializeOnLoad (4ms)
			ProcessInitializeOnLoadAttributes (258ms)
			ProcessInitializeOnLoadMethodAttributes (76ms)
			AfterProcessingInitializeOnLoad (0ms)
			EditorAssembliesLoaded (0ms)
		ExecutionOrderSort2 (0ms)
		AwakeInstancesAfterBackupRestoration (0ms)
========================================================================
Worker process is ready to serve import requests
Begin MonoManager ReloadAssembly
- Loaded All Assemblies, in  1.404 seconds
Refreshing native plugins compatible for Editor in 8.40 ms, found 4 plugins.
Native extension for WindowsStandalone target not found
Package Manager log level set to [2]
[Package Manager] Server::EnsureServerProcessIsRunning -- launch failed, reason: Unity was launched with the -noUpm command-line argument
[Package Manager] UpmClient::Send -- Unable to send message (not connected to UPM process).
[Package Manager] Cannot connect to Unity Package Manager local server
Mono: successfully reloaded assembly
- Finished resetting the current domain, in  1.423 seconds
Domain Reload Profiling: 2816ms
	BeginReloadAssembly (247ms)
		ExecutionOrderSort (0ms)
		DisableScriptedObjects (9ms)
		BackupInstance (0ms)
		ReleaseScriptingObjects (0ms)
		CreateAndSetChildDomain (36ms)
	RebuildCommonClasses (53ms)
	RebuildNativeTypeToScriptingClass (14ms)
	initialDomainReloadingComplete (67ms)
	LoadAllAssembliesAndSetupDomain (1012ms)
		LoadAssemblies (843ms)
		RebuildTransferFunctionScriptingTraits (0ms)
		AnalyzeDomain (310ms)
			TypeCache.Refresh (265ms)
				TypeCache.ScanAssembly (227ms)
			ScanForSourceGeneratedMonoScriptInfo (35ms)
			ResolveRequiredComponents (8ms)
	FinalizeReload (1424ms)
		ReleaseScriptCaches (0ms)
		RebuildScriptCaches (0ms)
		SetupLoadedEditorAssemblies (943ms)
			LogAssemblyErrors (0ms)
			InitializePlatformSupportModulesInManaged (19ms)
			SetLoadedEditorAssemblies (12ms)
			RefreshPlugins (0ms)
			BeforeProcessingInitializeOnLoad (157ms)
			ProcessInitializeOnLoadAttributes (673ms)
			ProcessInitializeOnLoadMethodAttributes (69ms)
			AfterProcessingInitializeOnLoad (14ms)
			EditorAssembliesLoaded (0ms)
		ExecutionOrderSort2 (0ms)
		AwakeInstancesAfterBackupRestoration (13ms)
Failed to load shader (instanceID 416, GUID bedd19944f451ba4d83e7ed69be98d5c)
Failed to load shader (instanceID 418, GUID 9c442dc870b456e48b615cd8add0e9ef)
Failed to load shader (instanceID 412, GUID 603d454d711fe784cba9ce08dd22b881)
Failed to load shader (instanceID 408, GUID 0a8f4dcd626bcd14bbbfa5a5e116b16e)
Launched and connected shader compiler UnityShaderCompiler.exe after 0.07 seconds
Refreshing native plugins compatible for Editor in 7.88 ms, found 4 plugins.
Preloading 0 native plugins for Editor in 0.00 ms.
Unloading 1020 Unused Serialized files (Serialized files now loaded: 0)
Unloading 31 unused Assets / (109.4 KB). Loaded Objects now: 1487.
Memory consumption went from 91.5 MB to 91.4 MB.
Total: 4.321200 ms (FindLiveObjects: 0.131300 ms CreateObjectMapping: 0.034600 ms MarkObjects: 3.969200 ms  DeleteObjects: 0.184300 ms)

AssetImportParameters requested are different than current active one (requested -> active):
  custom:container-demuxer-ogg: 62fdf1f143b41e24485cea50d1cbac27 -> 
  custom:video-decoder-ogg-theora: a1e56fd34408186e4bbccfd4996cb3dc -> 
  custom:framework-win-MediaFoundation: 216162199b28c13a410421893ffa2e32 -> 
  custom:CustomObjectIndexerAttribute: 6d391050e5a25f67b0a2c618074f2cd9 -> 
  custom:container-demuxer-webm: 4f35f7cbe854078d1ac9338744f61a02 -> 
  custom:container-muxer-webm: aa71ff27fc2769a1b78a27578f13a17b -> 
  custom:video-decoder-webm-vp8: 9c59270c3fd7afecdb556c50c9e8de78 -> 
  custom:SearchIndexIgnoredProperties: e643bd26f0fe6173181afceb89e7c659 -> 
  custom:AudioImporter_EditorPlatform: d09bf68614088b80899f8185d706f6e7 -> 
  custom:video-encoder-webm-vp8: eb34c28f22e8b96e1ab97ce403110664 -> 
  custom:audio-decoder-ogg-vorbis: bf7c407c2cedff20999df2af8eb42d56 -> 
  custom:audio-encoder-webm-vorbis: bf7c407c2cedff20999df2af8eb42d56 -> 
========================================================================
Received Import Request.
  Time since last request: 80184.358606 seconds.
  path: Assets/DownloadedContent/Characters/Fire_Elementals_fire_knight_FREE_v1.1/png/01_idle
  artifactKey: Guid(76eae90c4e9e74f29b7382812286bef7) Importer(815301076,1909f56bfc062723c751e8b465ee728b)
Start importing Assets/DownloadedContent/Characters/Fire_Elementals_fire_knight_FREE_v1.1/png/01_idle using Guid(76eae90c4e9e74f29b7382812286bef7) Importer(815301076,1909f56bfc062723c751e8b465ee728b)  -> (artifact id: '34fd4567c0336d2ec4ff841994aef6ee') in 0.004548 seconds
Number of updated asset objects reloaded before import = 0
Number of asset objects unloaded after import = 0
========================================================================
Received Import Request.
  Time since last request: 0.069185 seconds.
  path: Assets/DownloadedContent/Characters/Fire_Elementals_fire_knight_FREE_v1.1/png/01_idle/idle_1.png
  artifactKey: Guid(6a45f0f73e31851e28cd14a3e0e1f3f7) Importer(815301076,1909f56bfc062723c751e8b465ee728b)
Start importing Assets/DownloadedContent/Characters/Fire_Elementals_fire_knight_FREE_v1.1/png/01_idle/idle_1.png using Guid(6a45f0f73e31851e28cd14a3e0e1f3f7) Importer(815301076,1909f56bfc062723c751e8b465ee728b)  -> (artifact id: '1fa3e81d7ab8f22fecda149c2d59312c') in 0.277465 seconds
Number of updated asset objects reloaded before import = 0
Number of asset objects unloaded after import = 3
========================================================================
Received Import Request.
  Time since last request: 0.000064 seconds.
  path: Assets/DownloadedContent/Characters/Fire_Elementals_fire_knight_FREE_v1.1/png/01_idle/idle_8.png
  artifactKey: Guid(b6edf35b5f2a18d319696c916670e8ff) Importer(815301076,1909f56bfc062723c751e8b465ee728b)
Start importing Assets/DownloadedContent/Characters/Fire_Elementals_fire_knight_FREE_v1.1/png/01_idle/idle_8.png using Guid(b6edf35b5f2a18d319696c916670e8ff) Importer(815301076,1909f56bfc062723c751e8b465ee728b)  -> (artifact id: '49ea0c864953323255acb70afadef5f7') in 0.038462 seconds
Number of updated asset objects reloaded before import = 0
Number of asset objects unloaded after import = 3
========================================================================
Received Import Request.
  Time since last request: 0.000097 seconds.
  path: Assets/DownloadedContent/Characters/Fire_Elementals_fire_knight_FREE_v1.1/png/01_idle/idle_6.png
  artifactKey: Guid(01d2ca8d9f1a93226b335ce16e8c3e97) Importer(815301076,1909f56bfc062723c751e8b465ee728b)
Start importing Assets/DownloadedContent/Characters/Fire_Elementals_fire_knight_FREE_v1.1/png/01_idle/idle_6.png using Guid(01d2ca8d9f1a93226b335ce16e8c3e97) Importer(815301076,1909f56bfc062723c751e8b465ee728b)  -> (artifact id: '4866e49cfc87213f3eecba41eb1ffdd6') in 0.052199 seconds
Number of updated asset objects reloaded before import = 0
Number of asset objects unloaded after import = 3
========================================================================
Received Import Request.
  Time since last request: 22.110063 seconds.
  path: Assets/DownloadedContent/Characters/Fire_Elementals_fire_knight_FREE_v1.1/png/02_run
  artifactKey: Guid(ddf6607cf05f645dc86b74bf473d12fd) Importer(815301076,1909f56bfc062723c751e8b465ee728b)
Start importing Assets/DownloadedContent/Characters/Fire_Elementals_fire_knight_FREE_v1.1/png/02_run using Guid(ddf6607cf05f645dc86b74bf473d12fd) Importer(815301076,1909f56bfc062723c751e8b465ee728b)  -> (artifact id: 'd540f7a551b36a9896d389d41fb0ec6f') in 0.001839 seconds
Number of updated asset objects reloaded before import = 0
Number of asset objects unloaded after import = 0
========================================================================
Received Import Request.
  Time since last request: 0.065309 seconds.
  path: Assets/DownloadedContent/Characters/Fire_Elementals_fire_knight_FREE_v1.1/png/02_run/run_1.png
  artifactKey: Guid(45ecaac954c414f5f886313da5112e0d) Importer(815301076,1909f56bfc062723c751e8b465ee728b)
Start importing Assets/DownloadedContent/Characters/Fire_Elementals_fire_knight_FREE_v1.1/png/02_run/run_1.png using Guid(45ecaac954c414f5f886313da5112e0d) Importer(815301076,1909f56bfc062723c751e8b465ee728b)  -> (artifact id: '980e5b8f5771b4316042384729ddf059') in 0.067021 seconds
Number of updated asset objects reloaded before import = 0
Number of asset objects unloaded after import = 3
========================================================================
Received Import Request.
  Time since last request: 0.000225 seconds.
  path: Assets/DownloadedContent/Characters/Fire_Elementals_fire_knight_FREE_v1.1/png/02_run/run_7.png
  artifactKey: Guid(e6b238248dcf84550915c8bbfbffc29e) Importer(815301076,1909f56bfc062723c751e8b465ee728b)
Start importing Assets/DownloadedContent/Characters/Fire_Elementals_fire_knight_FREE_v1.1/png/02_run/run_7.png using Guid(e6b238248dcf84550915c8bbfbffc29e) Importer(815301076,1909f56bfc062723c751e8b465ee728b)  -> (artifact id: '4bf439b42b92c262321198cb1bbf30d4') in 0.040391 seconds
Number of updated asset objects reloaded before import = 0
Number of asset objects unloaded after import = 3
========================================================================
Received Import Request.
  Time since last request: 0.000044 seconds.
  path: Assets/DownloadedContent/Characters/Fire_Elementals_fire_knight_FREE_v1.1/png/02_run/run_4.png
  artifactKey: Guid(78da9072156157089887c9c374728dd8) Importer(815301076,1909f56bfc062723c751e8b465ee728b)
Start importing Assets/DownloadedContent/Characters/Fire_Elementals_fire_knight_FREE_v1.1/png/02_run/run_4.png using Guid(78da9072156157089887c9c374728dd8) Importer(815301076,1909f56bfc062723c751e8b465ee728b)  -> (artifact id: '759885a95cb49c024d99a3bd6fe77855') in 0.057298 seconds
Number of updated asset objects reloaded before import = 0
Number of asset objects unloaded after import = 3
========================================================================
Received Import Request.
  Time since last request: 0.000272 seconds.
  path: Assets/DownloadedContent/Characters/Fire_Elementals_fire_knight_FREE_v1.1/png/02_run/run_8.png
  artifactKey: Guid(ac73dab2d3151a9c399609f0621abfed) Importer(815301076,1909f56bfc062723c751e8b465ee728b)
Start importing Assets/DownloadedContent/Characters/Fire_Elementals_fire_knight_FREE_v1.1/png/02_run/run_8.png using Guid(ac73dab2d3151a9c399609f0621abfed) Importer(815301076,1909f56bfc062723c751e8b465ee728b)  -> (artifact id: '23d297301461005aa1db73c17447f051') in 0.040816 seconds
Number of updated asset objects reloaded before import = 0
Number of asset objects unloaded after import = 3
========================================================================
Received Import Request.
  Time since last request: 2.386455 seconds.
  path: Assets/DownloadedContent/Characters/Fire_Elementals_fire_knight_FREE_v1.1/png/03_jump
  artifactKey: Guid(3029f5b67a540b20cb5e435e2383d43f) Importer(815301076,1909f56bfc062723c751e8b465ee728b)
Start importing Assets/DownloadedContent/Characters/Fire_Elementals_fire_knight_FREE_v1.1/png/03_jump using Guid(3029f5b67a540b20cb5e435e2383d43f) Importer(815301076,1909f56bfc062723c751e8b465ee728b)  -> (artifact id: '3248f75e0f02e2d14f021114c9ab8454') in 0.000893 seconds
Number of updated asset objects reloaded before import = 0
Number of asset objects unloaded after import = 0
========================================================================
Received Import Request.
  Time since last request: 0.234975 seconds.
  path: Assets/DownloadedContent/Characters/Fire_Elementals_fire_knight_FREE_v1.1/png/03_jump/jump_1.png
  artifactKey: Guid(ccc2d2412a3e2fb44b4f97df4715ea71) Importer(815301076,1909f56bfc062723c751e8b465ee728b)
Start importing Assets/DownloadedContent/Characters/Fire_Elementals_fire_knight_FREE_v1.1/png/03_jump/jump_1.png using Guid(ccc2d2412a3e2fb44b4f97df4715ea71) Importer(815301076,1909f56bfc062723c751e8b465ee728b)  -> (artifact id: 'a52f6b4be5ad39f7269a01b73ba8029c') in 0.024698 seconds
Number of updated asset objects reloaded before import = 0
Number of asset objects unloaded after import = 3
========================================================================
Received Import Request.
  Time since last request: 0.000026 seconds.
  path: Assets/DownloadedContent/Characters/Fire_Elementals_fire_knight_FREE_v1.1/png/03_jump/jump_9.png
  artifactKey: Guid(b57630794a2e7b705b8d5f8a3eeadc18) Importer(815301076,1909f56bfc062723c751e8b465ee728b)
Start importing Assets/DownloadedContent/Characters/Fire_Elementals_fire_knight_FREE_v1.1/png/03_jump/jump_9.png using Guid(b57630794a2e7b705b8d5f8a3eeadc18) Importer(815301076,1909f56bfc062723c751e8b465ee728b)  -> (artifact id: 'dbbe41bc4d1fd8ba438d6285dba6126a') in 0.030148 seconds
Number of updated asset objects reloaded before import = 0
Number of asset objects unloaded after import = 3
========================================================================
Received Import Request.
  Time since last request: 0.000032 seconds.
  path: Assets/DownloadedContent/Characters/Fire_Elementals_fire_knight_FREE_v1.1/png/03_jump/jump_18.png
  artifactKey: Guid(69e84561772230eb686eb3e7c413e3c5) Importer(815301076,1909f56bfc062723c751e8b465ee728b)
Start importing Assets/DownloadedContent/Characters/Fire_Elementals_fire_knight_FREE_v1.1/png/03_jump/jump_18.png using Guid(69e84561772230eb686eb3e7c413e3c5) Importer(815301076,1909f56bfc062723c751e8b465ee728b)  -> (artifact id: '0a95750b4fe6e0ed58fc6450859ed0e4') in 0.061124 seconds
Number of updated asset objects reloaded before import = 0
Number of asset objects unloaded after import = 3
========================================================================
Received Import Request.
  Time since last request: 0.000028 seconds.
  path: Assets/DownloadedContent/Characters/Fire_Elementals_fire_knight_FREE_v1.1/png/03_jump/jump_14.png
  artifactKey: Guid(3642caeeb53bb1948a365b8e32b9ca54) Importer(815301076,1909f56bfc062723c751e8b465ee728b)
Start importing Assets/DownloadedContent/Characters/Fire_Elementals_fire_knight_FREE_v1.1/png/03_jump/jump_14.png using Guid(3642caeeb53bb1948a365b8e32b9ca54) Importer(815301076,1909f56bfc062723c751e8b465ee728b)  -> (artifact id: '53bfa20eb3de63db46e90aa4de861b61') in 0.048935 seconds
Number of updated asset objects reloaded before import = 0
Number of asset objects unloaded after import = 3
========================================================================
Received Import Request.
  Time since last request: 0.000071 seconds.
  path: Assets/DownloadedContent/Characters/Fire_Elementals_fire_knight_FREE_v1.1/png/03_jump/jump_11.png
  artifactKey: Guid(8a723f04f1431a366b8f076ed0752667) Importer(815301076,1909f56bfc062723c751e8b465ee728b)
Start importing Assets/DownloadedContent/Characters/Fire_Elementals_fire_knight_FREE_v1.1/png/03_jump/jump_11.png using Guid(8a723f04f1431a366b8f076ed0752667) Importer(815301076,1909f56bfc062723c751e8b465ee728b)  -> (artifact id: '3cc019282d4f8cc3665e2b2c5524b5b0') in 0.044224 seconds
Number of updated asset objects reloaded before import = 0
Number of asset objects unloaded after import = 3
========================================================================
Received Import Request.
  Time since last request: 0.000033 seconds.
  path: Assets/DownloadedContent/Characters/Fire_Elementals_fire_knight_FREE_v1.1/png/03_jump/jump_20.png
  artifactKey: Guid(6a04063a394c2af7e83bffa168e9b9ac) Importer(815301076,1909f56bfc062723c751e8b465ee728b)
Start importing Assets/DownloadedContent/Characters/Fire_Elementals_fire_knight_FREE_v1.1/png/03_jump/jump_20.png using Guid(6a04063a394c2af7e83bffa168e9b9ac) Importer(815301076,1909f56bfc062723c751e8b465ee728b)  -> (artifact id: '38e939384d2c735d1921a4ae4163c76c') in 0.061729 seconds
Number of updated asset objects reloaded before import = 0
Number of asset objects unloaded after import = 3
========================================================================
Received Import Request.
  Time since last request: 0.000034 seconds.
  path: Assets/DownloadedContent/Characters/Fire_Elementals_fire_knight_FREE_v1.1/png/03_jump/jump_4.png
  artifactKey: Guid(104589a63054ba6b6bbd5448b3f1501e) Importer(815301076,1909f56bfc062723c751e8b465ee728b)
Start importing Assets/DownloadedContent/Characters/Fire_Elementals_fire_knight_FREE_v1.1/png/03_jump/jump_4.png using Guid(104589a63054ba6b6bbd5448b3f1501e) Importer(815301076,1909f56bfc062723c751e8b465ee728b)  -> (artifact id: '774968dff71b65e2db97bcb06457b178') in 0.038377 seconds
Number of updated asset objects reloaded before import = 0
Number of asset objects unloaded after import = 3
========================================================================
Received Import Request.
  Time since last request: 0.000028 seconds.
  path: Assets/DownloadedContent/Characters/Fire_Elementals_fire_knight_FREE_v1.1/png/03_jump/jump_5.png
  artifactKey: Guid(e00f57fa3382e15ceafc8c4a58e3670c) Importer(815301076,1909f56bfc062723c751e8b465ee728b)
Start importing Assets/DownloadedContent/Characters/Fire_Elementals_fire_knight_FREE_v1.1/png/03_jump/jump_5.png using Guid(e00f57fa3382e15ceafc8c4a58e3670c) Importer(815301076,1909f56bfc062723c751e8b465ee728b)  -> (artifact id: '7f725224d56427c1674ffe139074f91b') in 0.064765 seconds
Number of updated asset objects reloaded before import = 0
Number of asset objects unloaded after import = 3
========================================================================
Received Import Request.
  Time since last request: 2.457504 seconds.
  path: Assets/DownloadedContent/Characters/Fire_Elementals_fire_knight_FREE_v1.1/png/04_roll
  artifactKey: Guid(6e0376bbc489bbdfa94872783d8325d3) Importer(815301076,1909f56bfc062723c751e8b465ee728b)
Start importing Assets/DownloadedContent/Characters/Fire_Elementals_fire_knight_FREE_v1.1/png/04_roll using Guid(6e0376bbc489bbdfa94872783d8325d3) Importer(815301076,1909f56bfc062723c751e8b465ee728b)  -> (artifact id: '82ed8171147358abc2e32301a550b438') in 0.001007 seconds
Number of updated asset objects reloaded before import = 0
Number of asset objects unloaded after import = 0
========================================================================
Received Import Request.
  Time since last request: 0.049828 seconds.
  path: Assets/DownloadedContent/Characters/Fire_Elementals_fire_knight_FREE_v1.1/png/04_roll/roll_1.png
  artifactKey: Guid(ef4a135bb03f080e4b823881cda3fd64) Importer(815301076,1909f56bfc062723c751e8b465ee728b)
Start importing Assets/DownloadedContent/Characters/Fire_Elementals_fire_knight_FREE_v1.1/png/04_roll/roll_1.png using Guid(ef4a135bb03f080e4b823881cda3fd64) Importer(815301076,1909f56bfc062723c751e8b465ee728b)  -> (artifact id: '3f063be4dcba7ab6e2bf68b9dec48b7b') in 0.077582 seconds
Number of updated asset objects reloaded before import = 0
Number of asset objects unloaded after import = 3
========================================================================
Received Import Request.
  Time since last request: 0.000037 seconds.
  path: Assets/DownloadedContent/Characters/Fire_Elementals_fire_knight_FREE_v1.1/png/04_roll/roll_4.png
  artifactKey: Guid(f9fd03fbdc9486e9e8b06d527cb3ee98) Importer(815301076,1909f56bfc062723c751e8b465ee728b)
Start importing Assets/DownloadedContent/Characters/Fire_Elementals_fire_knight_FREE_v1.1/png/04_roll/roll_4.png using Guid(f9fd03fbdc9486e9e8b06d527cb3ee98) Importer(815301076,1909f56bfc062723c751e8b465ee728b)  -> (artifact id: '1fdcc09ea2895d23db1696bf07d6484b') in 0.066404 seconds
Number of updated asset objects reloaded before import = 0
Number of asset objects unloaded after import = 3
========================================================================
Received Import Request.
  Time since last request: 0.000033 seconds.
  path: Assets/DownloadedContent/Characters/Fire_Elementals_fire_knight_FREE_v1.1/png/04_roll/roll_8.png
  artifactKey: Guid(241cb10bda0d1ec64882af9ffb402310) Importer(815301076,1909f56bfc062723c751e8b465ee728b)
Start importing Assets/DownloadedContent/Characters/Fire_Elementals_fire_knight_FREE_v1.1/png/04_roll/roll_8.png using Guid(241cb10bda0d1ec64882af9ffb402310) Importer(815301076,1909f56bfc062723c751e8b465ee728b)  -> (artifact id: '9122066d4b4bb35a6ac136253030ca69') in 0.048061 seconds
Number of updated asset objects reloaded before import = 0
Number of asset objects unloaded after import = 3
========================================================================
Received Import Request.
  Time since last request: 17.489694 seconds.
  path: Assets/DownloadedContent/Characters/Fire_Elementals_fire_knight_FREE_v1.1/png/09_defend
  artifactKey: Guid(53d3911fd33b72c9a925eccb8e564176) Importer(815301076,1909f56bfc062723c751e8b465ee728b)
Start importing Assets/DownloadedContent/Characters/Fire_Elementals_fire_knight_FREE_v1.1/png/09_defend using Guid(53d3911fd33b72c9a925eccb8e564176) Importer(815301076,1909f56bfc062723c751e8b465ee728b)  -> (artifact id: '1e0bd3c866369f9ab8c90c7a15d1d122') in 0.000847 seconds
Number of updated asset objects reloaded before import = 0
Number of asset objects unloaded after import = 0
========================================================================
Received Import Request.
  Time since last request: 0.048502 seconds.
  path: Assets/DownloadedContent/Characters/Fire_Elementals_fire_knight_FREE_v1.1/png/09_defend/defend_1.png
  artifactKey: Guid(68fb73ff8eaa0696a8c669369a7c5829) Importer(815301076,1909f56bfc062723c751e8b465ee728b)
Start importing Assets/DownloadedContent/Characters/Fire_Elementals_fire_knight_FREE_v1.1/png/09_defend/defend_1.png using Guid(68fb73ff8eaa0696a8c669369a7c5829) Importer(815301076,1909f56bfc062723c751e8b465ee728b)  -> (artifact id: 'ddb530684c8f214836ee39ac77af5539') in 0.020905 seconds
Number of updated asset objects reloaded before import = 0
Number of asset objects unloaded after import = 3
========================================================================
Received Import Request.
  Time since last request: 0.000135 seconds.
  path: Assets/DownloadedContent/Characters/Fire_Elementals_fire_knight_FREE_v1.1/png/09_defend/defend_4.png
  artifactKey: Guid(934ed5ea1804a0480b586ea56c52f91e) Importer(815301076,1909f56bfc062723c751e8b465ee728b)
Start importing Assets/DownloadedContent/Characters/Fire_Elementals_fire_knight_FREE_v1.1/png/09_defend/defend_4.png using Guid(934ed5ea1804a0480b586ea56c52f91e) Importer(815301076,1909f56bfc062723c751e8b465ee728b)  -> (artifact id: 'ed4c7187edb66b1696b9e5e888f33669') in 0.036421 seconds
Number of updated asset objects reloaded before import = 0
Number of asset objects unloaded after import = 3
========================================================================
Received Import Request.
  Time since last request: 0.000886 seconds.
  path: Assets/DownloadedContent/Characters/Fire_Elementals_fire_knight_FREE_v1.1/png/09_defend/defend_10.png
  artifactKey: Guid(a49af3b9fb438dbe79f5ecca3817e48c) Importer(815301076,1909f56bfc062723c751e8b465ee728b)
Start importing Assets/DownloadedContent/Characters/Fire_Elementals_fire_knight_FREE_v1.1/png/09_defend/defend_10.png using Guid(a49af3b9fb438dbe79f5ecca3817e48c) Importer(815301076,1909f56bfc062723c751e8b465ee728b)  -> (artifact id: 'ae2aac209b0f02aa34c6f43c3d7e7cb8') in 0.041984 seconds
Number of updated asset objects reloaded before import = 0
Number of asset objects unloaded after import = 3
========================================================================
Received Import Request.
  Time since last request: 0.000056 seconds.
  path: Assets/DownloadedContent/Characters/Fire_Elementals_fire_knight_FREE_v1.1/png/09_defend/defend_9.png
  artifactKey: Guid(390c8ab4b814b9aa4b78a63125f4e969) Importer(815301076,1909f56bfc062723c751e8b465ee728b)
Start importing Assets/DownloadedContent/Characters/Fire_Elementals_fire_knight_FREE_v1.1/png/09_defend/defend_9.png using Guid(390c8ab4b814b9aa4b78a63125f4e969) Importer(815301076,1909f56bfc062723c751e8b465ee728b)  -> (artifact id: '9dfd67179faed8c32243fe2f18f4e4ef') in 0.051970 seconds
Number of updated asset objects reloaded before import = 0
Number of asset objects unloaded after import = 3
========================================================================
Received Import Request.
  Time since last request: 40.293924 seconds.
  path: Assets/DownloadedContent/Characters/Ground_Elementals_ground_monk_FREE_v1.3/png/idle
  artifactKey: Guid(650136acca11f6843bfcf382ffb72adb) Importer(815301076,1909f56bfc062723c751e8b465ee728b)
Start importing Assets/DownloadedContent/Characters/Ground_Elementals_ground_monk_FREE_v1.3/png/idle using Guid(650136acca11f6843bfcf382ffb72adb) Importer(815301076,1909f56bfc062723c751e8b465ee728b)  -> (artifact id: '1dcdad6031a958f43e5fbc7d12636aa2') in 0.000888 seconds
Number of updated asset objects reloaded before import = 0
Number of asset objects unloaded after import = 0
========================================================================
Received Import Request.
  Time since last request: 0.080433 seconds.
  path: Assets/DownloadedContent/Characters/Ground_Elementals_ground_monk_FREE_v1.3/png/idle/idle_1.png
  artifactKey: Guid(b8fa0c2b473789446bd3a1c41ee58ccf) Importer(815301076,1909f56bfc062723c751e8b465ee728b)
Start importing Assets/DownloadedContent/Characters/Ground_Elementals_ground_monk_FREE_v1.3/png/idle/idle_1.png using Guid(b8fa0c2b473789446bd3a1c41ee58ccf) Importer(815301076,1909f56bfc062723c751e8b465ee728b)  -> (artifact id: 'ee2406bf64829123113f090fa51937f7') in 0.001364 seconds
Number of updated asset objects reloaded before import = 0
Number of asset objects unloaded after import = 0
========================================================================
Received Import Request.
  Time since last request: 0.000032 seconds.
  path: Assets/DownloadedContent/Characters/Ground_Elementals_ground_monk_FREE_v1.3/png/idle/idle_5.png
  artifactKey: Guid(4d56769ef8129ee4a83f590c4838624b) Importer(815301076,1909f56bfc062723c751e8b465ee728b)
Start importing Assets/DownloadedContent/Characters/Ground_Elementals_ground_monk_FREE_v1.3/png/idle/idle_5.png using Guid(4d56769ef8129ee4a83f590c4838624b) Importer(815301076,1909f56bfc062723c751e8b465ee728b)  -> (artifact id: '38c5b86ae085185fba5a74a299288cba') in 0.002065 seconds
Number of updated asset objects reloaded before import = 0
Number of asset objects unloaded after import = 0
========================================================================
Received Import Request.
  Time since last request: 16.685772 seconds.
  path: Assets/DownloadedContent/Characters/Ground_Elementals_ground_monk_FREE_v1.3/gifs
  artifactKey: Guid(c84cc27057e30464f822af7c91993238) Importer(815301076,1909f56bfc062723c751e8b465ee728b)
Start importing Assets/DownloadedContent/Characters/Ground_Elementals_ground_monk_FREE_v1.3/gifs using Guid(c84cc27057e30464f822af7c91993238) Importer(815301076,1909f56bfc062723c751e8b465ee728b)  -> (artifact id: '5e34f94baa58392f4a42bf779f4b2dab') in 0.001135 seconds
Number of updated asset objects reloaded before import = 0
Number of asset objects unloaded after import = 0
========================================================================
Received Import Request.
  Time since last request: 0.071841 seconds.
  path: Assets/DownloadedContent/Characters/Ground_Elementals_ground_monk_FREE_v1.3/gifs/02_run.gif
  artifactKey: Guid(460692b029843d04a9dd8dd4a973b9c4) Importer(815301076,1909f56bfc062723c751e8b465ee728b)
Start importing Assets/DownloadedContent/Characters/Ground_Elementals_ground_monk_FREE_v1.3/gifs/02_run.gif using Guid(460692b029843d04a9dd8dd4a973b9c4) Importer(815301076,1909f56bfc062723c751e8b465ee728b)  -> (artifact id: '1fe201b147f415198a342aad6e287b81') in 0.001186 seconds
Number of updated asset objects reloaded before import = 0
Number of asset objects unloaded after import = 0
========================================================================
Received Import Request.
  Time since last request: 0.000100 seconds.
  path: Assets/DownloadedContent/Characters/Ground_Elementals_ground_monk_FREE_v1.3/gifs/06_2_atk.gif
  artifactKey: Guid(504c03e7775224a47b041d3510e5ec03) Importer(815301076,1909f56bfc062723c751e8b465ee728b)
Start importing Assets/DownloadedContent/Characters/Ground_Elementals_ground_monk_FREE_v1.3/gifs/06_2_atk.gif using Guid(504c03e7775224a47b041d3510e5ec03) Importer(815301076,1909f56bfc062723c751e8b465ee728b)  -> (artifact id: '987e96e1496dc720183f61669a7ead10') in 0.001484 seconds
Number of updated asset objects reloaded before import = 0
Number of asset objects unloaded after import = 0
========================================================================
Received Import Request.
  Time since last request: 0.000022 seconds.
  path: Assets/DownloadedContent/Characters/Ground_Elementals_ground_monk_FREE_v1.3/gifs/05_1_atk.gif
  artifactKey: Guid(a800fa19163260d4397823162335f3bb) Importer(815301076,1909f56bfc062723c751e8b465ee728b)
Start importing Assets/DownloadedContent/Characters/Ground_Elementals_ground_monk_FREE_v1.3/gifs/05_1_atk.gif using Guid(a800fa19163260d4397823162335f3bb) Importer(815301076,1909f56bfc062723c751e8b465ee728b)  -> (artifact id: '0d83205f3ee441c8e3df4b3857f17f18') in 0.001049 seconds
Number of updated asset objects reloaded before import = 0
Number of asset objects unloaded after import = 0
========================================================================
Received Import Request.
  Time since last request: 0.000370 seconds.
  path: Assets/DownloadedContent/Characters/Ground_Elementals_ground_monk_FREE_v1.3/gifs/09_meditate.gif
  artifactKey: Guid(f927bccf0be60fb4f87987068036427c) Importer(815301076,1909f56bfc062723c751e8b465ee728b)
Start importing Assets/DownloadedContent/Characters/Ground_Elementals_ground_monk_FREE_v1.3/gifs/09_meditate.gif using Guid(f927bccf0be60fb4f87987068036427c) Importer(815301076,1909f56bfc062723c751e8b465ee728b)  -> (artifact id: '4336b02d739a379a65106a764da51b97') in 0.029164 seconds
Number of updated asset objects reloaded before import = 0
Number of asset objects unloaded after import = 3
========================================================================
Received Import Request.
  Time since last request: 0.000178 seconds.
  path: Assets/DownloadedContent/Characters/Ground_Elementals_ground_monk_FREE_v1.3/gifs/13_death.gif
  artifactKey: Guid(17e131786fec30945a8e936263b49bea) Importer(815301076,1909f56bfc062723c751e8b465ee728b)
Start importing Assets/DownloadedContent/Characters/Ground_Elementals_ground_monk_FREE_v1.3/gifs/13_death.gif using Guid(17e131786fec30945a8e936263b49bea) Importer(815301076,1909f56bfc062723c751e8b465ee728b)  -> (artifact id: '5ca618ceb3ff84e338ba3d9492c483eb') in 0.002111 seconds
Number of updated asset objects reloaded before import = 0
Number of asset objects unloaded after import = 0
========================================================================
Received Import Request.
  Time since last request: 0.000032 seconds.
  path: Assets/DownloadedContent/Characters/Ground_Elementals_ground_monk_FREE_v1.3/gifs/12_take_hit.gif
  artifactKey: Guid(3142472120642c3478c56cb4a026b783) Importer(815301076,1909f56bfc062723c751e8b465ee728b)
Start importing Assets/DownloadedContent/Characters/Ground_Elementals_ground_monk_FREE_v1.3/gifs/12_take_hit.gif using Guid(3142472120642c3478c56cb4a026b783) Importer(815301076,1909f56bfc062723c751e8b465ee728b)  -> (artifact id: 'a960e69f7059d9b9ab8418f766c7195e') in 0.036558 seconds
Number of updated asset objects reloaded before import = 0
Number of asset objects unloaded after import = 3
========================================================================
Received Import Request.
  Time since last request: 3.095922 seconds.
  path: Assets/DownloadedContent/Characters/Ground_Elementals_ground_monk_FREE_v1.3/png/3_atk
  artifactKey: Guid(131401a9f9142c646bb7fd957e3239f2) Importer(815301076,1909f56bfc062723c751e8b465ee728b)
Start importing Assets/DownloadedContent/Characters/Ground_Elementals_ground_monk_FREE_v1.3/png/3_atk using Guid(131401a9f9142c646bb7fd957e3239f2) Importer(815301076,1909f56bfc062723c751e8b465ee728b)  -> (artifact id: '59c2f4ba9cbeccf22c65b698c7917fe2') in 0.000794 seconds
Number of updated asset objects reloaded before import = 0
Number of asset objects unloaded after import = 0
========================================================================
Received Import Request.
  Time since last request: 0.490159 seconds.
  path: Assets/DownloadedContent/Characters/Ground_Elementals_ground_monk_FREE_v1.3/png/3_atk/3_atk_1.png
  artifactKey: Guid(2067a5ae4733e964285447fc5a413520) Importer(815301076,1909f56bfc062723c751e8b465ee728b)
Start importing Assets/DownloadedContent/Characters/Ground_Elementals_ground_monk_FREE_v1.3/png/3_atk/3_atk_1.png using Guid(2067a5ae4733e964285447fc5a413520) Importer(815301076,1909f56bfc062723c751e8b465ee728b)  -> (artifact id: '065fe09b206155c38b2e72d14c68f308') in 0.021204 seconds
Number of updated asset objects reloaded before import = 0
Number of asset objects unloaded after import = 3
========================================================================
Received Import Request.
  Time since last request: 0.000031 seconds.
  path: Assets/DownloadedContent/Characters/Ground_Elementals_ground_monk_FREE_v1.3/png/3_atk/3_atk_7.png
  artifactKey: Guid(629446c900d14ea49aef4c15f92ce054) Importer(815301076,1909f56bfc062723c751e8b465ee728b)
Start importing Assets/DownloadedContent/Characters/Ground_Elementals_ground_monk_FREE_v1.3/png/3_atk/3_atk_7.png using Guid(629446c900d14ea49aef4c15f92ce054) Importer(815301076,1909f56bfc062723c751e8b465ee728b)  -> (artifact id: '724835dfc61c4288f18ab1b8fb03e994') in 0.022825 seconds
Number of updated asset objects reloaded before import = 0
Number of asset objects unloaded after import = 3
========================================================================
Received Import Request.
  Time since last request: 0.000030 seconds.
  path: Assets/DownloadedContent/Characters/Ground_Elementals_ground_monk_FREE_v1.3/png/3_atk/3_atk_13.png
  artifactKey: Guid(8d81bbd8d974d9945a89a7a335c3d705) Importer(815301076,1909f56bfc062723c751e8b465ee728b)
Start importing Assets/DownloadedContent/Characters/Ground_Elementals_ground_monk_FREE_v1.3/png/3_atk/3_atk_13.png using Guid(8d81bbd8d974d9945a89a7a335c3d705) Importer(815301076,1909f56bfc062723c751e8b465ee728b)  -> (artifact id: '1305f0c39fab1296e74e28ab4775514e') in 0.108514 seconds
Number of updated asset objects reloaded before import = 0
Number of asset objects unloaded after import = 3
========================================================================
Received Import Request.
  Time since last request: 0.000092 seconds.
  path: Assets/DownloadedContent/Characters/Ground_Elementals_ground_monk_FREE_v1.3/png/3_atk/3_atk_17.png
  artifactKey: Guid(15cac0417137ce44ab51ff341b0bf040) Importer(815301076,1909f56bfc062723c751e8b465ee728b)
Start importing Assets/DownloadedContent/Characters/Ground_Elementals_ground_monk_FREE_v1.3/png/3_atk/3_atk_17.png using Guid(15cac0417137ce44ab51ff341b0bf040) Importer(815301076,1909f56bfc062723c751e8b465ee728b)  -> (artifact id: '0890c35dc39552027ee5c2588fc3c646') in 0.053166 seconds
Number of updated asset objects reloaded before import = 0
Number of asset objects unloaded after import = 3
========================================================================
Received Import Request.
  Time since last request: 0.000045 seconds.
  path: Assets/DownloadedContent/Characters/Ground_Elementals_ground_monk_FREE_v1.3/png/3_atk/3_atk_15.png
  artifactKey: Guid(67345ed2a08303940bfcb53c78d50793) Importer(815301076,1909f56bfc062723c751e8b465ee728b)
Start importing Assets/DownloadedContent/Characters/Ground_Elementals_ground_monk_FREE_v1.3/png/3_atk/3_atk_15.png using Guid(67345ed2a08303940bfcb53c78d50793) Importer(815301076,1909f56bfc062723c751e8b465ee728b)  -> (artifact id: '303d98392df54d03b52da52764264043') in 0.052673 seconds
Number of updated asset objects reloaded before import = 0
Number of asset objects unloaded after import = 3
========================================================================
Received Import Request.
  Time since last request: 0.000058 seconds.
  path: Assets/DownloadedContent/Characters/Ground_Elementals_ground_monk_FREE_v1.3/png/3_atk/3_atk_23.png
  artifactKey: Guid(49b3d3112c8f509408280ffb4d8a28e5) Importer(815301076,1909f56bfc062723c751e8b465ee728b)
Start importing Assets/DownloadedContent/Characters/Ground_Elementals_ground_monk_FREE_v1.3/png/3_atk/3_atk_23.png using Guid(49b3d3112c8f509408280ffb4d8a28e5) Importer(815301076,1909f56bfc062723c751e8b465ee728b)  -> (artifact id: 'fa5b22507002e94de190ac21edb39925') in 0.045466 seconds
Number of updated asset objects reloaded before import = 0
Number of asset objects unloaded after import = 3
========================================================================
Received Import Request.
  Time since last request: 0.000039 seconds.
  path: Assets/DownloadedContent/Characters/Ground_Elementals_ground_monk_FREE_v1.3/png/3_atk/3_atk_9.png
  artifactKey: Guid(80597df1f49d80f41aa12f9d322d11a0) Importer(815301076,1909f56bfc062723c751e8b465ee728b)
Start importing Assets/DownloadedContent/Characters/Ground_Elementals_ground_monk_FREE_v1.3/png/3_atk/3_atk_9.png using Guid(80597df1f49d80f41aa12f9d322d11a0) Importer(815301076,1909f56bfc062723c751e8b465ee728b)  -> (artifact id: '49435950ec87419187fe0c72abdbadf9') in 0.047368 seconds
Number of updated asset objects reloaded before import = 0
Number of asset objects unloaded after import = 3
========================================================================
Received Import Request.
  Time since last request: 0.000043 seconds.
  path: Assets/DownloadedContent/Characters/Ground_Elementals_ground_monk_FREE_v1.3/png/3_atk/3_atk_18.png
  artifactKey: Guid(545e5bb6cd25eb349861e57be7815883) Importer(815301076,1909f56bfc062723c751e8b465ee728b)
Start importing Assets/DownloadedContent/Characters/Ground_Elementals_ground_monk_FREE_v1.3/png/3_atk/3_atk_18.png using Guid(545e5bb6cd25eb349861e57be7815883) Importer(815301076,1909f56bfc062723c751e8b465ee728b)  -> (artifact id: '1983584bb8cfa77cdc4cf08c4c5e4add') in 0.040690 seconds
Number of updated asset objects reloaded before import = 0
Number of asset objects unloaded after import = 3
========================================================================
Received Import Request.
  Time since last request: 0.000172 seconds.
  path: Assets/DownloadedContent/Characters/Ground_Elementals_ground_monk_FREE_v1.3/png/3_atk/3_atk_5.png
  artifactKey: Guid(7e4df302289434a47b093b053fc69a11) Importer(815301076,1909f56bfc062723c751e8b465ee728b)
Start importing Assets/DownloadedContent/Characters/Ground_Elementals_ground_monk_FREE_v1.3/png/3_atk/3_atk_5.png using Guid(7e4df302289434a47b093b053fc69a11) Importer(815301076,1909f56bfc062723c751e8b465ee728b)  -> (artifact id: 'bce630c40f16802399abf8ae2e1befef') in 0.050060 seconds
Number of updated asset objects reloaded before import = 0
Number of asset objects unloaded after import = 3
========================================================================
Received Import Request.
  Time since last request: 199.416910 seconds.
  path: Assets/DownloadedContent/Characters/Elementals_ground_monk_FREE_v1.3
  artifactKey: Guid(c7810db243c75d94b82608219fc96477) Importer(815301076,1909f56bfc062723c751e8b465ee728b)
Start importing Assets/DownloadedContent/Characters/Elementals_ground_monk_FREE_v1.3 using Guid(c7810db243c75d94b82608219fc96477) Importer(815301076,1909f56bfc062723c751e8b465ee728b)  -> (artifact id: 'c687e7381867403fb297b57b57ea836e') in 0.001191 seconds
Number of updated asset objects reloaded before import = 0
Number of asset objects unloaded after import = 0
========================================================================
Received Import Request.
  Time since last request: 3.409248 seconds.
  path: Assets/DownloadedContent/Characters/Elementals_ground_monk_FREE_v1.3/ground_monk.png
  artifactKey: Guid(29d95bf7f70720040b46f608c2039240) Importer(815301076,1909f56bfc062723c751e8b465ee728b)
Start importing Assets/DownloadedContent/Characters/Elementals_ground_monk_FREE_v1.3/ground_monk.png using Guid(29d95bf7f70720040b46f608c2039240) Importer(815301076,1909f56bfc062723c751e8b465ee728b)  -> (artifact id: '64bf79d6ff8f782d96a0a47d6ba0bf99') in 0.060694 seconds
Number of updated asset objects reloaded before import = 0
Number of asset objects unloaded after import = 3
========================================================================
Received Import Request.
  Time since last request: 0.000032 seconds.
  path: Assets/DownloadedContent/Characters/Elementals_ground_monk_FREE_v1.3/ground_monk_FREE_v1.3-SpriteSheet_288x128.png
  artifactKey: Guid(ff7d992bbc79e6a479f684d3fcf73632) Importer(815301076,1909f56bfc062723c751e8b465ee728b)
Start importing Assets/DownloadedContent/Characters/Elementals_ground_monk_FREE_v1.3/ground_monk_FREE_v1.3-SpriteSheet_288x128.png using Guid(ff7d992bbc79e6a479f684d3fcf73632) Importer(815301076,1909f56bfc062723c751e8b465ee728b)  -> (artifact id: '2899927947cf584ec2a0c1d7bfe2425f') in 0.062255 seconds
Number of updated asset objects reloaded before import = 0
Number of asset objects unloaded after import = 3
========================================================================
Received Import Request.
  Time since last request: 6.493117 seconds.
  path: Assets/DownloadedContent/Characters/Elementals_ground_monk_FREE_v1.3/png
  artifactKey: Guid(c2a9eee403586d84488adb2d0cabee90) Importer(815301076,1909f56bfc062723c751e8b465ee728b)
Start importing Assets/DownloadedContent/Characters/Elementals_ground_monk_FREE_v1.3/png using Guid(c2a9eee403586d84488adb2d0cabee90) Importer(815301076,1909f56bfc062723c751e8b465ee728b)  -> (artifact id: 'c5d811d8194d635bb4a8b7f06d4a82a3') in 0.000958 seconds
Number of updated asset objects reloaded before import = 0
Number of asset objects unloaded after import = 0
========================================================================
Received Import Request.
  Time since last request: 15.361350 seconds.
  path: Assets/DownloadedContent/Characters/Ground_monk_FREE_v1.3
  artifactKey: Guid(c7810db243c75d94b82608219fc96477) Importer(815301076,1909f56bfc062723c751e8b465ee728b)
Start importing Assets/DownloadedContent/Characters/Ground_monk_FREE_v1.3 using Guid(c7810db243c75d94b82608219fc96477) Importer(815301076,1909f56bfc062723c751e8b465ee728b)  -> (artifact id: '2f5d4b7a4263dfe900773c48c7647f63') in 0.000751 seconds
Number of updated asset objects reloaded before import = 0
Number of asset objects unloaded after import = 0
========================================================================
Received Import Request.
  Time since last request: 15.772261 seconds.
  path: Assets/DownloadedContent/Characters/Ground_monk_FREE_v1.3/png/1_atk
  artifactKey: Guid(854c19bf76dfd3543ab198bd3bcbc24c) Importer(815301076,1909f56bfc062723c751e8b465ee728b)
Start importing Assets/DownloadedContent/Characters/Ground_monk_FREE_v1.3/png/1_atk using Guid(854c19bf76dfd3543ab198bd3bcbc24c) Importer(815301076,1909f56bfc062723c751e8b465ee728b)  -> (artifact id: 'da5f0fdefcfa938df75e4cc7a81927ba') in 0.000771 seconds
Number of updated asset objects reloaded before import = 0
Number of asset objects unloaded after import = 0
========================================================================
Received Import Request.
  Time since last request: 1.556207 seconds.
  path: Assets/DownloadedContent/Characters/Ground_monk_FREE_v1.3/png/idle
  artifactKey: Guid(007fd589af312b9488d1a2d189c862fb) Importer(815301076,1909f56bfc062723c751e8b465ee728b)
Start importing Assets/DownloadedContent/Characters/Ground_monk_FREE_v1.3/png/idle using Guid(007fd589af312b9488d1a2d189c862fb) Importer(815301076,1909f56bfc062723c751e8b465ee728b)  -> (artifact id: 'd1f17e808007a67abfd26287a05882fc') in 0.000747 seconds
Number of updated asset objects reloaded before import = 0
Number of asset objects unloaded after import = 0
========================================================================
Received Import Request.
  Time since last request: 0.050597 seconds.
  path: Assets/DownloadedContent/Characters/Ground_monk_FREE_v1.3/png/idle/idle_1.png
  artifactKey: Guid(a0715354469b3cb4682ac7e4aa2f1f5d) Importer(815301076,1909f56bfc062723c751e8b465ee728b)
Start importing Assets/DownloadedContent/Characters/Ground_monk_FREE_v1.3/png/idle/idle_1.png using Guid(a0715354469b3cb4682ac7e4aa2f1f5d) Importer(815301076,1909f56bfc062723c751e8b465ee728b)  -> (artifact id: '485441e06a9c7da39072ca4a3470f72b') in 0.031051 seconds
Number of updated asset objects reloaded before import = 0
Number of asset objects unloaded after import = 3
========================================================================
Received Import Request.
  Time since last request: 0.000050 seconds.
  path: Assets/DownloadedContent/Characters/Ground_monk_FREE_v1.3/png/idle/idle_3.png
  artifactKey: Guid(c7cf32269a54ac5448625a1b9b050590) Importer(815301076,1909f56bfc062723c751e8b465ee728b)
Start importing Assets/DownloadedContent/Characters/Ground_monk_FREE_v1.3/png/idle/idle_3.png using Guid(c7cf32269a54ac5448625a1b9b050590) Importer(815301076,1909f56bfc062723c751e8b465ee728b)  -> (artifact id: '72c7e3aa11e99a35ddd91db753d6e49d') in 0.050909 seconds
Number of updated asset objects reloaded before import = 0
Number of asset objects unloaded after import = 3
========================================================================
Received Import Request.
  Time since last request: 0.000034 seconds.
  path: Assets/DownloadedContent/Characters/Ground_monk_FREE_v1.3/png/idle/idle_4.png
  artifactKey: Guid(8ee2839ccc107f742822c275cae758eb) Importer(815301076,1909f56bfc062723c751e8b465ee728b)
Start importing Assets/DownloadedContent/Characters/Ground_monk_FREE_v1.3/png/idle/idle_4.png using Guid(8ee2839ccc107f742822c275cae758eb) Importer(815301076,1909f56bfc062723c751e8b465ee728b)  -> (artifact id: 'd49f259e4be46ef1633f200fd092f58f') in 0.047660 seconds
Number of updated asset objects reloaded before import = 0
Number of asset objects unloaded after import = 3
========================================================================
Received Import Request.
  Time since last request: 55.366723 seconds.
  path: Assets/DownloadedContent/Characters/Ground_monk_FREE_v1.3/png/idle/idle_1.png
  artifactKey: Guid(a0715354469b3cb4682ac7e4aa2f1f5d) Importer(815301076,1909f56bfc062723c751e8b465ee728b)
Start importing Assets/DownloadedContent/Characters/Ground_monk_FREE_v1.3/png/idle/idle_1.png using Guid(a0715354469b3cb4682ac7e4aa2f1f5d) Importer(815301076,1909f56bfc062723c751e8b465ee728b)  -> (artifact id: '1cceec6baaf51d5b1711cf723d1bbd51') in 0.041971 seconds
Number of updated asset objects reloaded before import = 0
Number of asset objects unloaded after import = 3
========================================================================
Received Import Request.
  Time since last request: 0.000024 seconds.
  path: Assets/DownloadedContent/Characters/Ground_monk_FREE_v1.3/png/idle/idle_4.png
  artifactKey: Guid(8ee2839ccc107f742822c275cae758eb) Importer(815301076,1909f56bfc062723c751e8b465ee728b)
Start importing Assets/DownloadedContent/Characters/Ground_monk_FREE_v1.3/png/idle/idle_4.png using Guid(8ee2839ccc107f742822c275cae758eb) Importer(815301076,1909f56bfc062723c751e8b465ee728b)  -> (artifact id: '8fa765b23016eae0b7aebc6a2a9026fb') in 0.044125 seconds
Number of updated asset objects reloaded before import = 0
Number of asset objects unloaded after import = 3
Editor requested this worker to shutdown with reason: Scaling down because of idle timeout
TcpMessagingSession - receive error: operation aborted. errorcode: 995, details: La operacin de E/S se anul por una salida de subproceso o por una solicitud de aplicacin.
AssetImportWorker is now disconnected from the server
Process exiting
Exiting without the bug reporter. Application will terminate with return code 0